<?xml version="1.0" encoding="UTF-8"?>
<robot generator="Robot 6.0 (Python 3.10.8 on darwin)" generated="20221109 21:58:58.303" rpa="false" schemaversion="3">
<suite id="s1" name="0000 Api Testing" source="/Users/chuaqiyangkenneth/project123/kenneth_oppenheimer-project_assignment/Test/0000_Api_Testing">
<kw name="Open Website The Oppenheimer Project" library="resources" type="SETUP">
<kw name="Open Browser" library="SeleniumLibrary">
<arg>http://localhost:8080/</arg>
<arg>Chrome</arg>
<doc>Opens a new browser instance to the optional ``url``.</doc>
<msg timestamp="20221109 21:58:58.409" level="INFO">Opening browser 'Chrome' to base url 'http://localhost:8080/'.</msg>
<status status="PASS" starttime="20221109 21:58:58.408" endtime="20221109 21:59:12.627"/>
</kw>
<kw name="Wait Until Element Is Visible" library="SeleniumLibrary">
<arg>xpath://*[@id="contents-main"]</arg>
<doc>Waits until the element ``locator`` is visible.</doc>
<status status="PASS" starttime="20221109 21:59:12.627" endtime="20221109 21:59:12.826"/>
</kw>
<status status="PASS" starttime="20221109 21:58:58.408" endtime="20221109 21:59:12.826"/>
</kw>
<suite id="s1-s1" name="0000 Api Testing" source="/Users/chuaqiyangkenneth/project123/kenneth_oppenheimer-project_assignment/Test/0000_Api_Testing/0000_api_testing.robot">
<test id="s1-s1-t1" name="Verify insertRandomToDatabaseForNoReason Can Randomly Add More Than 1 Hero" line="16">
<kw name="Rake Database" library="Helpfunction">
<status status="PASS" starttime="20221109 21:59:12.830" endtime="20221109 21:59:12.845"/>
</kw>
<kw name="Reload Page" library="SeleniumLibrary">
<doc>Simulates user reloading page.</doc>
<status status="PASS" starttime="20221109 21:59:12.845" endtime="20221109 21:59:14.760"/>
</kw>
<kw name="Sleep" library="BuiltIn">
<arg>2s</arg>
<doc>Pauses the test executed for the given time.</doc>
<msg timestamp="20221109 21:59:16.762" level="INFO">Slept 2 seconds</msg>
<status status="PASS" starttime="20221109 21:59:14.760" endtime="20221109 21:59:16.763"/>
</kw>
<kw name="Set Initial Number Of Heroes" library="resources">
<kw name="Get Number Of Heroes" library="resources">
<kw name="Get Number Of Users" library="Helpfunction">
<var>${number_of_users}</var>
<msg timestamp="20221109 21:59:16.772" level="INFO">${number_of_users} = 0</msg>
<status status="PASS" starttime="20221109 21:59:16.765" endtime="20221109 21:59:16.772"/>
</kw>
<kw name="Set Global Variable" library="BuiltIn">
<arg>${number_of_users}</arg>
<doc>Makes a variable available globally in all tests and suites.</doc>
<msg timestamp="20221109 21:59:16.773" level="INFO">${number_of_users} = 0</msg>
<status status="PASS" starttime="20221109 21:59:16.772" endtime="20221109 21:59:16.773"/>
</kw>
<status status="PASS" starttime="20221109 21:59:16.764" endtime="20221109 21:59:16.773"/>
</kw>
<kw name="Set Variable" library="BuiltIn">
<var>${initial_number_of_heroes}</var>
<arg>${number_of_users}</arg>
<doc>Returns the given values which can then be assigned to a variables.</doc>
<msg timestamp="20221109 21:59:16.774" level="INFO">${initial_number_of_heroes} = 0</msg>
<status status="PASS" starttime="20221109 21:59:16.773" endtime="20221109 21:59:16.774"/>
</kw>
<kw name="Set Global Variable" library="BuiltIn">
<arg>${initial_number_of_heroes}</arg>
<doc>Makes a variable available globally in all tests and suites.</doc>
<msg timestamp="20221109 21:59:16.774" level="INFO">${initial_number_of_heroes} = 0</msg>
<status status="PASS" starttime="20221109 21:59:16.774" endtime="20221109 21:59:16.774"/>
</kw>
<status status="PASS" starttime="20221109 21:59:16.764" endtime="20221109 21:59:16.774"/>
</kw>
<kw name="Insert Random Data" library="Helpfunction">
<status status="PASS" starttime="20221109 21:59:16.774" endtime="20221109 21:59:16.797"/>
</kw>
<kw name="Sleep" library="BuiltIn">
<arg>2s</arg>
<doc>Pauses the test executed for the given time.</doc>
<msg timestamp="20221109 21:59:18.799" level="INFO">Slept 2 seconds</msg>
<status status="PASS" starttime="20221109 21:59:16.797" endtime="20221109 21:59:18.799"/>
</kw>
<kw name="Reload Page" library="SeleniumLibrary">
<doc>Simulates user reloading page.</doc>
<status status="PASS" starttime="20221109 21:59:18.800" endtime="20221109 21:59:19.271"/>
</kw>
<kw name="Set Subsequent Number Of Heroes" library="resources">
<kw name="Get Number Of Heroes" library="resources">
<kw name="Get Number Of Users" library="Helpfunction">
<var>${number_of_users}</var>
<msg timestamp="20221109 21:59:19.274" level="INFO">${number_of_users} = 3</msg>
<status status="PASS" starttime="20221109 21:59:19.271" endtime="20221109 21:59:19.274"/>
</kw>
<kw name="Set Global Variable" library="BuiltIn">
<arg>${number_of_users}</arg>
<doc>Makes a variable available globally in all tests and suites.</doc>
<msg timestamp="20221109 21:59:19.274" level="INFO">${number_of_users} = 3</msg>
<status status="PASS" starttime="20221109 21:59:19.274" endtime="20221109 21:59:19.274"/>
</kw>
<status status="PASS" starttime="20221109 21:59:19.271" endtime="20221109 21:59:19.275"/>
</kw>
<kw name="Set Variable" library="BuiltIn">
<var>${subsequent_number_of_heroes}</var>
<arg>${number_of_users}</arg>
<doc>Returns the given values which can then be assigned to a variables.</doc>
<msg timestamp="20221109 21:59:19.275" level="INFO">${subsequent_number_of_heroes} = 3</msg>
<status status="PASS" starttime="20221109 21:59:19.275" endtime="20221109 21:59:19.275"/>
</kw>
<kw name="Set Global Variable" library="BuiltIn">
<arg>${subsequent_number_of_heroes}</arg>
<doc>Makes a variable available globally in all tests and suites.</doc>
<msg timestamp="20221109 21:59:19.275" level="INFO">${subsequent_number_of_heroes} = 3</msg>
<status status="PASS" starttime="20221109 21:59:19.275" endtime="20221109 21:59:19.275"/>
</kw>
<status status="PASS" starttime="20221109 21:59:19.271" endtime="20221109 21:59:19.275"/>
</kw>
<kw name="Evaluate" library="BuiltIn">
<var>${difference}</var>
<arg>${subsequent_number_of_heroes}-${initial_number_of_heroes}</arg>
<doc>Evaluates the given expression in Python and returns the result.</doc>
<msg timestamp="20221109 21:59:19.275" level="INFO">${difference} = 3</msg>
<status status="PASS" starttime="20221109 21:59:19.275" endtime="20221109 21:59:19.275"/>
</kw>
<if>
<branch type="IF" condition="${difference} != ${3}">
<kw name="Fail" library="BuiltIn">
<doc>Fails the test with the given message and optionally alters its tags.</doc>
<status status="NOT RUN" starttime="20221109 21:59:19.276" endtime="20221109 21:59:19.276"/>
</kw>
<status status="NOT RUN" starttime="20221109 21:59:19.276" endtime="20221109 21:59:19.276"/>
</branch>
<status status="PASS" starttime="20221109 21:59:19.275" endtime="20221109 21:59:19.276"/>
</if>
<kw name="Pass Execution" library="BuiltIn">
<arg>Verified insertRandomToDatabaseForNoReason Can Randomly Add More Than 1 Hero</arg>
<doc>Skips rest of the current test, setup, or teardown with PASS status.</doc>
<msg timestamp="20221109 21:59:19.276" level="INFO">Execution passed with message:
Verified insertRandomToDatabaseForNoReason Can Randomly Add More Than 1 Hero</msg>
<status status="PASS" starttime="20221109 21:59:19.276" endtime="20221109 21:59:19.276"/>
</kw>
<doc>This test case verifies api insertRandomToDatabaseForNoReason can randomly add more than 1 hero</doc>
<tag>insertRandomToDatabaseForNoReason</tag>
<tag>more than 1 hero</tag>
<tag>randomly</tag>
<status status="PASS" starttime="20221109 21:59:12.830" endtime="20221109 21:59:19.276">Verified insertRandomToDatabaseForNoReason Can Randomly Add More Than 1 Hero</status>
</test>
<test id="s1-s1-t2" name="Verify insert Can Insert 1 Hero With All Valid Data" line="45">
<kw name="Rake Database" library="Helpfunction">
<status status="PASS" starttime="20221109 21:59:19.276" endtime="20221109 21:59:19.283"/>
</kw>
<kw name="Reload Page" library="SeleniumLibrary">
<doc>Simulates user reloading page.</doc>
<status status="PASS" starttime="20221109 21:59:19.283" endtime="20221109 21:59:19.697"/>
</kw>
<kw name="Sleep" library="BuiltIn">
<arg>2s</arg>
<doc>Pauses the test executed for the given time.</doc>
<msg timestamp="20221109 21:59:21.699" level="INFO">Slept 2 seconds</msg>
<status status="PASS" starttime="20221109 21:59:19.697" endtime="20221109 21:59:21.699"/>
</kw>
<kw name="Set Initial Number Of Heroes" library="resources">
<kw name="Get Number Of Heroes" library="resources">
<kw name="Get Number Of Users" library="Helpfunction">
<var>${number_of_users}</var>
<msg timestamp="20221109 21:59:21.703" level="INFO">${number_of_users} = 0</msg>
<status status="PASS" starttime="20221109 21:59:21.699" endtime="20221109 21:59:21.703"/>
</kw>
<kw name="Set Global Variable" library="BuiltIn">
<arg>${number_of_users}</arg>
<doc>Makes a variable available globally in all tests and suites.</doc>
<msg timestamp="20221109 21:59:21.703" level="INFO">${number_of_users} = 0</msg>
<status status="PASS" starttime="20221109 21:59:21.703" endtime="20221109 21:59:21.703"/>
</kw>
<status status="PASS" starttime="20221109 21:59:21.699" endtime="20221109 21:59:21.703"/>
</kw>
<kw name="Set Variable" library="BuiltIn">
<var>${initial_number_of_heroes}</var>
<arg>${number_of_users}</arg>
<doc>Returns the given values which can then be assigned to a variables.</doc>
<msg timestamp="20221109 21:59:21.704" level="INFO">${initial_number_of_heroes} = 0</msg>
<status status="PASS" starttime="20221109 21:59:21.703" endtime="20221109 21:59:21.704"/>
</kw>
<kw name="Set Global Variable" library="BuiltIn">
<arg>${initial_number_of_heroes}</arg>
<doc>Makes a variable available globally in all tests and suites.</doc>
<msg timestamp="20221109 21:59:21.704" level="INFO">${initial_number_of_heroes} = 0</msg>
<status status="PASS" starttime="20221109 21:59:21.704" endtime="20221109 21:59:21.704"/>
</kw>
<status status="PASS" starttime="20221109 21:59:21.699" endtime="20221109 21:59:21.704"/>
</kw>
<kw name="All Valid Data Insert 1 Person" library="Helpfunction">
<status status="PASS" starttime="20221109 21:59:21.704" endtime="20221109 21:59:21.713"/>
</kw>
<kw name="Sleep" library="BuiltIn">
<arg>2s</arg>
<doc>Pauses the test executed for the given time.</doc>
<msg timestamp="20221109 21:59:23.716" level="INFO">Slept 2 seconds</msg>
<status status="PASS" starttime="20221109 21:59:21.714" endtime="20221109 21:59:23.716"/>
</kw>
<kw name="Reload Page" library="SeleniumLibrary">
<doc>Simulates user reloading page.</doc>
<status status="PASS" starttime="20221109 21:59:23.717" endtime="20221109 21:59:24.053"/>
</kw>
<kw name="Set Subsequent Number Of Heroes" library="resources">
<kw name="Get Number Of Heroes" library="resources">
<kw name="Get Number Of Users" library="Helpfunction">
<var>${number_of_users}</var>
<msg timestamp="20221109 21:59:24.057" level="INFO">${number_of_users} = 1</msg>
<status status="PASS" starttime="20221109 21:59:24.053" endtime="20221109 21:59:24.057"/>
</kw>
<kw name="Set Global Variable" library="BuiltIn">
<arg>${number_of_users}</arg>
<doc>Makes a variable available globally in all tests and suites.</doc>
<msg timestamp="20221109 21:59:24.057" level="INFO">${number_of_users} = 1</msg>
<status status="PASS" starttime="20221109 21:59:24.057" endtime="20221109 21:59:24.057"/>
</kw>
<status status="PASS" starttime="20221109 21:59:24.053" endtime="20221109 21:59:24.057"/>
</kw>
<kw name="Set Variable" library="BuiltIn">
<var>${subsequent_number_of_heroes}</var>
<arg>${number_of_users}</arg>
<doc>Returns the given values which can then be assigned to a variables.</doc>
<msg timestamp="20221109 21:59:24.057" level="INFO">${subsequent_number_of_heroes} = 1</msg>
<status status="PASS" starttime="20221109 21:59:24.057" endtime="20221109 21:59:24.057"/>
</kw>
<kw name="Set Global Variable" library="BuiltIn">
<arg>${subsequent_number_of_heroes}</arg>
<doc>Makes a variable available globally in all tests and suites.</doc>
<msg timestamp="20221109 21:59:24.057" level="INFO">${subsequent_number_of_heroes} = 1</msg>
<status status="PASS" starttime="20221109 21:59:24.057" endtime="20221109 21:59:24.057"/>
</kw>
<status status="PASS" starttime="20221109 21:59:24.053" endtime="20221109 21:59:24.058"/>
</kw>
<kw name="Evaluate" library="BuiltIn">
<var>${difference}</var>
<arg>${subsequent_number_of_heroes}-${initial_number_of_heroes}</arg>
<doc>Evaluates the given expression in Python and returns the result.</doc>
<msg timestamp="20221109 21:59:24.058" level="INFO">${difference} = 1</msg>
<status status="PASS" starttime="20221109 21:59:24.058" endtime="20221109 21:59:24.058"/>
</kw>
<if>
<branch type="IF" condition="${difference} != ${1}">
<kw name="Fail" library="BuiltIn">
<doc>Fails the test with the given message and optionally alters its tags.</doc>
<status status="NOT RUN" starttime="20221109 21:59:24.058" endtime="20221109 21:59:24.058"/>
</kw>
<status status="NOT RUN" starttime="20221109 21:59:24.058" endtime="20221109 21:59:24.058"/>
</branch>
<status status="PASS" starttime="20221109 21:59:24.058" endtime="20221109 21:59:24.058"/>
</if>
<kw name="Pass Execution" library="BuiltIn">
<arg>Verified insert Can Insert 1 Hero With All Valid Data</arg>
<doc>Skips rest of the current test, setup, or teardown with PASS status.</doc>
<msg timestamp="20221109 21:59:24.058" level="INFO">Execution passed with message:
Verified insert Can Insert 1 Hero With All Valid Data</msg>
<status status="PASS" starttime="20221109 21:59:24.058" endtime="20221109 21:59:24.058"/>
</kw>
<doc>This test case verifies api insert can insert 1 hero With All Valid Data</doc>
<tag>1 hero</tag>
<tag>All Valid Data</tag>
<tag>insert</tag>
<status status="PASS" starttime="20221109 21:59:19.276" endtime="20221109 21:59:24.058">Verified insert Can Insert 1 Hero With All Valid Data</status>
</test>
<test id="s1-s1-t3" name="Verify insert Cannot Insert 1 Hero With Missing Name" line="74">
<kw name="Rake Database" library="Helpfunction">
<status status="PASS" starttime="20221109 21:59:24.059" endtime="20221109 21:59:24.062"/>
</kw>
<kw name="Reload Page" library="SeleniumLibrary">
<doc>Simulates user reloading page.</doc>
<status status="PASS" starttime="20221109 21:59:24.062" endtime="20221109 21:59:24.373"/>
</kw>
<kw name="Sleep" library="BuiltIn">
<arg>2s</arg>
<doc>Pauses the test executed for the given time.</doc>
<msg timestamp="20221109 21:59:26.373" level="INFO">Slept 2 seconds</msg>
<status status="PASS" starttime="20221109 21:59:24.373" endtime="20221109 21:59:26.374"/>
</kw>
<kw name="Set Initial Number Of Heroes" library="resources">
<kw name="Get Number Of Heroes" library="resources">
<kw name="Get Number Of Users" library="Helpfunction">
<var>${number_of_users}</var>
<msg timestamp="20221109 21:59:26.387" level="INFO">${number_of_users} = 0</msg>
<status status="PASS" starttime="20221109 21:59:26.376" endtime="20221109 21:59:26.387"/>
</kw>
<kw name="Set Global Variable" library="BuiltIn">
<arg>${number_of_users}</arg>
<doc>Makes a variable available globally in all tests and suites.</doc>
<msg timestamp="20221109 21:59:26.388" level="INFO">${number_of_users} = 0</msg>
<status status="PASS" starttime="20221109 21:59:26.387" endtime="20221109 21:59:26.388"/>
</kw>
<status status="PASS" starttime="20221109 21:59:26.375" endtime="20221109 21:59:26.388"/>
</kw>
<kw name="Set Variable" library="BuiltIn">
<var>${initial_number_of_heroes}</var>
<arg>${number_of_users}</arg>
<doc>Returns the given values which can then be assigned to a variables.</doc>
<msg timestamp="20221109 21:59:26.388" level="INFO">${initial_number_of_heroes} = 0</msg>
<status status="PASS" starttime="20221109 21:59:26.388" endtime="20221109 21:59:26.388"/>
</kw>
<kw name="Set Global Variable" library="BuiltIn">
<arg>${initial_number_of_heroes}</arg>
<doc>Makes a variable available globally in all tests and suites.</doc>
<msg timestamp="20221109 21:59:26.388" level="INFO">${initial_number_of_heroes} = 0</msg>
<status status="PASS" starttime="20221109 21:59:26.388" endtime="20221109 21:59:26.389"/>
</kw>
<status status="PASS" starttime="20221109 21:59:26.375" endtime="20221109 21:59:26.389"/>
</kw>
<kw name="Insert 1 Person Missing Name" library="Helpfunction">
<status status="PASS" starttime="20221109 21:59:26.389" endtime="20221109 21:59:26.415"/>
</kw>
<kw name="Sleep" library="BuiltIn">
<arg>2s</arg>
<doc>Pauses the test executed for the given time.</doc>
<msg timestamp="20221109 21:59:28.419" level="INFO">Slept 2 seconds</msg>
<status status="PASS" starttime="20221109 21:59:26.416" endtime="20221109 21:59:28.420"/>
</kw>
<kw name="Reload Page" library="SeleniumLibrary">
<doc>Simulates user reloading page.</doc>
<status status="PASS" starttime="20221109 21:59:28.421" endtime="20221109 21:59:28.821"/>
</kw>
<kw name="Set Subsequent Number Of Heroes" library="resources">
<kw name="Get Number Of Heroes" library="resources">
<kw name="Get Number Of Users" library="Helpfunction">
<var>${number_of_users}</var>
<msg timestamp="20221109 21:59:28.824" level="INFO">${number_of_users} = 0</msg>
<status status="PASS" starttime="20221109 21:59:28.822" endtime="20221109 21:59:28.824"/>
</kw>
<kw name="Set Global Variable" library="BuiltIn">
<arg>${number_of_users}</arg>
<doc>Makes a variable available globally in all tests and suites.</doc>
<msg timestamp="20221109 21:59:28.825" level="INFO">${number_of_users} = 0</msg>
<status status="PASS" starttime="20221109 21:59:28.824" endtime="20221109 21:59:28.825"/>
</kw>
<status status="PASS" starttime="20221109 21:59:28.821" endtime="20221109 21:59:28.825"/>
</kw>
<kw name="Set Variable" library="BuiltIn">
<var>${subsequent_number_of_heroes}</var>
<arg>${number_of_users}</arg>
<doc>Returns the given values which can then be assigned to a variables.</doc>
<msg timestamp="20221109 21:59:28.825" level="INFO">${subsequent_number_of_heroes} = 0</msg>
<status status="PASS" starttime="20221109 21:59:28.825" endtime="20221109 21:59:28.825"/>
</kw>
<kw name="Set Global Variable" library="BuiltIn">
<arg>${subsequent_number_of_heroes}</arg>
<doc>Makes a variable available globally in all tests and suites.</doc>
<msg timestamp="20221109 21:59:28.825" level="INFO">${subsequent_number_of_heroes} = 0</msg>
<status status="PASS" starttime="20221109 21:59:28.825" endtime="20221109 21:59:28.825"/>
</kw>
<status status="PASS" starttime="20221109 21:59:28.821" endtime="20221109 21:59:28.825"/>
</kw>
<kw name="Evaluate" library="BuiltIn">
<var>${difference}</var>
<arg>${subsequent_number_of_heroes}-${initial_number_of_heroes}</arg>
<doc>Evaluates the given expression in Python and returns the result.</doc>
<msg timestamp="20221109 21:59:28.825" level="INFO">${difference} = 0</msg>
<status status="PASS" starttime="20221109 21:59:28.825" endtime="20221109 21:59:28.825"/>
</kw>
<if>
<branch type="IF" condition="${difference} != ${0}">
<kw name="Fail" library="BuiltIn">
<doc>Fails the test with the given message and optionally alters its tags.</doc>
<status status="NOT RUN" starttime="20221109 21:59:28.826" endtime="20221109 21:59:28.826"/>
</kw>
<status status="NOT RUN" starttime="20221109 21:59:28.826" endtime="20221109 21:59:28.826"/>
</branch>
<status status="PASS" starttime="20221109 21:59:28.825" endtime="20221109 21:59:28.826"/>
</if>
<kw name="Pass Execution" library="BuiltIn">
<arg>Verified insert Cannot Insert 1 Hero With Missing Name</arg>
<doc>Skips rest of the current test, setup, or teardown with PASS status.</doc>
<msg timestamp="20221109 21:59:28.826" level="INFO">Execution passed with message:
Verified insert Cannot Insert 1 Hero With Missing Name</msg>
<status status="PASS" starttime="20221109 21:59:28.826" endtime="20221109 21:59:28.826"/>
</kw>
<doc>This test case verifies api insert cannot insert 1 hero With Missing Name</doc>
<tag>1 hero</tag>
<tag>Missing name</tag>
<tag>Not insert</tag>
<status status="PASS" starttime="20221109 21:59:24.059" endtime="20221109 21:59:28.826">Verified insert Cannot Insert 1 Hero With Missing Name</status>
</test>
<test id="s1-s1-t4" name="Verify insert Cannot Insert 1 Hero With Missing Gender" line="104">
<kw name="Skip" library="BuiltIn">
<doc>Skips the rest of the current test.</doc>
<msg timestamp="20221109 21:59:28.826" level="SKIP">Skipped with Skip keyword.</msg>
<status status="SKIP" starttime="20221109 21:59:28.826" endtime="20221109 21:59:28.827"/>
</kw>
<kw name="Rake Database" library="Helpfunction">
<status status="NOT RUN" starttime="20221109 21:59:28.827" endtime="20221109 21:59:28.827"/>
</kw>
<kw name="Reload Page" library="SeleniumLibrary">
<doc>Simulates user reloading page.</doc>
<status status="NOT RUN" starttime="20221109 21:59:28.827" endtime="20221109 21:59:28.827"/>
</kw>
<kw name="Sleep" library="BuiltIn">
<arg>2s</arg>
<doc>Pauses the test executed for the given time.</doc>
<status status="NOT RUN" starttime="20221109 21:59:28.827" endtime="20221109 21:59:28.827"/>
</kw>
<kw name="Set Initial Number Of Heroes" library="resources">
<status status="NOT RUN" starttime="20221109 21:59:28.827" endtime="20221109 21:59:28.827"/>
</kw>
<kw name="Insert 1 Person Missing Gender" library="Helpfunction">
<status status="NOT RUN" starttime="20221109 21:59:28.827" endtime="20221109 21:59:28.827"/>
</kw>
<kw name="Sleep" library="BuiltIn">
<arg>2s</arg>
<doc>Pauses the test executed for the given time.</doc>
<status status="NOT RUN" starttime="20221109 21:59:28.827" endtime="20221109 21:59:28.827"/>
</kw>
<kw name="Reload Page" library="SeleniumLibrary">
<doc>Simulates user reloading page.</doc>
<status status="NOT RUN" starttime="20221109 21:59:28.827" endtime="20221109 21:59:28.827"/>
</kw>
<kw name="Set Subsequent Number Of Heroes" library="resources">
<status status="NOT RUN" starttime="20221109 21:59:28.827" endtime="20221109 21:59:28.827"/>
</kw>
<kw name="Evaluate" library="BuiltIn">
<var>${difference}</var>
<arg>${subsequent_number_of_heroes}-${initial_number_of_heroes}</arg>
<doc>Evaluates the given expression in Python and returns the result.</doc>
<status status="NOT RUN" starttime="20221109 21:59:28.827" endtime="20221109 21:59:28.827"/>
</kw>
<if>
<branch type="IF" condition="${difference} != ${0}">
<kw name="Fail" library="BuiltIn">
<doc>Fails the test with the given message and optionally alters its tags.</doc>
<status status="NOT RUN" starttime="20221109 21:59:28.827" endtime="20221109 21:59:28.827"/>
</kw>
<status status="NOT RUN" starttime="20221109 21:59:28.827" endtime="20221109 21:59:28.827"/>
</branch>
<status status="NOT RUN" starttime="20221109 21:59:28.827" endtime="20221109 21:59:28.827"/>
</if>
<kw name="Pass Execution" library="BuiltIn">
<arg>Verified insert Cannot Insert 1 Hero With Missing Gender</arg>
<doc>Skips rest of the current test, setup, or teardown with PASS status.</doc>
<status status="NOT RUN" starttime="20221109 21:59:28.827" endtime="20221109 21:59:28.827"/>
</kw>
<doc>This test case verifies api insert cannot insert 1 hero With Missing Gender</doc>
<tag>1 hero</tag>
<tag>Missing Gender</tag>
<tag>Not insert</tag>
<status status="SKIP" starttime="20221109 21:59:28.826" endtime="20221109 21:59:28.827">Skipped with Skip keyword.</status>
</test>
<test id="s1-s1-t5" name="Verify insert Cannot Insert 1 Hero With Invalid Gender" line="134">
<kw name="Rake Database" library="Helpfunction">
<status status="PASS" starttime="20221109 21:59:28.828" endtime="20221109 21:59:28.830"/>
</kw>
<kw name="Reload Page" library="SeleniumLibrary">
<doc>Simulates user reloading page.</doc>
<status status="PASS" starttime="20221109 21:59:28.830" endtime="20221109 21:59:29.055"/>
</kw>
<kw name="Sleep" library="BuiltIn">
<arg>2s</arg>
<doc>Pauses the test executed for the given time.</doc>
<msg timestamp="20221109 21:59:31.057" level="INFO">Slept 2 seconds</msg>
<status status="PASS" starttime="20221109 21:59:29.055" endtime="20221109 21:59:31.057"/>
</kw>
<kw name="Set Initial Number Of Heroes" library="resources">
<kw name="Get Number Of Heroes" library="resources">
<kw name="Get Number Of Users" library="Helpfunction">
<var>${number_of_users}</var>
<msg timestamp="20221109 21:59:31.067" level="INFO">${number_of_users} = 0</msg>
<status status="PASS" starttime="20221109 21:59:31.059" endtime="20221109 21:59:31.067"/>
</kw>
<kw name="Set Global Variable" library="BuiltIn">
<arg>${number_of_users}</arg>
<doc>Makes a variable available globally in all tests and suites.</doc>
<msg timestamp="20221109 21:59:31.068" level="INFO">${number_of_users} = 0</msg>
<status status="PASS" starttime="20221109 21:59:31.068" endtime="20221109 21:59:31.068"/>
</kw>
<status status="PASS" starttime="20221109 21:59:31.058" endtime="20221109 21:59:31.068"/>
</kw>
<kw name="Set Variable" library="BuiltIn">
<var>${initial_number_of_heroes}</var>
<arg>${number_of_users}</arg>
<doc>Returns the given values which can then be assigned to a variables.</doc>
<msg timestamp="20221109 21:59:31.069" level="INFO">${initial_number_of_heroes} = 0</msg>
<status status="PASS" starttime="20221109 21:59:31.069" endtime="20221109 21:59:31.069"/>
</kw>
<kw name="Set Global Variable" library="BuiltIn">
<arg>${initial_number_of_heroes}</arg>
<doc>Makes a variable available globally in all tests and suites.</doc>
<msg timestamp="20221109 21:59:31.069" level="INFO">${initial_number_of_heroes} = 0</msg>
<status status="PASS" starttime="20221109 21:59:31.069" endtime="20221109 21:59:31.069"/>
</kw>
<status status="PASS" starttime="20221109 21:59:31.058" endtime="20221109 21:59:31.070"/>
</kw>
<kw name="Invalid Gender Insert 1 Person" library="Helpfunction">
<status status="PASS" starttime="20221109 21:59:31.070" endtime="20221109 21:59:31.082"/>
</kw>
<kw name="Sleep" library="BuiltIn">
<arg>2s</arg>
<doc>Pauses the test executed for the given time.</doc>
<msg timestamp="20221109 21:59:33.084" level="INFO">Slept 2 seconds</msg>
<status status="PASS" starttime="20221109 21:59:31.083" endtime="20221109 21:59:33.084"/>
</kw>
<kw name="Reload Page" library="SeleniumLibrary">
<doc>Simulates user reloading page.</doc>
<status status="PASS" starttime="20221109 21:59:33.085" endtime="20221109 21:59:33.400"/>
</kw>
<kw name="Set Subsequent Number Of Heroes" library="resources">
<kw name="Get Number Of Heroes" library="resources">
<kw name="Get Number Of Users" library="Helpfunction">
<var>${number_of_users}</var>
<msg timestamp="20221109 21:59:33.404" level="INFO">${number_of_users} = 0</msg>
<status status="PASS" starttime="20221109 21:59:33.401" endtime="20221109 21:59:33.404"/>
</kw>
<kw name="Set Global Variable" library="BuiltIn">
<arg>${number_of_users}</arg>
<doc>Makes a variable available globally in all tests and suites.</doc>
<msg timestamp="20221109 21:59:33.404" level="INFO">${number_of_users} = 0</msg>
<status status="PASS" starttime="20221109 21:59:33.404" endtime="20221109 21:59:33.404"/>
</kw>
<status status="PASS" starttime="20221109 21:59:33.401" endtime="20221109 21:59:33.404"/>
</kw>
<kw name="Set Variable" library="BuiltIn">
<var>${subsequent_number_of_heroes}</var>
<arg>${number_of_users}</arg>
<doc>Returns the given values which can then be assigned to a variables.</doc>
<msg timestamp="20221109 21:59:33.404" level="INFO">${subsequent_number_of_heroes} = 0</msg>
<status status="PASS" starttime="20221109 21:59:33.404" endtime="20221109 21:59:33.404"/>
</kw>
<kw name="Set Global Variable" library="BuiltIn">
<arg>${subsequent_number_of_heroes}</arg>
<doc>Makes a variable available globally in all tests and suites.</doc>
<msg timestamp="20221109 21:59:33.404" level="INFO">${subsequent_number_of_heroes} = 0</msg>
<status status="PASS" starttime="20221109 21:59:33.404" endtime="20221109 21:59:33.404"/>
</kw>
<status status="PASS" starttime="20221109 21:59:33.401" endtime="20221109 21:59:33.404"/>
</kw>
<kw name="Evaluate" library="BuiltIn">
<var>${difference}</var>
<arg>${subsequent_number_of_heroes}-${initial_number_of_heroes}</arg>
<doc>Evaluates the given expression in Python and returns the result.</doc>
<msg timestamp="20221109 21:59:33.405" level="INFO">${difference} = 0</msg>
<status status="PASS" starttime="20221109 21:59:33.405" endtime="20221109 21:59:33.405"/>
</kw>
<if>
<branch type="IF" condition="${difference} != ${0}">
<kw name="Fail" library="BuiltIn">
<doc>Fails the test with the given message and optionally alters its tags.</doc>
<status status="NOT RUN" starttime="20221109 21:59:33.405" endtime="20221109 21:59:33.405"/>
</kw>
<status status="NOT RUN" starttime="20221109 21:59:33.405" endtime="20221109 21:59:33.405"/>
</branch>
<status status="PASS" starttime="20221109 21:59:33.405" endtime="20221109 21:59:33.405"/>
</if>
<kw name="Pass Execution" library="BuiltIn">
<arg>Verified insert Cannot Insert 1 Hero With Invalid Gender</arg>
<doc>Skips rest of the current test, setup, or teardown with PASS status.</doc>
<msg timestamp="20221109 21:59:33.405" level="INFO">Execution passed with message:
Verified insert Cannot Insert 1 Hero With Invalid Gender</msg>
<status status="PASS" starttime="20221109 21:59:33.405" endtime="20221109 21:59:33.405"/>
</kw>
<doc>This test case verifies api insert cannot insert 1 hero With Invalid Gender</doc>
<tag>1 hero</tag>
<tag>Invalid Gender</tag>
<tag>Not insert</tag>
<status status="PASS" starttime="20221109 21:59:28.827" endtime="20221109 21:59:33.405">Verified insert Cannot Insert 1 Hero With Invalid Gender</status>
</test>
<test id="s1-s1-t6" name="Verify insert Cannot Insert 1 Hero With Missing National ID" line="163">
<kw name="Rake Database" library="Helpfunction">
<status status="PASS" starttime="20221109 21:59:33.406" endtime="20221109 21:59:33.408"/>
</kw>
<kw name="Reload Page" library="SeleniumLibrary">
<doc>Simulates user reloading page.</doc>
<status status="PASS" starttime="20221109 21:59:33.408" endtime="20221109 21:59:33.590"/>
</kw>
<kw name="Sleep" library="BuiltIn">
<arg>2s</arg>
<doc>Pauses the test executed for the given time.</doc>
<msg timestamp="20221109 21:59:35.593" level="INFO">Slept 2 seconds</msg>
<status status="PASS" starttime="20221109 21:59:33.590" endtime="20221109 21:59:35.594"/>
</kw>
<kw name="Set Initial Number Of Heroes" library="resources">
<kw name="Get Number Of Heroes" library="resources">
<kw name="Get Number Of Users" library="Helpfunction">
<var>${number_of_users}</var>
<msg timestamp="20221109 21:59:35.605" level="INFO">${number_of_users} = 0</msg>
<status status="PASS" starttime="20221109 21:59:35.596" endtime="20221109 21:59:35.605"/>
</kw>
<kw name="Set Global Variable" library="BuiltIn">
<arg>${number_of_users}</arg>
<doc>Makes a variable available globally in all tests and suites.</doc>
<msg timestamp="20221109 21:59:35.606" level="INFO">${number_of_users} = 0</msg>
<status status="PASS" starttime="20221109 21:59:35.605" endtime="20221109 21:59:35.606"/>
</kw>
<status status="PASS" starttime="20221109 21:59:35.595" endtime="20221109 21:59:35.606"/>
</kw>
<kw name="Set Variable" library="BuiltIn">
<var>${initial_number_of_heroes}</var>
<arg>${number_of_users}</arg>
<doc>Returns the given values which can then be assigned to a variables.</doc>
<msg timestamp="20221109 21:59:35.606" level="INFO">${initial_number_of_heroes} = 0</msg>
<status status="PASS" starttime="20221109 21:59:35.606" endtime="20221109 21:59:35.607"/>
</kw>
<kw name="Set Global Variable" library="BuiltIn">
<arg>${initial_number_of_heroes}</arg>
<doc>Makes a variable available globally in all tests and suites.</doc>
<msg timestamp="20221109 21:59:35.607" level="INFO">${initial_number_of_heroes} = 0</msg>
<status status="PASS" starttime="20221109 21:59:35.607" endtime="20221109 21:59:35.607"/>
</kw>
<status status="PASS" starttime="20221109 21:59:35.594" endtime="20221109 21:59:35.607"/>
</kw>
<kw name="Insert 1 Person Missing Nat Id" library="Helpfunction">
<status status="PASS" starttime="20221109 21:59:35.607" endtime="20221109 21:59:35.617"/>
</kw>
<kw name="Sleep" library="BuiltIn">
<arg>2s</arg>
<doc>Pauses the test executed for the given time.</doc>
<msg timestamp="20221109 21:59:37.618" level="INFO">Slept 2 seconds</msg>
<status status="PASS" starttime="20221109 21:59:35.617" endtime="20221109 21:59:37.618"/>
</kw>
<kw name="Reload Page" library="SeleniumLibrary">
<doc>Simulates user reloading page.</doc>
<status status="PASS" starttime="20221109 21:59:37.618" endtime="20221109 21:59:37.897"/>
</kw>
<kw name="Set Subsequent Number Of Heroes" library="resources">
<kw name="Get Number Of Heroes" library="resources">
<kw name="Get Number Of Users" library="Helpfunction">
<var>${number_of_users}</var>
<msg timestamp="20221109 21:59:37.900" level="INFO">${number_of_users} = 0</msg>
<status status="PASS" starttime="20221109 21:59:37.897" endtime="20221109 21:59:37.900"/>
</kw>
<kw name="Set Global Variable" library="BuiltIn">
<arg>${number_of_users}</arg>
<doc>Makes a variable available globally in all tests and suites.</doc>
<msg timestamp="20221109 21:59:37.900" level="INFO">${number_of_users} = 0</msg>
<status status="PASS" starttime="20221109 21:59:37.900" endtime="20221109 21:59:37.900"/>
</kw>
<status status="PASS" starttime="20221109 21:59:37.897" endtime="20221109 21:59:37.901"/>
</kw>
<kw name="Set Variable" library="BuiltIn">
<var>${subsequent_number_of_heroes}</var>
<arg>${number_of_users}</arg>
<doc>Returns the given values which can then be assigned to a variables.</doc>
<msg timestamp="20221109 21:59:37.901" level="INFO">${subsequent_number_of_heroes} = 0</msg>
<status status="PASS" starttime="20221109 21:59:37.901" endtime="20221109 21:59:37.901"/>
</kw>
<kw name="Set Global Variable" library="BuiltIn">
<arg>${subsequent_number_of_heroes}</arg>
<doc>Makes a variable available globally in all tests and suites.</doc>
<msg timestamp="20221109 21:59:37.901" level="INFO">${subsequent_number_of_heroes} = 0</msg>
<status status="PASS" starttime="20221109 21:59:37.901" endtime="20221109 21:59:37.901"/>
</kw>
<status status="PASS" starttime="20221109 21:59:37.897" endtime="20221109 21:59:37.901"/>
</kw>
<kw name="Evaluate" library="BuiltIn">
<var>${difference}</var>
<arg>${subsequent_number_of_heroes}-${initial_number_of_heroes}</arg>
<doc>Evaluates the given expression in Python and returns the result.</doc>
<msg timestamp="20221109 21:59:37.901" level="INFO">${difference} = 0</msg>
<status status="PASS" starttime="20221109 21:59:37.901" endtime="20221109 21:59:37.901"/>
</kw>
<if>
<branch type="IF" condition="${difference} != ${0}">
<kw name="Fail" library="BuiltIn">
<doc>Fails the test with the given message and optionally alters its tags.</doc>
<status status="NOT RUN" starttime="20221109 21:59:37.901" endtime="20221109 21:59:37.901"/>
</kw>
<status status="NOT RUN" starttime="20221109 21:59:37.901" endtime="20221109 21:59:37.901"/>
</branch>
<status status="PASS" starttime="20221109 21:59:37.901" endtime="20221109 21:59:37.901"/>
</if>
<kw name="Pass Execution" library="BuiltIn">
<arg>Verified insert Cannot Insert 1 Hero With Missing National ID</arg>
<doc>Skips rest of the current test, setup, or teardown with PASS status.</doc>
<msg timestamp="20221109 21:59:37.902" level="INFO">Execution passed with message:
Verified insert Cannot Insert 1 Hero With Missing National ID</msg>
<status status="PASS" starttime="20221109 21:59:37.902" endtime="20221109 21:59:37.902"/>
</kw>
<doc>This test case verifies api insert cannot insert 1 hero With Missing National ID</doc>
<tag>1 hero</tag>
<tag>Missing national id</tag>
<tag>Not insert</tag>
<status status="PASS" starttime="20221109 21:59:33.406" endtime="20221109 21:59:37.902">Verified insert Cannot Insert 1 Hero With Missing National ID</status>
</test>
<test id="s1-s1-t7" name="Verify insert Cannot Insert 1 Hero With Invalid National ID" line="192">
<kw name="Skip" library="BuiltIn">
<doc>Skips the rest of the current test.</doc>
<msg timestamp="20221109 21:59:37.902" level="SKIP">Skipped with Skip keyword.</msg>
<status status="SKIP" starttime="20221109 21:59:37.902" endtime="20221109 21:59:37.902"/>
</kw>
<kw name="Rake Database" library="Helpfunction">
<status status="NOT RUN" starttime="20221109 21:59:37.902" endtime="20221109 21:59:37.902"/>
</kw>
<kw name="Reload Page" library="SeleniumLibrary">
<doc>Simulates user reloading page.</doc>
<status status="NOT RUN" starttime="20221109 21:59:37.902" endtime="20221109 21:59:37.902"/>
</kw>
<kw name="Sleep" library="BuiltIn">
<arg>2s</arg>
<doc>Pauses the test executed for the given time.</doc>
<status status="NOT RUN" starttime="20221109 21:59:37.902" endtime="20221109 21:59:37.903"/>
</kw>
<kw name="Set Initial Number Of Heroes" library="resources">
<status status="NOT RUN" starttime="20221109 21:59:37.903" endtime="20221109 21:59:37.903"/>
</kw>
<kw name="Invalid National Id Insert 1 Person" library="Helpfunction">
<status status="NOT RUN" starttime="20221109 21:59:37.903" endtime="20221109 21:59:37.903"/>
</kw>
<kw name="Sleep" library="BuiltIn">
<arg>2s</arg>
<doc>Pauses the test executed for the given time.</doc>
<status status="NOT RUN" starttime="20221109 21:59:37.903" endtime="20221109 21:59:37.903"/>
</kw>
<kw name="Reload Page" library="SeleniumLibrary">
<doc>Simulates user reloading page.</doc>
<status status="NOT RUN" starttime="20221109 21:59:37.903" endtime="20221109 21:59:37.903"/>
</kw>
<kw name="Set Subsequent Number Of Heroes" library="resources">
<status status="NOT RUN" starttime="20221109 21:59:37.903" endtime="20221109 21:59:37.903"/>
</kw>
<kw name="Evaluate" library="BuiltIn">
<var>${difference}</var>
<arg>${subsequent_number_of_heroes}-${initial_number_of_heroes}</arg>
<doc>Evaluates the given expression in Python and returns the result.</doc>
<status status="NOT RUN" starttime="20221109 21:59:37.903" endtime="20221109 21:59:37.903"/>
</kw>
<if>
<branch type="IF" condition="${difference} != ${0}">
<kw name="Fail" library="BuiltIn">
<doc>Fails the test with the given message and optionally alters its tags.</doc>
<status status="NOT RUN" starttime="20221109 21:59:37.903" endtime="20221109 21:59:37.903"/>
</kw>
<status status="NOT RUN" starttime="20221109 21:59:37.903" endtime="20221109 21:59:37.903"/>
</branch>
<status status="NOT RUN" starttime="20221109 21:59:37.903" endtime="20221109 21:59:37.903"/>
</if>
<kw name="Pass Execution" library="BuiltIn">
<arg>Verified insert Cannot Insert 1 Hero With Invalid National ID</arg>
<doc>Skips rest of the current test, setup, or teardown with PASS status.</doc>
<status status="NOT RUN" starttime="20221109 21:59:37.903" endtime="20221109 21:59:37.903"/>
</kw>
<doc>This test case verifies api insert cannot insert 1 hero With Invalid National ID</doc>
<tag>1 hero</tag>
<tag>Invalid national id</tag>
<tag>Not insert</tag>
<status status="SKIP" starttime="20221109 21:59:37.902" endtime="20221109 21:59:37.903">Skipped with Skip keyword.</status>
</test>
<test id="s1-s1-t8" name="Verify insert Cannot Insert 1 Hero With Missing Birthday" line="222">
<kw name="Rake Database" library="Helpfunction">
<status status="PASS" starttime="20221109 21:59:37.903" endtime="20221109 21:59:37.906"/>
</kw>
<kw name="Reload Page" library="SeleniumLibrary">
<doc>Simulates user reloading page.</doc>
<status status="PASS" starttime="20221109 21:59:37.906" endtime="20221109 21:59:38.173"/>
</kw>
<kw name="Sleep" library="BuiltIn">
<arg>2s</arg>
<doc>Pauses the test executed for the given time.</doc>
<msg timestamp="20221109 21:59:40.176" level="INFO">Slept 2 seconds</msg>
<status status="PASS" starttime="20221109 21:59:38.174" endtime="20221109 21:59:40.177"/>
</kw>
<kw name="Set Initial Number Of Heroes" library="resources">
<kw name="Get Number Of Heroes" library="resources">
<kw name="Get Number Of Users" library="Helpfunction">
<var>${number_of_users}</var>
<msg timestamp="20221109 21:59:40.188" level="INFO">${number_of_users} = 0</msg>
<status status="PASS" starttime="20221109 21:59:40.179" endtime="20221109 21:59:40.188"/>
</kw>
<kw name="Set Global Variable" library="BuiltIn">
<arg>${number_of_users}</arg>
<doc>Makes a variable available globally in all tests and suites.</doc>
<msg timestamp="20221109 21:59:40.189" level="INFO">${number_of_users} = 0</msg>
<status status="PASS" starttime="20221109 21:59:40.188" endtime="20221109 21:59:40.189"/>
</kw>
<status status="PASS" starttime="20221109 21:59:40.178" endtime="20221109 21:59:40.189"/>
</kw>
<kw name="Set Variable" library="BuiltIn">
<var>${initial_number_of_heroes}</var>
<arg>${number_of_users}</arg>
<doc>Returns the given values which can then be assigned to a variables.</doc>
<msg timestamp="20221109 21:59:40.190" level="INFO">${initial_number_of_heroes} = 0</msg>
<status status="PASS" starttime="20221109 21:59:40.189" endtime="20221109 21:59:40.190"/>
</kw>
<kw name="Set Global Variable" library="BuiltIn">
<arg>${initial_number_of_heroes}</arg>
<doc>Makes a variable available globally in all tests and suites.</doc>
<msg timestamp="20221109 21:59:40.190" level="INFO">${initial_number_of_heroes} = 0</msg>
<status status="PASS" starttime="20221109 21:59:40.190" endtime="20221109 21:59:40.190"/>
</kw>
<status status="PASS" starttime="20221109 21:59:40.178" endtime="20221109 21:59:40.191"/>
</kw>
<kw name="Insert 1 Person Missing Birthday" library="Helpfunction">
<status status="PASS" starttime="20221109 21:59:40.191" endtime="20221109 21:59:40.200"/>
</kw>
<kw name="Sleep" library="BuiltIn">
<arg>2s</arg>
<doc>Pauses the test executed for the given time.</doc>
<msg timestamp="20221109 21:59:42.202" level="INFO">Slept 2 seconds</msg>
<status status="PASS" starttime="20221109 21:59:40.200" endtime="20221109 21:59:42.203"/>
</kw>
<kw name="Reload Page" library="SeleniumLibrary">
<doc>Simulates user reloading page.</doc>
<status status="PASS" starttime="20221109 21:59:42.203" endtime="20221109 21:59:42.494"/>
</kw>
<kw name="Set Subsequent Number Of Heroes" library="resources">
<kw name="Get Number Of Heroes" library="resources">
<kw name="Get Number Of Users" library="Helpfunction">
<var>${number_of_users}</var>
<msg timestamp="20221109 21:59:42.497" level="INFO">${number_of_users} = 0</msg>
<status status="PASS" starttime="20221109 21:59:42.494" endtime="20221109 21:59:42.497"/>
</kw>
<kw name="Set Global Variable" library="BuiltIn">
<arg>${number_of_users}</arg>
<doc>Makes a variable available globally in all tests and suites.</doc>
<msg timestamp="20221109 21:59:42.498" level="INFO">${number_of_users} = 0</msg>
<status status="PASS" starttime="20221109 21:59:42.497" endtime="20221109 21:59:42.498"/>
</kw>
<status status="PASS" starttime="20221109 21:59:42.494" endtime="20221109 21:59:42.498"/>
</kw>
<kw name="Set Variable" library="BuiltIn">
<var>${subsequent_number_of_heroes}</var>
<arg>${number_of_users}</arg>
<doc>Returns the given values which can then be assigned to a variables.</doc>
<msg timestamp="20221109 21:59:42.498" level="INFO">${subsequent_number_of_heroes} = 0</msg>
<status status="PASS" starttime="20221109 21:59:42.498" endtime="20221109 21:59:42.498"/>
</kw>
<kw name="Set Global Variable" library="BuiltIn">
<arg>${subsequent_number_of_heroes}</arg>
<doc>Makes a variable available globally in all tests and suites.</doc>
<msg timestamp="20221109 21:59:42.498" level="INFO">${subsequent_number_of_heroes} = 0</msg>
<status status="PASS" starttime="20221109 21:59:42.498" endtime="20221109 21:59:42.498"/>
</kw>
<status status="PASS" starttime="20221109 21:59:42.494" endtime="20221109 21:59:42.498"/>
</kw>
<kw name="Evaluate" library="BuiltIn">
<var>${difference}</var>
<arg>${subsequent_number_of_heroes}-${initial_number_of_heroes}</arg>
<doc>Evaluates the given expression in Python and returns the result.</doc>
<msg timestamp="20221109 21:59:42.498" level="INFO">${difference} = 0</msg>
<status status="PASS" starttime="20221109 21:59:42.498" endtime="20221109 21:59:42.498"/>
</kw>
<if>
<branch type="IF" condition="${difference} != ${0}">
<kw name="Fail" library="BuiltIn">
<doc>Fails the test with the given message and optionally alters its tags.</doc>
<status status="NOT RUN" starttime="20221109 21:59:42.499" endtime="20221109 21:59:42.499"/>
</kw>
<status status="NOT RUN" starttime="20221109 21:59:42.499" endtime="20221109 21:59:42.499"/>
</branch>
<status status="PASS" starttime="20221109 21:59:42.498" endtime="20221109 21:59:42.499"/>
</if>
<kw name="Pass Execution" library="BuiltIn">
<arg>Verified insert Cannot Insert 1 Hero With Missing Birthday</arg>
<doc>Skips rest of the current test, setup, or teardown with PASS status.</doc>
<msg timestamp="20221109 21:59:42.499" level="INFO">Execution passed with message:
Verified insert Cannot Insert 1 Hero With Missing Birthday</msg>
<status status="PASS" starttime="20221109 21:59:42.499" endtime="20221109 21:59:42.499"/>
</kw>
<doc>This test case verifies api insert cannot insert 1 hero With Missing Birthday</doc>
<tag>1 hero</tag>
<tag>Missing Birthday</tag>
<tag>Not insert</tag>
<status status="PASS" starttime="20221109 21:59:37.903" endtime="20221109 21:59:42.499">Verified insert Cannot Insert 1 Hero With Missing Birthday</status>
</test>
<test id="s1-s1-t9" name="Verify insert Cannot Insert 1 Hero With Invalid Birthday" line="251">
<kw name="Rake Database" library="Helpfunction">
<status status="PASS" starttime="20221109 21:59:42.500" endtime="20221109 21:59:42.505"/>
</kw>
<kw name="Reload Page" library="SeleniumLibrary">
<doc>Simulates user reloading page.</doc>
<status status="PASS" starttime="20221109 21:59:42.506" endtime="20221109 21:59:42.687"/>
</kw>
<kw name="Sleep" library="BuiltIn">
<arg>2s</arg>
<doc>Pauses the test executed for the given time.</doc>
<msg timestamp="20221109 21:59:44.690" level="INFO">Slept 2 seconds</msg>
<status status="PASS" starttime="20221109 21:59:42.687" endtime="20221109 21:59:44.690"/>
</kw>
<kw name="Set Initial Number Of Heroes" library="resources">
<kw name="Get Number Of Heroes" library="resources">
<kw name="Get Number Of Users" library="Helpfunction">
<var>${number_of_users}</var>
<msg timestamp="20221109 21:59:44.699" level="INFO">${number_of_users} = 0</msg>
<status status="PASS" starttime="20221109 21:59:44.692" endtime="20221109 21:59:44.699"/>
</kw>
<kw name="Set Global Variable" library="BuiltIn">
<arg>${number_of_users}</arg>
<doc>Makes a variable available globally in all tests and suites.</doc>
<msg timestamp="20221109 21:59:44.699" level="INFO">${number_of_users} = 0</msg>
<status status="PASS" starttime="20221109 21:59:44.699" endtime="20221109 21:59:44.699"/>
</kw>
<status status="PASS" starttime="20221109 21:59:44.691" endtime="20221109 21:59:44.699"/>
</kw>
<kw name="Set Variable" library="BuiltIn">
<var>${initial_number_of_heroes}</var>
<arg>${number_of_users}</arg>
<doc>Returns the given values which can then be assigned to a variables.</doc>
<msg timestamp="20221109 21:59:44.700" level="INFO">${initial_number_of_heroes} = 0</msg>
<status status="PASS" starttime="20221109 21:59:44.699" endtime="20221109 21:59:44.700"/>
</kw>
<kw name="Set Global Variable" library="BuiltIn">
<arg>${initial_number_of_heroes}</arg>
<doc>Makes a variable available globally in all tests and suites.</doc>
<msg timestamp="20221109 21:59:44.700" level="INFO">${initial_number_of_heroes} = 0</msg>
<status status="PASS" starttime="20221109 21:59:44.700" endtime="20221109 21:59:44.700"/>
</kw>
<status status="PASS" starttime="20221109 21:59:44.691" endtime="20221109 21:59:44.700"/>
</kw>
<kw name="Invalid Birthday Insert 1 Person" library="Helpfunction">
<status status="PASS" starttime="20221109 21:59:44.700" endtime="20221109 21:59:44.721"/>
</kw>
<kw name="Sleep" library="BuiltIn">
<arg>2s</arg>
<doc>Pauses the test executed for the given time.</doc>
<msg timestamp="20221109 21:59:46.724" level="INFO">Slept 2 seconds</msg>
<status status="PASS" starttime="20221109 21:59:44.722" endtime="20221109 21:59:46.725"/>
</kw>
<kw name="Reload Page" library="SeleniumLibrary">
<doc>Simulates user reloading page.</doc>
<status status="PASS" starttime="20221109 21:59:46.726" endtime="20221109 21:59:47.014"/>
</kw>
<kw name="Set Subsequent Number Of Heroes" library="resources">
<kw name="Get Number Of Heroes" library="resources">
<kw name="Get Number Of Users" library="Helpfunction">
<var>${number_of_users}</var>
<msg timestamp="20221109 21:59:47.018" level="INFO">${number_of_users} = 0</msg>
<status status="PASS" starttime="20221109 21:59:47.014" endtime="20221109 21:59:47.018"/>
</kw>
<kw name="Set Global Variable" library="BuiltIn">
<arg>${number_of_users}</arg>
<doc>Makes a variable available globally in all tests and suites.</doc>
<msg timestamp="20221109 21:59:47.018" level="INFO">${number_of_users} = 0</msg>
<status status="PASS" starttime="20221109 21:59:47.018" endtime="20221109 21:59:47.018"/>
</kw>
<status status="PASS" starttime="20221109 21:59:47.014" endtime="20221109 21:59:47.018"/>
</kw>
<kw name="Set Variable" library="BuiltIn">
<var>${subsequent_number_of_heroes}</var>
<arg>${number_of_users}</arg>
<doc>Returns the given values which can then be assigned to a variables.</doc>
<msg timestamp="20221109 21:59:47.018" level="INFO">${subsequent_number_of_heroes} = 0</msg>
<status status="PASS" starttime="20221109 21:59:47.018" endtime="20221109 21:59:47.018"/>
</kw>
<kw name="Set Global Variable" library="BuiltIn">
<arg>${subsequent_number_of_heroes}</arg>
<doc>Makes a variable available globally in all tests and suites.</doc>
<msg timestamp="20221109 21:59:47.019" level="INFO">${subsequent_number_of_heroes} = 0</msg>
<status status="PASS" starttime="20221109 21:59:47.019" endtime="20221109 21:59:47.019"/>
</kw>
<status status="PASS" starttime="20221109 21:59:47.014" endtime="20221109 21:59:47.019"/>
</kw>
<kw name="Evaluate" library="BuiltIn">
<var>${difference}</var>
<arg>${subsequent_number_of_heroes}-${initial_number_of_heroes}</arg>
<doc>Evaluates the given expression in Python and returns the result.</doc>
<msg timestamp="20221109 21:59:47.019" level="INFO">${difference} = 0</msg>
<status status="PASS" starttime="20221109 21:59:47.019" endtime="20221109 21:59:47.019"/>
</kw>
<if>
<branch type="IF" condition="${difference} != ${0}">
<kw name="Fail" library="BuiltIn">
<doc>Fails the test with the given message and optionally alters its tags.</doc>
<status status="NOT RUN" starttime="20221109 21:59:47.020" endtime="20221109 21:59:47.020"/>
</kw>
<status status="NOT RUN" starttime="20221109 21:59:47.019" endtime="20221109 21:59:47.020"/>
</branch>
<status status="PASS" starttime="20221109 21:59:47.019" endtime="20221109 21:59:47.020"/>
</if>
<kw name="Pass Execution" library="BuiltIn">
<arg>Verified insert Cannot Insert 1 Hero With Invalid Birthday</arg>
<doc>Skips rest of the current test, setup, or teardown with PASS status.</doc>
<msg timestamp="20221109 21:59:47.020" level="INFO">Execution passed with message:
Verified insert Cannot Insert 1 Hero With Invalid Birthday</msg>
<status status="PASS" starttime="20221109 21:59:47.020" endtime="20221109 21:59:47.020"/>
</kw>
<doc>This test case verifies api insert cannot insert 1 hero With Invalid Birthday</doc>
<tag>1 hero</tag>
<tag>Invalid Birthday</tag>
<tag>Not insert</tag>
<status status="PASS" starttime="20221109 21:59:42.499" endtime="20221109 21:59:47.020">Verified insert Cannot Insert 1 Hero With Invalid Birthday</status>
</test>
<test id="s1-s1-t10" name="Verify insert Cannot Insert 1 Hero With Missing Salary" line="280">
<kw name="Rake Database" library="Helpfunction">
<status status="PASS" starttime="20221109 21:59:47.020" endtime="20221109 21:59:47.023"/>
</kw>
<kw name="Reload Page" library="SeleniumLibrary">
<doc>Simulates user reloading page.</doc>
<status status="PASS" starttime="20221109 21:59:47.023" endtime="20221109 21:59:47.228"/>
</kw>
<kw name="Sleep" library="BuiltIn">
<arg>2s</arg>
<doc>Pauses the test executed for the given time.</doc>
<msg timestamp="20221109 21:59:49.229" level="INFO">Slept 2 seconds</msg>
<status status="PASS" starttime="20221109 21:59:47.228" endtime="20221109 21:59:49.230"/>
</kw>
<kw name="Set Initial Number Of Heroes" library="resources">
<kw name="Get Number Of Heroes" library="resources">
<kw name="Get Number Of Users" library="Helpfunction">
<var>${number_of_users}</var>
<msg timestamp="20221109 21:59:49.239" level="INFO">${number_of_users} = 0</msg>
<status status="PASS" starttime="20221109 21:59:49.232" endtime="20221109 21:59:49.239"/>
</kw>
<kw name="Set Global Variable" library="BuiltIn">
<arg>${number_of_users}</arg>
<doc>Makes a variable available globally in all tests and suites.</doc>
<msg timestamp="20221109 21:59:49.239" level="INFO">${number_of_users} = 0</msg>
<status status="PASS" starttime="20221109 21:59:49.239" endtime="20221109 21:59:49.239"/>
</kw>
<status status="PASS" starttime="20221109 21:59:49.231" endtime="20221109 21:59:49.239"/>
</kw>
<kw name="Set Variable" library="BuiltIn">
<var>${initial_number_of_heroes}</var>
<arg>${number_of_users}</arg>
<doc>Returns the given values which can then be assigned to a variables.</doc>
<msg timestamp="20221109 21:59:49.240" level="INFO">${initial_number_of_heroes} = 0</msg>
<status status="PASS" starttime="20221109 21:59:49.240" endtime="20221109 21:59:49.240"/>
</kw>
<kw name="Set Global Variable" library="BuiltIn">
<arg>${initial_number_of_heroes}</arg>
<doc>Makes a variable available globally in all tests and suites.</doc>
<msg timestamp="20221109 21:59:49.240" level="INFO">${initial_number_of_heroes} = 0</msg>
<status status="PASS" starttime="20221109 21:59:49.240" endtime="20221109 21:59:49.240"/>
</kw>
<status status="PASS" starttime="20221109 21:59:49.230" endtime="20221109 21:59:49.240"/>
</kw>
<kw name="Insert 1 Person Missing Salary" library="Helpfunction">
<status status="PASS" starttime="20221109 21:59:49.241" endtime="20221109 21:59:49.247"/>
</kw>
<kw name="Sleep" library="BuiltIn">
<arg>2s</arg>
<doc>Pauses the test executed for the given time.</doc>
<msg timestamp="20221109 21:59:51.248" level="INFO">Slept 2 seconds</msg>
<status status="PASS" starttime="20221109 21:59:49.248" endtime="20221109 21:59:51.249"/>
</kw>
<kw name="Reload Page" library="SeleniumLibrary">
<doc>Simulates user reloading page.</doc>
<status status="PASS" starttime="20221109 21:59:51.249" endtime="20221109 21:59:51.521"/>
</kw>
<kw name="Set Subsequent Number Of Heroes" library="resources">
<kw name="Get Number Of Heroes" library="resources">
<kw name="Get Number Of Users" library="Helpfunction">
<var>${number_of_users}</var>
<msg timestamp="20221109 21:59:51.525" level="INFO">${number_of_users} = 0</msg>
<status status="PASS" starttime="20221109 21:59:51.522" endtime="20221109 21:59:51.525"/>
</kw>
<kw name="Set Global Variable" library="BuiltIn">
<arg>${number_of_users}</arg>
<doc>Makes a variable available globally in all tests and suites.</doc>
<msg timestamp="20221109 21:59:51.525" level="INFO">${number_of_users} = 0</msg>
<status status="PASS" starttime="20221109 21:59:51.525" endtime="20221109 21:59:51.525"/>
</kw>
<status status="PASS" starttime="20221109 21:59:51.522" endtime="20221109 21:59:51.525"/>
</kw>
<kw name="Set Variable" library="BuiltIn">
<var>${subsequent_number_of_heroes}</var>
<arg>${number_of_users}</arg>
<doc>Returns the given values which can then be assigned to a variables.</doc>
<msg timestamp="20221109 21:59:51.525" level="INFO">${subsequent_number_of_heroes} = 0</msg>
<status status="PASS" starttime="20221109 21:59:51.525" endtime="20221109 21:59:51.525"/>
</kw>
<kw name="Set Global Variable" library="BuiltIn">
<arg>${subsequent_number_of_heroes}</arg>
<doc>Makes a variable available globally in all tests and suites.</doc>
<msg timestamp="20221109 21:59:51.525" level="INFO">${subsequent_number_of_heroes} = 0</msg>
<status status="PASS" starttime="20221109 21:59:51.525" endtime="20221109 21:59:51.525"/>
</kw>
<status status="PASS" starttime="20221109 21:59:51.522" endtime="20221109 21:59:51.525"/>
</kw>
<kw name="Evaluate" library="BuiltIn">
<var>${difference}</var>
<arg>${subsequent_number_of_heroes}-${initial_number_of_heroes}</arg>
<doc>Evaluates the given expression in Python and returns the result.</doc>
<msg timestamp="20221109 21:59:51.526" level="INFO">${difference} = 0</msg>
<status status="PASS" starttime="20221109 21:59:51.526" endtime="20221109 21:59:51.526"/>
</kw>
<if>
<branch type="IF" condition="${difference} != ${0}">
<kw name="Fail" library="BuiltIn">
<doc>Fails the test with the given message and optionally alters its tags.</doc>
<status status="NOT RUN" starttime="20221109 21:59:51.526" endtime="20221109 21:59:51.526"/>
</kw>
<status status="NOT RUN" starttime="20221109 21:59:51.526" endtime="20221109 21:59:51.526"/>
</branch>
<status status="PASS" starttime="20221109 21:59:51.526" endtime="20221109 21:59:51.526"/>
</if>
<kw name="Pass Execution" library="BuiltIn">
<arg>Verified insert Cannot Insert 1 Hero With Missing Salary</arg>
<doc>Skips rest of the current test, setup, or teardown with PASS status.</doc>
<msg timestamp="20221109 21:59:51.526" level="INFO">Execution passed with message:
Verified insert Cannot Insert 1 Hero With Missing Salary</msg>
<status status="PASS" starttime="20221109 21:59:51.526" endtime="20221109 21:59:51.526"/>
</kw>
<doc>This test case verifies api insert cannot insert 1 hero With Missing Salary</doc>
<tag>1 hero</tag>
<tag>Missing Salary</tag>
<tag>Not insert</tag>
<status status="PASS" starttime="20221109 21:59:47.020" endtime="20221109 21:59:51.526">Verified insert Cannot Insert 1 Hero With Missing Salary</status>
</test>
<test id="s1-s1-t11" name="Verify insert Cannot Insert 1 Hero With Invalid Salary" line="309">
<kw name="Rake Database" library="Helpfunction">
<status status="PASS" starttime="20221109 21:59:51.527" endtime="20221109 21:59:51.530"/>
</kw>
<kw name="Reload Page" library="SeleniumLibrary">
<doc>Simulates user reloading page.</doc>
<status status="PASS" starttime="20221109 21:59:51.530" endtime="20221109 21:59:51.702"/>
</kw>
<kw name="Sleep" library="BuiltIn">
<arg>2s</arg>
<doc>Pauses the test executed for the given time.</doc>
<msg timestamp="20221109 21:59:53.703" level="INFO">Slept 2 seconds</msg>
<status status="PASS" starttime="20221109 21:59:51.702" endtime="20221109 21:59:53.703"/>
</kw>
<kw name="Set Initial Number Of Heroes" library="resources">
<kw name="Get Number Of Heroes" library="resources">
<kw name="Get Number Of Users" library="Helpfunction">
<var>${number_of_users}</var>
<msg timestamp="20221109 21:59:53.730" level="INFO">${number_of_users} = 0</msg>
<status status="PASS" starttime="20221109 21:59:53.722" endtime="20221109 21:59:53.730"/>
</kw>
<kw name="Set Global Variable" library="BuiltIn">
<arg>${number_of_users}</arg>
<doc>Makes a variable available globally in all tests and suites.</doc>
<msg timestamp="20221109 21:59:53.730" level="INFO">${number_of_users} = 0</msg>
<status status="PASS" starttime="20221109 21:59:53.730" endtime="20221109 21:59:53.730"/>
</kw>
<status status="PASS" starttime="20221109 21:59:53.705" endtime="20221109 21:59:53.730"/>
</kw>
<kw name="Set Variable" library="BuiltIn">
<var>${initial_number_of_heroes}</var>
<arg>${number_of_users}</arg>
<doc>Returns the given values which can then be assigned to a variables.</doc>
<msg timestamp="20221109 21:59:53.731" level="INFO">${initial_number_of_heroes} = 0</msg>
<status status="PASS" starttime="20221109 21:59:53.730" endtime="20221109 21:59:53.731"/>
</kw>
<kw name="Set Global Variable" library="BuiltIn">
<arg>${initial_number_of_heroes}</arg>
<doc>Makes a variable available globally in all tests and suites.</doc>
<msg timestamp="20221109 21:59:53.731" level="INFO">${initial_number_of_heroes} = 0</msg>
<status status="PASS" starttime="20221109 21:59:53.731" endtime="20221109 21:59:53.731"/>
</kw>
<status status="PASS" starttime="20221109 21:59:53.704" endtime="20221109 21:59:53.731"/>
</kw>
<kw name="Invalid Salary Insert 1 Person" library="Helpfunction">
<status status="PASS" starttime="20221109 21:59:53.731" endtime="20221109 21:59:53.738"/>
</kw>
<kw name="Sleep" library="BuiltIn">
<arg>2s</arg>
<doc>Pauses the test executed for the given time.</doc>
<msg timestamp="20221109 21:59:55.740" level="INFO">Slept 2 seconds</msg>
<status status="PASS" starttime="20221109 21:59:53.738" endtime="20221109 21:59:55.740"/>
</kw>
<kw name="Reload Page" library="SeleniumLibrary">
<doc>Simulates user reloading page.</doc>
<status status="PASS" starttime="20221109 21:59:55.741" endtime="20221109 21:59:55.963"/>
</kw>
<kw name="Set Subsequent Number Of Heroes" library="resources">
<kw name="Get Number Of Heroes" library="resources">
<kw name="Get Number Of Users" library="Helpfunction">
<var>${number_of_users}</var>
<msg timestamp="20221109 21:59:55.967" level="INFO">${number_of_users} = 0</msg>
<status status="PASS" starttime="20221109 21:59:55.964" endtime="20221109 21:59:55.967"/>
</kw>
<kw name="Set Global Variable" library="BuiltIn">
<arg>${number_of_users}</arg>
<doc>Makes a variable available globally in all tests and suites.</doc>
<msg timestamp="20221109 21:59:55.967" level="INFO">${number_of_users} = 0</msg>
<status status="PASS" starttime="20221109 21:59:55.967" endtime="20221109 21:59:55.967"/>
</kw>
<status status="PASS" starttime="20221109 21:59:55.964" endtime="20221109 21:59:55.967"/>
</kw>
<kw name="Set Variable" library="BuiltIn">
<var>${subsequent_number_of_heroes}</var>
<arg>${number_of_users}</arg>
<doc>Returns the given values which can then be assigned to a variables.</doc>
<msg timestamp="20221109 21:59:55.967" level="INFO">${subsequent_number_of_heroes} = 0</msg>
<status status="PASS" starttime="20221109 21:59:55.967" endtime="20221109 21:59:55.967"/>
</kw>
<kw name="Set Global Variable" library="BuiltIn">
<arg>${subsequent_number_of_heroes}</arg>
<doc>Makes a variable available globally in all tests and suites.</doc>
<msg timestamp="20221109 21:59:55.967" level="INFO">${subsequent_number_of_heroes} = 0</msg>
<status status="PASS" starttime="20221109 21:59:55.967" endtime="20221109 21:59:55.967"/>
</kw>
<status status="PASS" starttime="20221109 21:59:55.963" endtime="20221109 21:59:55.967"/>
</kw>
<kw name="Evaluate" library="BuiltIn">
<var>${difference}</var>
<arg>${subsequent_number_of_heroes}-${initial_number_of_heroes}</arg>
<doc>Evaluates the given expression in Python and returns the result.</doc>
<msg timestamp="20221109 21:59:55.968" level="INFO">${difference} = 0</msg>
<status status="PASS" starttime="20221109 21:59:55.968" endtime="20221109 21:59:55.968"/>
</kw>
<if>
<branch type="IF" condition="${difference} != ${0}">
<kw name="Fail" library="BuiltIn">
<doc>Fails the test with the given message and optionally alters its tags.</doc>
<status status="NOT RUN" starttime="20221109 21:59:55.968" endtime="20221109 21:59:55.968"/>
</kw>
<status status="NOT RUN" starttime="20221109 21:59:55.968" endtime="20221109 21:59:55.968"/>
</branch>
<status status="PASS" starttime="20221109 21:59:55.968" endtime="20221109 21:59:55.968"/>
</if>
<kw name="Pass Execution" library="BuiltIn">
<arg>Verified insert Cannot Insert 1 Hero With Invalid Salary</arg>
<doc>Skips rest of the current test, setup, or teardown with PASS status.</doc>
<msg timestamp="20221109 21:59:55.968" level="INFO">Execution passed with message:
Verified insert Cannot Insert 1 Hero With Invalid Salary</msg>
<status status="PASS" starttime="20221109 21:59:55.968" endtime="20221109 21:59:55.968"/>
</kw>
<doc>This test case verifies api insert cannot insert 1 hero With Invalid Salary</doc>
<tag>1 hero</tag>
<tag>Invalid Salary</tag>
<tag>Not insert</tag>
<status status="PASS" starttime="20221109 21:59:51.527" endtime="20221109 21:59:55.968">Verified insert Cannot Insert 1 Hero With Invalid Salary</status>
</test>
<test id="s1-s1-t12" name="Verify insert Cannot Insert 1 Hero With Missing Tax" line="338">
<kw name="Rake Database" library="Helpfunction">
<status status="PASS" starttime="20221109 21:59:55.969" endtime="20221109 21:59:55.971"/>
</kw>
<kw name="Reload Page" library="SeleniumLibrary">
<doc>Simulates user reloading page.</doc>
<status status="PASS" starttime="20221109 21:59:55.971" endtime="20221109 21:59:56.142"/>
</kw>
<kw name="Sleep" library="BuiltIn">
<arg>2s</arg>
<doc>Pauses the test executed for the given time.</doc>
<msg timestamp="20221109 21:59:58.144" level="INFO">Slept 2 seconds</msg>
<status status="PASS" starttime="20221109 21:59:56.143" endtime="20221109 21:59:58.145"/>
</kw>
<kw name="Set Initial Number Of Heroes" library="resources">
<kw name="Get Number Of Heroes" library="resources">
<kw name="Get Number Of Users" library="Helpfunction">
<var>${number_of_users}</var>
<msg timestamp="20221109 21:59:58.155" level="INFO">${number_of_users} = 0</msg>
<status status="PASS" starttime="20221109 21:59:58.147" endtime="20221109 21:59:58.155"/>
</kw>
<kw name="Set Global Variable" library="BuiltIn">
<arg>${number_of_users}</arg>
<doc>Makes a variable available globally in all tests and suites.</doc>
<msg timestamp="20221109 21:59:58.155" level="INFO">${number_of_users} = 0</msg>
<status status="PASS" starttime="20221109 21:59:58.155" endtime="20221109 21:59:58.155"/>
</kw>
<status status="PASS" starttime="20221109 21:59:58.147" endtime="20221109 21:59:58.156"/>
</kw>
<kw name="Set Variable" library="BuiltIn">
<var>${initial_number_of_heroes}</var>
<arg>${number_of_users}</arg>
<doc>Returns the given values which can then be assigned to a variables.</doc>
<msg timestamp="20221109 21:59:58.156" level="INFO">${initial_number_of_heroes} = 0</msg>
<status status="PASS" starttime="20221109 21:59:58.156" endtime="20221109 21:59:58.156"/>
</kw>
<kw name="Set Global Variable" library="BuiltIn">
<arg>${initial_number_of_heroes}</arg>
<doc>Makes a variable available globally in all tests and suites.</doc>
<msg timestamp="20221109 21:59:58.158" level="INFO">${initial_number_of_heroes} = 0</msg>
<status status="PASS" starttime="20221109 21:59:58.157" endtime="20221109 21:59:58.158"/>
</kw>
<status status="PASS" starttime="20221109 21:59:58.146" endtime="20221109 21:59:58.158"/>
</kw>
<kw name="Insert 1 Person Missing Tax" library="Helpfunction">
<status status="PASS" starttime="20221109 21:59:58.158" endtime="20221109 21:59:58.169"/>
</kw>
<kw name="Sleep" library="BuiltIn">
<arg>2s</arg>
<doc>Pauses the test executed for the given time.</doc>
<msg timestamp="20221109 22:00:00.171" level="INFO">Slept 2 seconds</msg>
<status status="PASS" starttime="20221109 21:59:58.169" endtime="20221109 22:00:00.172"/>
</kw>
<kw name="Reload Page" library="SeleniumLibrary">
<doc>Simulates user reloading page.</doc>
<status status="PASS" starttime="20221109 22:00:00.173" endtime="20221109 22:00:00.426"/>
</kw>
<kw name="Set Subsequent Number Of Heroes" library="resources">
<kw name="Get Number Of Heroes" library="resources">
<kw name="Get Number Of Users" library="Helpfunction">
<var>${number_of_users}</var>
<msg timestamp="20221109 22:00:00.430" level="INFO">${number_of_users} = 0</msg>
<status status="PASS" starttime="20221109 22:00:00.426" endtime="20221109 22:00:00.430"/>
</kw>
<kw name="Set Global Variable" library="BuiltIn">
<arg>${number_of_users}</arg>
<doc>Makes a variable available globally in all tests and suites.</doc>
<msg timestamp="20221109 22:00:00.430" level="INFO">${number_of_users} = 0</msg>
<status status="PASS" starttime="20221109 22:00:00.430" endtime="20221109 22:00:00.430"/>
</kw>
<status status="PASS" starttime="20221109 22:00:00.426" endtime="20221109 22:00:00.430"/>
</kw>
<kw name="Set Variable" library="BuiltIn">
<var>${subsequent_number_of_heroes}</var>
<arg>${number_of_users}</arg>
<doc>Returns the given values which can then be assigned to a variables.</doc>
<msg timestamp="20221109 22:00:00.430" level="INFO">${subsequent_number_of_heroes} = 0</msg>
<status status="PASS" starttime="20221109 22:00:00.430" endtime="20221109 22:00:00.430"/>
</kw>
<kw name="Set Global Variable" library="BuiltIn">
<arg>${subsequent_number_of_heroes}</arg>
<doc>Makes a variable available globally in all tests and suites.</doc>
<msg timestamp="20221109 22:00:00.430" level="INFO">${subsequent_number_of_heroes} = 0</msg>
<status status="PASS" starttime="20221109 22:00:00.430" endtime="20221109 22:00:00.430"/>
</kw>
<status status="PASS" starttime="20221109 22:00:00.426" endtime="20221109 22:00:00.430"/>
</kw>
<kw name="Evaluate" library="BuiltIn">
<var>${difference}</var>
<arg>${subsequent_number_of_heroes}-${initial_number_of_heroes}</arg>
<doc>Evaluates the given expression in Python and returns the result.</doc>
<msg timestamp="20221109 22:00:00.431" level="INFO">${difference} = 0</msg>
<status status="PASS" starttime="20221109 22:00:00.431" endtime="20221109 22:00:00.431"/>
</kw>
<if>
<branch type="IF" condition="${difference} != ${0}">
<kw name="Fail" library="BuiltIn">
<doc>Fails the test with the given message and optionally alters its tags.</doc>
<status status="NOT RUN" starttime="20221109 22:00:00.431" endtime="20221109 22:00:00.431"/>
</kw>
<status status="NOT RUN" starttime="20221109 22:00:00.431" endtime="20221109 22:00:00.431"/>
</branch>
<status status="PASS" starttime="20221109 22:00:00.431" endtime="20221109 22:00:00.431"/>
</if>
<kw name="Pass Execution" library="BuiltIn">
<arg>Verified insert Cannot Insert 1 Hero With Missing Tax</arg>
<doc>Skips rest of the current test, setup, or teardown with PASS status.</doc>
<msg timestamp="20221109 22:00:00.431" level="INFO">Execution passed with message:
Verified insert Cannot Insert 1 Hero With Missing Tax</msg>
<status status="PASS" starttime="20221109 22:00:00.431" endtime="20221109 22:00:00.431"/>
</kw>
<doc>This test case verifies api insert cannot insert 1 hero With Missing Tax</doc>
<tag>1 hero</tag>
<tag>Missing Tax</tag>
<tag>Not insert</tag>
<status status="PASS" starttime="20221109 21:59:55.968" endtime="20221109 22:00:00.431">Verified insert Cannot Insert 1 Hero With Missing Tax</status>
</test>
<test id="s1-s1-t13" name="Verify insert Cannot Insert 1 Hero With Invalid Tax" line="367">
<kw name="Rake Database" library="Helpfunction">
<status status="PASS" starttime="20221109 22:00:00.432" endtime="20221109 22:00:00.435"/>
</kw>
<kw name="Reload Page" library="SeleniumLibrary">
<doc>Simulates user reloading page.</doc>
<status status="PASS" starttime="20221109 22:00:00.435" endtime="20221109 22:00:00.595"/>
</kw>
<kw name="Sleep" library="BuiltIn">
<arg>2s</arg>
<doc>Pauses the test executed for the given time.</doc>
<msg timestamp="20221109 22:00:02.596" level="INFO">Slept 2 seconds</msg>
<status status="PASS" starttime="20221109 22:00:00.595" endtime="20221109 22:00:02.596"/>
</kw>
<kw name="Set Initial Number Of Heroes" library="resources">
<kw name="Get Number Of Heroes" library="resources">
<kw name="Get Number Of Users" library="Helpfunction">
<var>${number_of_users}</var>
<msg timestamp="20221109 22:00:02.604" level="INFO">${number_of_users} = 0</msg>
<status status="PASS" starttime="20221109 22:00:02.597" endtime="20221109 22:00:02.604"/>
</kw>
<kw name="Set Global Variable" library="BuiltIn">
<arg>${number_of_users}</arg>
<doc>Makes a variable available globally in all tests and suites.</doc>
<msg timestamp="20221109 22:00:02.604" level="INFO">${number_of_users} = 0</msg>
<status status="PASS" starttime="20221109 22:00:02.604" endtime="20221109 22:00:02.604"/>
</kw>
<status status="PASS" starttime="20221109 22:00:02.597" endtime="20221109 22:00:02.604"/>
</kw>
<kw name="Set Variable" library="BuiltIn">
<var>${initial_number_of_heroes}</var>
<arg>${number_of_users}</arg>
<doc>Returns the given values which can then be assigned to a variables.</doc>
<msg timestamp="20221109 22:00:02.604" level="INFO">${initial_number_of_heroes} = 0</msg>
<status status="PASS" starttime="20221109 22:00:02.604" endtime="20221109 22:00:02.604"/>
</kw>
<kw name="Set Global Variable" library="BuiltIn">
<arg>${initial_number_of_heroes}</arg>
<doc>Makes a variable available globally in all tests and suites.</doc>
<msg timestamp="20221109 22:00:02.604" level="INFO">${initial_number_of_heroes} = 0</msg>
<status status="PASS" starttime="20221109 22:00:02.604" endtime="20221109 22:00:02.604"/>
</kw>
<status status="PASS" starttime="20221109 22:00:02.596" endtime="20221109 22:00:02.604"/>
</kw>
<kw name="Invalid Tax Insert 1 Person" library="Helpfunction">
<status status="PASS" starttime="20221109 22:00:02.605" endtime="20221109 22:00:02.619"/>
</kw>
<kw name="Sleep" library="BuiltIn">
<arg>2s</arg>
<doc>Pauses the test executed for the given time.</doc>
<msg timestamp="20221109 22:00:04.621" level="INFO">Slept 2 seconds</msg>
<status status="PASS" starttime="20221109 22:00:02.619" endtime="20221109 22:00:04.621"/>
</kw>
<kw name="Reload Page" library="SeleniumLibrary">
<doc>Simulates user reloading page.</doc>
<status status="PASS" starttime="20221109 22:00:04.622" endtime="20221109 22:00:04.854"/>
</kw>
<kw name="Set Subsequent Number Of Heroes" library="resources">
<kw name="Get Number Of Heroes" library="resources">
<kw name="Get Number Of Users" library="Helpfunction">
<var>${number_of_users}</var>
<msg timestamp="20221109 22:00:04.857" level="INFO">${number_of_users} = 0</msg>
<status status="PASS" starttime="20221109 22:00:04.854" endtime="20221109 22:00:04.857"/>
</kw>
<kw name="Set Global Variable" library="BuiltIn">
<arg>${number_of_users}</arg>
<doc>Makes a variable available globally in all tests and suites.</doc>
<msg timestamp="20221109 22:00:04.858" level="INFO">${number_of_users} = 0</msg>
<status status="PASS" starttime="20221109 22:00:04.857" endtime="20221109 22:00:04.858"/>
</kw>
<status status="PASS" starttime="20221109 22:00:04.854" endtime="20221109 22:00:04.858"/>
</kw>
<kw name="Set Variable" library="BuiltIn">
<var>${subsequent_number_of_heroes}</var>
<arg>${number_of_users}</arg>
<doc>Returns the given values which can then be assigned to a variables.</doc>
<msg timestamp="20221109 22:00:04.858" level="INFO">${subsequent_number_of_heroes} = 0</msg>
<status status="PASS" starttime="20221109 22:00:04.858" endtime="20221109 22:00:04.858"/>
</kw>
<kw name="Set Global Variable" library="BuiltIn">
<arg>${subsequent_number_of_heroes}</arg>
<doc>Makes a variable available globally in all tests and suites.</doc>
<msg timestamp="20221109 22:00:04.858" level="INFO">${subsequent_number_of_heroes} = 0</msg>
<status status="PASS" starttime="20221109 22:00:04.858" endtime="20221109 22:00:04.858"/>
</kw>
<status status="PASS" starttime="20221109 22:00:04.854" endtime="20221109 22:00:04.858"/>
</kw>
<kw name="Evaluate" library="BuiltIn">
<var>${difference}</var>
<arg>${subsequent_number_of_heroes}-${initial_number_of_heroes}</arg>
<doc>Evaluates the given expression in Python and returns the result.</doc>
<msg timestamp="20221109 22:00:04.859" level="INFO">${difference} = 0</msg>
<status status="PASS" starttime="20221109 22:00:04.858" endtime="20221109 22:00:04.859"/>
</kw>
<if>
<branch type="IF" condition="${difference} != ${0}">
<kw name="Fail" library="BuiltIn">
<doc>Fails the test with the given message and optionally alters its tags.</doc>
<status status="NOT RUN" starttime="20221109 22:00:04.862" endtime="20221109 22:00:04.862"/>
</kw>
<status status="NOT RUN" starttime="20221109 22:00:04.861" endtime="20221109 22:00:04.862"/>
</branch>
<status status="PASS" starttime="20221109 22:00:04.859" endtime="20221109 22:00:04.862"/>
</if>
<kw name="Pass Execution" library="BuiltIn">
<arg>Verified insert Cannot Insert 1 Hero With Invalid Salary</arg>
<doc>Skips rest of the current test, setup, or teardown with PASS status.</doc>
<msg timestamp="20221109 22:00:04.862" level="INFO">Execution passed with message:
Verified insert Cannot Insert 1 Hero With Invalid Salary</msg>
<status status="PASS" starttime="20221109 22:00:04.862" endtime="20221109 22:00:04.862"/>
</kw>
<doc>This test case verifies api insert cannot insert 1 hero With Invalid Tax</doc>
<tag>1 hero</tag>
<tag>Invalid Tax</tag>
<tag>Not insert</tag>
<status status="PASS" starttime="20221109 22:00:00.432" endtime="20221109 22:00:04.863">Verified insert Cannot Insert 1 Hero With Invalid Salary</status>
</test>
<test id="s1-s1-t14" name="Verify insertMultiple Can insert more than 1 Hero All Entries Valid" line="396">
<kw name="Rake Database" library="Helpfunction">
<status status="PASS" starttime="20221109 22:00:04.863" endtime="20221109 22:00:04.866"/>
</kw>
<kw name="Reload Page" library="SeleniumLibrary">
<doc>Simulates user reloading page.</doc>
<status status="PASS" starttime="20221109 22:00:04.866" endtime="20221109 22:00:05.154"/>
</kw>
<kw name="Sleep" library="BuiltIn">
<arg>2s</arg>
<doc>Pauses the test executed for the given time.</doc>
<msg timestamp="20221109 22:00:07.155" level="INFO">Slept 2 seconds</msg>
<status status="PASS" starttime="20221109 22:00:05.154" endtime="20221109 22:00:07.155"/>
</kw>
<kw name="Set Initial Number Of Heroes" library="resources">
<kw name="Get Number Of Heroes" library="resources">
<kw name="Get Number Of Users" library="Helpfunction">
<var>${number_of_users}</var>
<msg timestamp="20221109 22:00:07.164" level="INFO">${number_of_users} = 0</msg>
<status status="PASS" starttime="20221109 22:00:07.157" endtime="20221109 22:00:07.164"/>
</kw>
<kw name="Set Global Variable" library="BuiltIn">
<arg>${number_of_users}</arg>
<doc>Makes a variable available globally in all tests and suites.</doc>
<msg timestamp="20221109 22:00:07.165" level="INFO">${number_of_users} = 0</msg>
<status status="PASS" starttime="20221109 22:00:07.164" endtime="20221109 22:00:07.165"/>
</kw>
<status status="PASS" starttime="20221109 22:00:07.157" endtime="20221109 22:00:07.165"/>
</kw>
<kw name="Set Variable" library="BuiltIn">
<var>${initial_number_of_heroes}</var>
<arg>${number_of_users}</arg>
<doc>Returns the given values which can then be assigned to a variables.</doc>
<msg timestamp="20221109 22:00:07.165" level="INFO">${initial_number_of_heroes} = 0</msg>
<status status="PASS" starttime="20221109 22:00:07.165" endtime="20221109 22:00:07.165"/>
</kw>
<kw name="Set Global Variable" library="BuiltIn">
<arg>${initial_number_of_heroes}</arg>
<doc>Makes a variable available globally in all tests and suites.</doc>
<msg timestamp="20221109 22:00:07.166" level="INFO">${initial_number_of_heroes} = 0</msg>
<status status="PASS" starttime="20221109 22:00:07.165" endtime="20221109 22:00:07.166"/>
</kw>
<status status="PASS" starttime="20221109 22:00:07.156" endtime="20221109 22:00:07.166"/>
</kw>
<kw name="Insert Multiple People All Valid" library="Helpfunction">
<status status="PASS" starttime="20221109 22:00:07.166" endtime="20221109 22:00:07.174"/>
</kw>
<kw name="Sleep" library="BuiltIn">
<arg>2s</arg>
<doc>Pauses the test executed for the given time.</doc>
<msg timestamp="20221109 22:00:09.176" level="INFO">Slept 2 seconds</msg>
<status status="PASS" starttime="20221109 22:00:07.175" endtime="20221109 22:00:09.177"/>
</kw>
<kw name="Reload Page" library="SeleniumLibrary">
<doc>Simulates user reloading page.</doc>
<status status="PASS" starttime="20221109 22:00:09.177" endtime="20221109 22:00:09.454"/>
</kw>
<kw name="Set Subsequent Number Of Heroes" library="resources">
<kw name="Get Number Of Heroes" library="resources">
<kw name="Get Number Of Users" library="Helpfunction">
<var>${number_of_users}</var>
<msg timestamp="20221109 22:00:09.458" level="INFO">${number_of_users} = 2</msg>
<status status="PASS" starttime="20221109 22:00:09.455" endtime="20221109 22:00:09.458"/>
</kw>
<kw name="Set Global Variable" library="BuiltIn">
<arg>${number_of_users}</arg>
<doc>Makes a variable available globally in all tests and suites.</doc>
<msg timestamp="20221109 22:00:09.458" level="INFO">${number_of_users} = 2</msg>
<status status="PASS" starttime="20221109 22:00:09.458" endtime="20221109 22:00:09.458"/>
</kw>
<status status="PASS" starttime="20221109 22:00:09.455" endtime="20221109 22:00:09.458"/>
</kw>
<kw name="Set Variable" library="BuiltIn">
<var>${subsequent_number_of_heroes}</var>
<arg>${number_of_users}</arg>
<doc>Returns the given values which can then be assigned to a variables.</doc>
<msg timestamp="20221109 22:00:09.458" level="INFO">${subsequent_number_of_heroes} = 2</msg>
<status status="PASS" starttime="20221109 22:00:09.458" endtime="20221109 22:00:09.458"/>
</kw>
[...]
<msg timestamp="20221109 22:00:18.451" level="INFO">Execution passed with message:
Verified insertMultiple Cannot insert any Hero Some Entries Invalid</msg>
<status status="PASS" starttime="20221109 22:00:18.451" endtime="20221109 22:00:18.451"/>
</kw>
<doc>This test case verifies api insertmMltiple cannot insert any hero when some entries are invalid</doc>
<tag>1 hero</tag>
<tag>insert multiple</tag>
<tag>some Valid Entries</tag>
<status status="PASS" starttime="20221109 22:00:13.924" endtime="20221109 22:00:18.451">Verified insertMultiple Cannot insert any Hero Some Entries Invalid</status>
</test>
<test id="s1-s1-t17" name="Verify rakeDatabase Can Remove All Heroes When There are Heroes" line="483">
<kw name="Rake Database" library="Helpfunction">
<status status="PASS" starttime="20221109 22:00:18.451" endtime="20221109 22:00:18.455"/>
</kw>
<kw name="Reload Page" library="SeleniumLibrary">
<doc>Simulates user reloading page.</doc>
<status status="PASS" starttime="20221109 22:00:18.455" endtime="20221109 22:00:18.660"/>
</kw>
<kw name="Sleep" library="BuiltIn">
<arg>2s</arg>
<doc>Pauses the test executed for the given time.</doc>
<msg timestamp="20221109 22:00:20.661" level="INFO">Slept 2 seconds</msg>
<status status="PASS" starttime="20221109 22:00:18.660" endtime="20221109 22:00:20.662"/>
</kw>
<kw name="Insert Random Data" library="Helpfunction">
<status status="PASS" starttime="20221109 22:00:20.663" endtime="20221109 22:00:20.676"/>
</kw>
<kw name="Set Initial Number Of Heroes" library="resources">
<kw name="Get Number Of Heroes" library="resources">
<kw name="Get Number Of Users" library="Helpfunction">
<var>${number_of_users}</var>
<msg timestamp="20221109 22:00:20.683" level="INFO">${number_of_users} = 3</msg>
<status status="PASS" starttime="20221109 22:00:20.677" endtime="20221109 22:00:20.683"/>
</kw>
<kw name="Set Global Variable" library="BuiltIn">
<arg>${number_of_users}</arg>
<doc>Makes a variable available globally in all tests and suites.</doc>
<msg timestamp="20221109 22:00:20.683" level="INFO">${number_of_users} = 3</msg>
<status status="PASS" starttime="20221109 22:00:20.683" endtime="20221109 22:00:20.683"/>
</kw>
<status status="PASS" starttime="20221109 22:00:20.677" endtime="20221109 22:00:20.683"/>
</kw>
<kw name="Set Variable" library="BuiltIn">
<var>${initial_number_of_heroes}</var>
<arg>${number_of_users}</arg>
<doc>Returns the given values which can then be assigned to a variables.</doc>
<msg timestamp="20221109 22:00:20.684" level="INFO">${initial_number_of_heroes} = 3</msg>
<status status="PASS" starttime="20221109 22:00:20.684" endtime="20221109 22:00:20.684"/>
</kw>
<kw name="Set Global Variable" library="BuiltIn">
<arg>${initial_number_of_heroes}</arg>
<doc>Makes a variable available globally in all tests and suites.</doc>
<msg timestamp="20221109 22:00:20.684" level="INFO">${initial_number_of_heroes} = 3</msg>
<status status="PASS" starttime="20221109 22:00:20.684" endtime="20221109 22:00:20.684"/>
</kw>
<status status="PASS" starttime="20221109 22:00:20.677" endtime="20221109 22:00:20.684"/>
</kw>
<if>
<branch type="IF" condition="${initial_number_of_heroes} == ${0}">
<kw name="Fail" library="BuiltIn">
<doc>Fails the test with the given message and optionally alters its tags.</doc>
<status status="NOT RUN" starttime="20221109 22:00:20.685" endtime="20221109 22:00:20.685"/>
</kw>
<status status="NOT RUN" starttime="20221109 22:00:20.685" endtime="20221109 22:00:20.685"/>
</branch>
<status status="PASS" starttime="20221109 22:00:20.684" endtime="20221109 22:00:20.685"/>
</if>
<kw name="Sleep" library="BuiltIn">
<arg>2s</arg>
<doc>Pauses the test executed for the given time.</doc>
<msg timestamp="20221109 22:00:22.686" level="INFO">Slept 2 seconds</msg>
<status status="PASS" starttime="20221109 22:00:20.686" endtime="20221109 22:00:22.687"/>
</kw>
<kw name="Reload Page" library="SeleniumLibrary">
<doc>Simulates user reloading page.</doc>
<status status="PASS" starttime="20221109 22:00:22.687" endtime="20221109 22:00:22.933"/>
</kw>
<kw name="Rake Database" library="Helpfunction">
<status status="PASS" starttime="20221109 22:00:22.933" endtime="20221109 22:00:22.940"/>
</kw>
<kw name="Reload Page" library="SeleniumLibrary">
<doc>Simulates user reloading page.</doc>
<status status="PASS" starttime="20221109 22:00:22.940" endtime="20221109 22:00:23.105"/>
</kw>
<kw name="Sleep" library="BuiltIn">
<arg>2s</arg>
<doc>Pauses the test executed for the given time.</doc>
<msg timestamp="20221109 22:00:25.106" level="INFO">Slept 2 seconds</msg>
<status status="PASS" starttime="20221109 22:00:23.105" endtime="20221109 22:00:25.107"/>
</kw>
<kw name="Set Subsequent Number Of Heroes" library="resources">
<kw name="Get Number Of Heroes" library="resources">
<kw name="Get Number Of Users" library="Helpfunction">
<var>${number_of_users}</var>
<msg timestamp="20221109 22:00:25.116" level="INFO">${number_of_users} = 0</msg>
<status status="PASS" starttime="20221109 22:00:25.109" endtime="20221109 22:00:25.116"/>
</kw>
<kw name="Set Global Variable" library="BuiltIn">
<arg>${number_of_users}</arg>
<doc>Makes a variable available globally in all tests and suites.</doc>
<msg timestamp="20221109 22:00:25.117" level="INFO">${number_of_users} = 0</msg>
<status status="PASS" starttime="20221109 22:00:25.117" endtime="20221109 22:00:25.117"/>
</kw>
<status status="PASS" starttime="20221109 22:00:25.108" endtime="20221109 22:00:25.117"/>
</kw>
<kw name="Set Variable" library="BuiltIn">
<var>${subsequent_number_of_heroes}</var>
<arg>${number_of_users}</arg>
<doc>Returns the given values which can then be assigned to a variables.</doc>
<msg timestamp="20221109 22:00:25.117" level="INFO">${subsequent_number_of_heroes} = 0</msg>
<status status="PASS" starttime="20221109 22:00:25.117" endtime="20221109 22:00:25.117"/>
</kw>
<kw name="Set Global Variable" library="BuiltIn">
<arg>${subsequent_number_of_heroes}</arg>
<doc>Makes a variable available globally in all tests and suites.</doc>
<msg timestamp="20221109 22:00:25.118" level="INFO">${subsequent_number_of_heroes} = 0</msg>
<status status="PASS" starttime="20221109 22:00:25.118" endtime="20221109 22:00:25.118"/>
</kw>
<status status="PASS" starttime="20221109 22:00:25.107" endtime="20221109 22:00:25.118"/>
</kw>
<if>
<branch type="IF" condition="${subsequent_number_of_heroes} != ${0}">
<kw name="Fail" library="BuiltIn">
<doc>Fails the test with the given message and optionally alters its tags.</doc>
<status status="NOT RUN" starttime="20221109 22:00:25.119" endtime="20221109 22:00:25.119"/>
</kw>
<status status="NOT RUN" starttime="20221109 22:00:25.119" endtime="20221109 22:00:25.119"/>
</branch>
<status status="PASS" starttime="20221109 22:00:25.118" endtime="20221109 22:00:25.119"/>
</if>
<kw name="Pass Execution" library="BuiltIn">
<arg>Verified rakeDatabase Can Remove All Heroes When There are Heroes</arg>
<doc>Skips rest of the current test, setup, or teardown with PASS status.</doc>
<msg timestamp="20221109 22:00:25.120" level="INFO">Execution passed with message:
Verified rakeDatabase Can Remove All Heroes When There are Heroes</msg>
<status status="PASS" starttime="20221109 22:00:25.119" endtime="20221109 22:00:25.120"/>
</kw>
<doc>This test case verifies api rakeDatabase can remove all heroes where heroes are present</doc>
<tag>all heroes</tag>
<tag>heroes present</tag>
<tag>rakeDatabase</tag>
<tag>remove</tag>
<status status="PASS" starttime="20221109 22:00:18.451" endtime="20221109 22:00:25.120">Verified rakeDatabase Can Remove All Heroes When There are Heroes</status>
</test>
<test id="s1-s1-t18" name="Verify rakeDatabase Can Remove All Heroes When There are No Heroes" line="521">
<kw name="Rake Database" library="Helpfunction">
<status status="PASS" starttime="20221109 22:00:25.121" endtime="20221109 22:00:25.126"/>
</kw>
<kw name="Reload Page" library="SeleniumLibrary">
<doc>Simulates user reloading page.</doc>
<status status="PASS" starttime="20221109 22:00:25.126" endtime="20221109 22:00:25.348"/>
</kw>
<kw name="Sleep" library="BuiltIn">
<arg>2s</arg>
<doc>Pauses the test executed for the given time.</doc>
<msg timestamp="20221109 22:00:27.349" level="INFO">Slept 2 seconds</msg>
<status status="PASS" starttime="20221109 22:00:25.348" endtime="20221109 22:00:27.350"/>
</kw>
<kw name="Insert Random Data" library="Helpfunction">
<status status="PASS" starttime="20221109 22:00:27.351" endtime="20221109 22:00:27.361"/>
</kw>
<kw name="Set Initial Number Of Heroes" library="resources">
<kw name="Get Number Of Heroes" library="resources">
<kw name="Get Number Of Users" library="Helpfunction">
<var>${number_of_users}</var>
<msg timestamp="20221109 22:00:27.367" level="INFO">${number_of_users} = 3</msg>
<status status="PASS" starttime="20221109 22:00:27.362" endtime="20221109 22:00:27.367"/>
</kw>
<kw name="Set Global Variable" library="BuiltIn">
<arg>${number_of_users}</arg>
<doc>Makes a variable available globally in all tests and suites.</doc>
<msg timestamp="20221109 22:00:27.367" level="INFO">${number_of_users} = 3</msg>
<status status="PASS" starttime="20221109 22:00:27.367" endtime="20221109 22:00:27.367"/>
</kw>
<status status="PASS" starttime="20221109 22:00:27.361" endtime="20221109 22:00:27.367"/>
</kw>
<kw name="Set Variable" library="BuiltIn">
<var>${initial_number_of_heroes}</var>
<arg>${number_of_users}</arg>
<doc>Returns the given values which can then be assigned to a variables.</doc>
<msg timestamp="20221109 22:00:27.368" level="INFO">${initial_number_of_heroes} = 3</msg>
<status status="PASS" starttime="20221109 22:00:27.367" endtime="20221109 22:00:27.368"/>
</kw>
<kw name="Set Global Variable" library="BuiltIn">
<arg>${initial_number_of_heroes}</arg>
<doc>Makes a variable available globally in all tests and suites.</doc>
<msg timestamp="20221109 22:00:27.368" level="INFO">${initial_number_of_heroes} = 3</msg>
<status status="PASS" starttime="20221109 22:00:27.368" endtime="20221109 22:00:27.368"/>
</kw>
<status status="PASS" starttime="20221109 22:00:27.361" endtime="20221109 22:00:27.368"/>
</kw>
<if>
<branch type="IF" condition="${initial_number_of_heroes} == ${0}">
<kw name="Fail" library="BuiltIn">
<doc>Fails the test with the given message and optionally alters its tags.</doc>
<status status="NOT RUN" starttime="20221109 22:00:27.369" endtime="20221109 22:00:27.369"/>
</kw>
<status status="NOT RUN" starttime="20221109 22:00:27.369" endtime="20221109 22:00:27.369"/>
</branch>
<status status="PASS" starttime="20221109 22:00:27.368" endtime="20221109 22:00:27.369"/>
</if>
<kw name="Sleep" library="BuiltIn">
<arg>2s</arg>
<doc>Pauses the test executed for the given time.</doc>
<msg timestamp="20221109 22:00:29.372" level="INFO">Slept 2 seconds</msg>
<status status="PASS" starttime="20221109 22:00:27.369" endtime="20221109 22:00:29.372"/>
</kw>
<kw name="Reload Page" library="SeleniumLibrary">
<doc>Simulates user reloading page.</doc>
<status status="PASS" starttime="20221109 22:00:29.373" endtime="20221109 22:00:29.620"/>
</kw>
<kw name="Rake Database" library="Helpfunction">
<status status="PASS" starttime="20221109 22:00:29.620" endtime="20221109 22:00:29.624"/>
</kw>
<kw name="Reload Page" library="SeleniumLibrary">
<doc>Simulates user reloading page.</doc>
<status status="PASS" starttime="20221109 22:00:29.624" endtime="20221109 22:00:29.784"/>
</kw>
<kw name="Sleep" library="BuiltIn">
<arg>2s</arg>
<doc>Pauses the test executed for the given time.</doc>
<msg timestamp="20221109 22:00:31.786" level="INFO">Slept 2 seconds</msg>
<status status="PASS" starttime="20221109 22:00:29.784" endtime="20221109 22:00:31.787"/>
</kw>
<kw name="Set Subsequent Number Of Heroes" library="resources">
<kw name="Get Number Of Heroes" library="resources">
<kw name="Get Number Of Users" library="Helpfunction">
<var>${number_of_users}</var>
<msg timestamp="20221109 22:00:31.796" level="INFO">${number_of_users} = 0</msg>
<status status="PASS" starttime="20221109 22:00:31.789" endtime="20221109 22:00:31.796"/>
</kw>
<kw name="Set Global Variable" library="BuiltIn">
<arg>${number_of_users}</arg>
<doc>Makes a variable available globally in all tests and suites.</doc>
<msg timestamp="20221109 22:00:31.797" level="INFO">${number_of_users} = 0</msg>
<status status="PASS" starttime="20221109 22:00:31.797" endtime="20221109 22:00:31.798"/>
</kw>
<status status="PASS" starttime="20221109 22:00:31.788" endtime="20221109 22:00:31.798"/>
</kw>
<kw name="Set Variable" library="BuiltIn">
<var>${subsequent_number_of_heroes}</var>
<arg>${number_of_users}</arg>
<doc>Returns the given values which can then be assigned to a variables.</doc>
<msg timestamp="20221109 22:00:31.798" level="INFO">${subsequent_number_of_heroes} = 0</msg>
<status status="PASS" starttime="20221109 22:00:31.798" endtime="20221109 22:00:31.798"/>
</kw>
<kw name="Set Global Variable" library="BuiltIn">
<arg>${subsequent_number_of_heroes}</arg>
<doc>Makes a variable available globally in all tests and suites.</doc>
<msg timestamp="20221109 22:00:31.799" level="INFO">${subsequent_number_of_heroes} = 0</msg>
<status status="PASS" starttime="20221109 22:00:31.798" endtime="20221109 22:00:31.799"/>
</kw>
<status status="PASS" starttime="20221109 22:00:31.787" endtime="20221109 22:00:31.799"/>
</kw>
<if>
<branch type="IF" condition="${subsequent_number_of_heroes} != ${0}">
<kw name="Fail" library="BuiltIn">
<doc>Fails the test with the given message and optionally alters its tags.</doc>
<status status="NOT RUN" starttime="20221109 22:00:31.800" endtime="20221109 22:00:31.800"/>
</kw>
<status status="NOT RUN" starttime="20221109 22:00:31.800" endtime="20221109 22:00:31.800"/>
</branch>
<status status="PASS" starttime="20221109 22:00:31.799" endtime="20221109 22:00:31.800"/>
</if>
<kw name="Rake Database" library="Helpfunction">
<status status="PASS" starttime="20221109 22:00:31.800" endtime="20221109 22:00:31.804"/>
</kw>
<kw name="Reload Page" library="SeleniumLibrary">
<doc>Simulates user reloading page.</doc>
<status status="PASS" starttime="20221109 22:00:31.805" endtime="20221109 22:00:32.021"/>
</kw>
<kw name="Sleep" library="BuiltIn">
<arg>2s</arg>
<doc>Pauses the test executed for the given time.</doc>
<msg timestamp="20221109 22:00:34.024" level="INFO">Slept 2 seconds</msg>
<status status="PASS" starttime="20221109 22:00:32.021" endtime="20221109 22:00:34.024"/>
</kw>
<kw name="Set Subsequent Number Of Heroes" library="resources">
<kw name="Get Number Of Heroes" library="resources">
<kw name="Get Number Of Users" library="Helpfunction">
<var>${number_of_users}</var>
<msg timestamp="20221109 22:00:34.031" level="INFO">${number_of_users} = 0</msg>
<status status="PASS" starttime="20221109 22:00:34.025" endtime="20221109 22:00:34.031"/>
</kw>
<kw name="Set Global Variable" library="BuiltIn">
<arg>${number_of_users}</arg>
<doc>Makes a variable available globally in all tests and suites.</doc>
<msg timestamp="20221109 22:00:34.031" level="INFO">${number_of_users} = 0</msg>
<status status="PASS" starttime="20221109 22:00:34.031" endtime="20221109 22:00:34.031"/>
</kw>
<status status="PASS" starttime="20221109 22:00:34.025" endtime="20221109 22:00:34.031"/>
</kw>
<kw name="Set Variable" library="BuiltIn">
<var>${subsequent_number_of_heroes}</var>
<arg>${number_of_users}</arg>
<doc>Returns the given values which can then be assigned to a variables.</doc>
<msg timestamp="20221109 22:00:34.032" level="INFO">${subsequent_number_of_heroes} = 0</msg>
<status status="PASS" starttime="20221109 22:00:34.032" endtime="20221109 22:00:34.032"/>
</kw>
<kw name="Set Global Variable" library="BuiltIn">
<arg>${subsequent_number_of_heroes}</arg>
<doc>Makes a variable available globally in all tests and suites.</doc>
<msg timestamp="20221109 22:00:34.032" level="INFO">${subsequent_number_of_heroes} = 0</msg>
<status status="PASS" starttime="20221109 22:00:34.032" endtime="20221109 22:00:34.032"/>
</kw>
<status status="PASS" starttime="20221109 22:00:34.024" endtime="20221109 22:00:34.032"/>
</kw>
<if>
<branch type="IF" condition="${subsequent_number_of_heroes} != ${0}">
<kw name="Fail" library="BuiltIn">
<doc>Fails the test with the given message and optionally alters its tags.</doc>
<status status="NOT RUN" starttime="20221109 22:00:34.033" endtime="20221109 22:00:34.033"/>
</kw>
<status status="NOT RUN" starttime="20221109 22:00:34.033" endtime="20221109 22:00:34.033"/>
</branch>
<status status="PASS" starttime="20221109 22:00:34.033" endtime="20221109 22:00:34.033"/>
</if>
<kw name="Pass Execution" library="BuiltIn">
<arg>Verified rakeDatabase Can Remove All Heroes When There are No Heroes</arg>
<doc>Skips rest of the current test, setup, or teardown with PASS status.</doc>
<msg timestamp="20221109 22:00:34.034" level="INFO">Execution passed with message:
Verified rakeDatabase Can Remove All Heroes When There are No Heroes</msg>
<status status="PASS" starttime="20221109 22:00:34.033" endtime="20221109 22:00:34.034"/>
</kw>
<doc>This test case verifies api rakeDatabase can remove all heroes</doc>
<tag>all heroes</tag>
<tag>heroes absent</tag>
<tag>rakeDatabase</tag>
<tag>remove</tag>
<status status="PASS" starttime="20221109 22:00:25.120" endtime="20221109 22:00:34.034">Verified rakeDatabase Can Remove All Heroes When There are No Heroes</status>
</test>
<doc>API Test Of Oppenheimer Project</doc>
<status status="PASS" starttime="20221109 21:59:12.827" endtime="20221109 22:00:34.035"/>
</suite>
<kw name="Run Keyword And Ignore Error" library="BuiltIn" type="TEARDOWN">
<arg>Suite shutdown</arg>
<doc>Runs the given keyword with the given arguments and ignores possible error.</doc>
<kw name="Suite shutdown">
<kw name="Close All Browsers" library="SeleniumLibrary">
<doc>Closes all open browsers and resets the browser cache.</doc>
<status status="PASS" starttime="20221109 22:00:34.040" endtime="20221109 22:00:34.118"/>
</kw>
<status status="PASS" starttime="20221109 22:00:34.040" endtime="20221109 22:00:34.118"/>
</kw>
<status status="PASS" starttime="20221109 22:00:34.039" endtime="20221109 22:00:34.118"/>
</kw>
<status status="PASS" starttime="20221109 21:58:58.304" endtime="20221109 22:00:34.118"/>
</suite>
<statistics>
<total>
<stat pass="16" fail="0" skip="2">All Tests</stat>
</total>
<tag>
<stat pass="13" fail="0" skip="2">1 hero</stat>
<stat pass="2" fail="0" skip="0">all heroes</stat>
<stat pass="1" fail="0" skip="0">All Valid Data</stat>
<stat pass="1" fail="0" skip="0">All Valid Entries</stat>
<stat pass="1" fail="0" skip="0">heroes absent</stat>
<stat pass="1" fail="0" skip="0">heroes present</stat>
<stat pass="2" fail="0" skip="0">insert</stat>
<stat pass="2" fail="0" skip="0">insert multiple</stat>
<stat pass="1" fail="0" skip="0">insertRandomToDatabaseForNoReason</stat>
<stat pass="1" fail="0" skip="0">Invalid Birthday</stat>
<stat pass="1" fail="0" skip="0">Invalid Gender</stat>
<stat pass="0" fail="0" skip="1">Invalid national id</stat>
<stat pass="1" fail="0" skip="0">Invalid Salary</stat>
<stat pass="1" fail="0" skip="0">Invalid Tax</stat>
<stat pass="1" fail="0" skip="0">Missing Birthday</stat>
<stat pass="0" fail="0" skip="1">Missing Gender</stat>
<stat pass="1" fail="0" skip="0">Missing name</stat>
<stat pass="1" fail="0" skip="0">Missing national id</stat>
<stat pass="1" fail="0" skip="0">Missing Salary</stat>
<stat pass="1" fail="0" skip="0">Missing Tax</stat>
<stat pass="1" fail="0" skip="0">more than 1 hero</stat>
<stat pass="9" fail="0" skip="2">Not insert</stat>
<stat pass="1" fail="0" skip="0">No Valid Entries</stat>
<stat pass="2" fail="0" skip="0">rakeDatabase</stat>
<stat pass="1" fail="0" skip="0">randomly</stat>
<stat pass="2" fail="0" skip="0">remove</stat>
<stat pass="1" fail="0" skip="0">some Valid Entries</stat>
</tag>
<suite>
<stat pass="16" fail="0" skip="2" id="s1" name="0000 Api Testing">0000 Api Testing</stat>
<stat pass="16" fail="0" skip="2" id="s1-s1" name="0000 Api Testing">0000 Api Testing.0000 Api Testing</stat>
</suite>
</statistics>
<errors>
</errors>
</robot>
