<?xml version="1.0" encoding="UTF-8"?>
<robot generator="Robot 6.0 (Python 3.10.8 on darwin)" generated="20221106 02:17:03.722" rpa="false" schemaversion="3">
<suite id="s1" name="Kenneth Robot Assignment" source="/Users/chuaqiyangkenneth/robot_assignment/kenneth_robot_assignment">
<kw name="Open Website The Oppenheimer Project" library="resources" type="SETUP">
<kw name="Open Browser" library="SeleniumLibrary">
<arg>http://localhost:8080/</arg>
<arg>Chrome</arg>
<doc>Opens a new browser instance to the optional ``url``.</doc>
<msg timestamp="20221106 02:17:03.817" level="INFO">Opening browser 'Chrome' to base url 'http://localhost:8080/'.</msg>
<status status="PASS" starttime="20221106 02:17:03.816" endtime="20221106 02:17:15.553"/>
</kw>
<kw name="Wait Until Element Is Visible" library="SeleniumLibrary">
<arg>xpath://*[@id="contents-main"]</arg>
<doc>Waits until the element ``locator`` is visible.</doc>
<status status="PASS" starttime="20221106 02:17:15.553" endtime="20221106 02:17:15.753"/>
</kw>
<status status="PASS" starttime="20221106 02:17:03.816" endtime="20221106 02:17:15.753"/>
</kw>
<suite id="s1-s1" name="Test" source="/Users/chuaqiyangkenneth/robot_assignment/kenneth_robot_assignment/Test">
<suite id="s1-s1-s1" name="Clerk Test" source="/Users/chuaqiyangkenneth/robot_assignment/kenneth_robot_assignment/Test/Clerk_Test">
<suite id="s1-s1-s1-s1" name="Robottest Copy" source="/Users/chuaqiyangkenneth/robot_assignment/kenneth_robot_assignment/Test/Clerk_Test/robottest copy.robot">
<test id="s1-s1-s1-s1-t1" name="Verify Successful Login to OrangeHRM" line="13">
<kw name="Get Element Count" library="SeleniumLibrary">
<var>${happy}</var>
<arg>xpath://*[@id="contents"]/div[2]/table/tbody/tr</arg>
<doc>Returns the number of elements matching ``locator``.</doc>
<msg timestamp="20221106 02:17:15.777" level="INFO">${happy} = 28</msg>
<status status="PASS" starttime="20221106 02:17:15.757" endtime="20221106 02:17:15.777"/>
</kw>
<doc>This test case verifies the initial settings for The Oppenheimer Project</doc>
<tag>Initial</tag>
<status status="PASS" starttime="20221106 02:17:15.756" endtime="20221106 02:17:15.777"/>
</test>
<doc>Login Functionality</doc>
<status status="PASS" starttime="20221106 02:17:15.754" endtime="20221106 02:17:15.777"/>
</suite>
<status status="PASS" starttime="20221106 02:17:15.754" endtime="20221106 02:17:15.777"/>
</suite>
<suite id="s1-s1-s2" name="Initialisation" source="/Users/chuaqiyangkenneth/robot_assignment/kenneth_robot_assignment/Test/Initialisation">
<suite id="s1-s1-s2-s1" name="0001 Initial Page Before Clerk Entry Test" source="/Users/chuaqiyangkenneth/robot_assignment/kenneth_robot_assignment/Test/Initialisation/0001_initial_page_before_clerk_entry_test.robot">
<test id="s1-s1-s2-s1-t1" name="Verify Initial Text of Summary Table Of The Oppenheimer Project" line="16">
<kw name="Get Number Of Heroes" library="resources">
<kw name="Get Number Of Users" library="Helpfunction">
<var>${number_of_users}</var>
<msg timestamp="20221106 02:17:15.788" level="INFO">${number_of_users} = 28</msg>
<status status="PASS" starttime="20221106 02:17:15.781" endtime="20221106 02:17:15.788"/>
</kw>
<kw name="Set Global Variable" library="BuiltIn">
<arg>${number_of_users}</arg>
<doc>Makes a variable available globally in all tests and suites.</doc>
<msg timestamp="20221106 02:17:15.788" level="INFO">${number_of_users} = 28</msg>
<status status="PASS" starttime="20221106 02:17:15.788" endtime="20221106 02:17:15.788"/>
</kw>
<status status="PASS" starttime="20221106 02:17:15.781" endtime="20221106 02:17:15.789"/>
</kw>
<if>
<branch type="IF" condition="${number_of_users} == ${0}">
<kw name="Wait Until Element Is Visible" library="SeleniumLibrary">
<arg>xpath://*[@id="contents"]/h1</arg>
<doc>Waits until the element ``locator`` is visible.</doc>
<status status="NOT RUN" starttime="20221106 02:17:15.789" endtime="20221106 02:17:15.789"/>
</kw>
<kw name="Get Text" library="SeleniumLibrary">
<var>${init_text}</var>
<arg>xpath://*[@id="contents"]/h1</arg>
<doc>Returns the text value of the element identified by ``locator``.</doc>
<status status="NOT RUN" starttime="20221106 02:17:15.789" endtime="20221106 02:17:15.789"/>
</kw>
<kw name="Check Init Text" library="Helpfunction">
<var>${result}</var>
<arg>${init_text}</arg>
<status status="NOT RUN" starttime="20221106 02:17:15.789" endtime="20221106 02:17:15.789"/>
</kw>
<kw name="Log To Console" library="BuiltIn">
<arg>${result}</arg>
<doc>Logs the given message to the console.</doc>
<status status="NOT RUN" starttime="20221106 02:17:15.789" endtime="20221106 02:17:15.789"/>
</kw>
<if>
<branch type="IF" condition="${result}">
<kw name="Page Should Not Contain Element" library="SeleniumLibrary">
<arg>xpath://*[@id="contents"]/div[2]/table</arg>
<doc>Verifies that element ``locator`` is not found on the current page.</doc>
<status status="NOT RUN" starttime="20221106 02:17:15.789" endtime="20221106 02:17:15.789"/>
</kw>
<kw name="Log To Console" library="BuiltIn">
<arg>PASS</arg>
<doc>Logs the given message to the console.</doc>
<status status="NOT RUN" starttime="20221106 02:17:15.789" endtime="20221106 02:17:15.789"/>
</kw>
<status status="NOT RUN" starttime="20221106 02:17:15.789" endtime="20221106 02:17:15.789"/>
</branch>
<branch type="ELSE">
<kw name="Fail" library="BuiltIn">
<doc>Fails the test with the given message and optionally alters its tags.</doc>
<status status="NOT RUN" starttime="20221106 02:17:15.789" endtime="20221106 02:17:15.789"/>
</kw>
<status status="NOT RUN" starttime="20221106 02:17:15.789" endtime="20221106 02:17:15.789"/>
</branch>
<status status="NOT RUN" starttime="20221106 02:17:15.789" endtime="20221106 02:17:15.789"/>
</if>
<status status="NOT RUN" starttime="20221106 02:17:15.789" endtime="20221106 02:17:15.789"/>
</branch>
<branch type="ELSE">
<kw name="Log To Console" library="BuiltIn">
<arg>{"Someone is home"}</arg>
<doc>Logs the given message to the console.</doc>
<status status="PASS" starttime="20221106 02:17:15.789" endtime="20221106 02:17:15.790"/>
</kw>
<kw name="Page Should Contain Element" library="SeleniumLibrary">
<arg>xpath://*[@id="contents"]/div[2]/table</arg>
<doc>Verifies that element ``locator`` is found on the current page.</doc>
<msg timestamp="20221106 02:17:15.798" level="INFO">Current page contains element 'xpath://*[@id="contents"]/div[2]/table'.</msg>
<status status="PASS" starttime="20221106 02:17:15.790" endtime="20221106 02:17:15.798"/>
</kw>
<kw name="Page Should Not Contain Element" library="SeleniumLibrary">
<arg>xpath://*[@id="contents"]/h1</arg>
<doc>Verifies that element ``locator`` is not found on the current page.</doc>
<msg timestamp="20221106 02:17:15.804" level="INFO">Current page does not contain element 'xpath://*[@id="contents"]/h1'.</msg>
<status status="PASS" starttime="20221106 02:17:15.798" endtime="20221106 02:17:15.804"/>
</kw>
<kw name="Count Rows In Table" library="resources">
<kw name="Get Element Count" library="SeleniumLibrary">
<var>${initial_rows}</var>
<arg>xpath://*[@id="contents"]/div[2]/table/tbody/tr</arg>
<doc>Returns the number of elements matching ``locator``.</doc>
<msg timestamp="20221106 02:17:15.809" level="INFO">${initial_rows} = 28</msg>
<status status="PASS" starttime="20221106 02:17:15.804" endtime="20221106 02:17:15.809"/>
</kw>
<kw name="Set Global Variable" library="BuiltIn">
<arg>${initial_rows}</arg>
<doc>Makes a variable available globally in all tests and suites.</doc>
<msg timestamp="20221106 02:17:15.809" level="INFO">${initial_rows} = 28</msg>
<status status="PASS" starttime="20221106 02:17:15.809" endtime="20221106 02:17:15.809"/>
</kw>
<status status="PASS" starttime="20221106 02:17:15.804" endtime="20221106 02:17:15.809"/>
</kw>
<if>
<branch type="IF" condition="${initial_rows} != ${number_of_users}">
<kw name="Fail" library="BuiltIn">
<doc>Fails the test with the given message and optionally alters its tags.</doc>
<status status="NOT RUN" starttime="20221106 02:17:15.809" endtime="20221106 02:17:15.809"/>
</kw>
<status status="NOT RUN" starttime="20221106 02:17:15.809" endtime="20221106 02:17:15.809"/>
</branch>
<branch type="ELSE">
<kw name="Pass Execution" library="BuiltIn">
<arg>Test Passed</arg>
<doc>Skips rest of the current test, setup, or teardown with PASS status.</doc>
<msg timestamp="20221106 02:17:15.809" level="INFO">Execution passed with message:
Test Passed</msg>
<status status="PASS" starttime="20221106 02:17:15.809" endtime="20221106 02:17:15.809"/>
</kw>
<status status="PASS" starttime="20221106 02:17:15.809" endtime="20221106 02:17:15.809"/>
</branch>
<status status="PASS" starttime="20221106 02:17:15.809" endtime="20221106 02:17:15.810"/>
</if>
<status status="PASS" starttime="20221106 02:17:15.789" endtime="20221106 02:17:15.810"/>
</branch>
<status status="PASS" starttime="20221106 02:17:15.789" endtime="20221106 02:17:15.810"/>
</if>
<doc>This test case verifies the initial settings for the table for The Oppenheimer Project</doc>
<tag>Initial</tag>
<status status="PASS" starttime="20221106 02:17:15.781" endtime="20221106 02:17:15.810">Test Passed</status>
</test>
<test id="s1-s1-s2-s1-t2" name="Verify Initial Text of Summary Relief Text Of The Oppenheimer Project Corresponds To Data From API Call" line="55">
<kw name="Get Number Of Heroes" library="resources">
<kw name="Get Number Of Users" library="Helpfunction">
<var>${number_of_users}</var>
<msg timestamp="20221106 02:17:15.814" level="INFO">${number_of_users} = 28</msg>
<status status="PASS" starttime="20221106 02:17:15.810" endtime="20221106 02:17:15.814"/>
</kw>
<kw name="Set Global Variable" library="BuiltIn">
<arg>${number_of_users}</arg>
<doc>Makes a variable available globally in all tests and suites.</doc>
<msg timestamp="20221106 02:17:15.814" level="INFO">${number_of_users} = 28</msg>
<status status="PASS" starttime="20221106 02:17:15.814" endtime="20221106 02:17:15.814"/>
</kw>
<status status="PASS" starttime="20221106 02:17:15.810" endtime="20221106 02:17:15.814"/>
</kw>
<kw name="Get Financial Summary For Number Of Heroes From Api" library="resources">
<kw name="Curl Get Relief Summary Users" library="Helpfunction">
<var>${api_relief_summary_heroes}</var>
<msg timestamp="20221106 02:17:15.817" level="INFO">${api_relief_summary_heroes} = 28</msg>
<status status="PASS" starttime="20221106 02:17:15.814" endtime="20221106 02:17:15.817"/>
</kw>
<kw name="Set Global Variable" library="BuiltIn">
<arg>${api_relief_summary_heroes}</arg>
<doc>Makes a variable available globally in all tests and suites.</doc>
<msg timestamp="20221106 02:17:15.818" level="INFO">${api_relief_summary_heroes} = 28</msg>
<status status="PASS" starttime="20221106 02:17:15.818" endtime="20221106 02:17:15.818"/>
</kw>
<status status="PASS" starttime="20221106 02:17:15.814" endtime="20221106 02:17:15.818"/>
</kw>
<kw name="Get Financial Summary For Total Relief From Api" library="resources">
<kw name="Curl Get Relief Summary Relief" library="Helpfunction">
<var>${api_relief_summary_total_relief}</var>
<msg timestamp="20221106 02:17:15.822" level="INFO">${api_relief_summary_total_relief} = 0</msg>
<status status="PASS" starttime="20221106 02:17:15.818" endtime="20221106 02:17:15.822"/>
</kw>
<kw name="Set Global Variable" library="BuiltIn">
<arg>${api_relief_summary_total_relief}</arg>
<doc>Makes a variable available globally in all tests and suites.</doc>
<msg timestamp="20221106 02:17:15.822" level="INFO">${api_relief_summary_total_relief} = 0</msg>
<status status="PASS" starttime="20221106 02:17:15.822" endtime="20221106 02:17:15.822"/>
</kw>
<status status="PASS" starttime="20221106 02:17:15.818" endtime="20221106 02:17:15.822"/>
</kw>
<if>
<branch type="IF" condition="${number_of_users} == ${0}">
<kw name="Get Initial Financial Relief Summary Statement" library="resources">
<status status="NOT RUN" starttime="20221106 02:17:15.822" endtime="20221106 02:17:15.822"/>
</kw>
<kw name="Splittextforpeople" library="Helpfunction">
<var>${check_against_people}</var>
<arg>${relief_statement}</arg>
<arg>${api_relief_summary_heroes}</arg>
<status status="NOT RUN" starttime="20221106 02:17:15.823" endtime="20221106 02:17:15.823"/>
</kw>
<if>
<branch type="IF" condition="${check_against_people} == ${False}">
<kw name="Fail" library="BuiltIn">
<doc>Fails the test with the given message and optionally alters its tags.</doc>
<status status="NOT RUN" starttime="20221106 02:17:15.823" endtime="20221106 02:17:15.823"/>
</kw>
<status status="NOT RUN" starttime="20221106 02:17:15.823" endtime="20221106 02:17:15.823"/>
</branch>
<status status="NOT RUN" starttime="20221106 02:17:15.823" endtime="20221106 02:17:15.823"/>
</if>
<kw name="Splittextforcheckprice" library="Helpfunction">
<var>${check_against_price}</var>
<arg>${relief_statement}</arg>
<arg>${api_relief_summary_total_relief}</arg>
<status status="NOT RUN" starttime="20221106 02:17:15.823" endtime="20221106 02:17:15.823"/>
</kw>
<if>
<branch type="IF" condition="${check_against_price}">
<kw name="Pass Execution" library="BuiltIn">
<arg>Sub Price Sub Test Passed</arg>
<doc>Skips rest of the current test, setup, or teardown with PASS status.</doc>
<status status="NOT RUN" starttime="20221106 02:17:15.823" endtime="20221106 02:17:15.823"/>
</kw>
<status status="NOT RUN" starttime="20221106 02:17:15.823" endtime="20221106 02:17:15.823"/>
</branch>
<branch type="ELSE">
<kw name="Fail" library="BuiltIn">
<doc>Fails the test with the given message and optionally alters its tags.</doc>
<status status="NOT RUN" starttime="20221106 02:17:15.823" endtime="20221106 02:17:15.823"/>
</kw>
<status status="NOT RUN" starttime="20221106 02:17:15.823" endtime="20221106 02:17:15.823"/>
</branch>
<status status="NOT RUN" starttime="20221106 02:17:15.823" endtime="20221106 02:17:15.823"/>
</if>
<status status="NOT RUN" starttime="20221106 02:17:15.822" endtime="20221106 02:17:15.823"/>
</branch>
<branch type="ELSE">
<kw name="Get Subsequent Financial Relief Summary Statement" library="resources">
<kw name="Wait Until Element Is Visible" library="SeleniumLibrary">
<arg>xpath://*[@id="contents"]/div[3]/div/p</arg>
<doc>Waits until the element ``locator`` is visible.</doc>
<status status="PASS" starttime="20221106 02:17:15.823" endtime="20221106 02:17:15.837"/>
</kw>
<kw name="Get Text" library="SeleniumLibrary">
<var>${relief_statement}</var>
<arg>xpath://*[@id="contents"]/div[3]/div/p</arg>
<doc>Returns the text value of the element identified by ``locator``.</doc>
<msg timestamp="20221106 02:17:15.860" level="INFO">${relief_statement} = £0 will be dispensed to 28 Working Class Hero/s</msg>
<status status="PASS" starttime="20221106 02:17:15.837" endtime="20221106 02:17:15.860"/>
</kw>
<kw name="Set Global Variable" library="BuiltIn">
<arg>${relief_statement}</arg>
<doc>Makes a variable available globally in all tests and suites.</doc>
<msg timestamp="20221106 02:17:15.860" level="INFO">${relief_statement} = £0 will be dispensed to 28 Working Class Hero/s</msg>
<status status="PASS" starttime="20221106 02:17:15.860" endtime="20221106 02:17:15.860"/>
</kw>
<status status="PASS" starttime="20221106 02:17:15.823" endtime="20221106 02:17:15.861"/>
</kw>
<kw name="Splittextforpeople" library="Helpfunction">
<var>${check_against_people}</var>
<arg>${relief_statement}</arg>
<arg>${api_relief_summary_heroes}</arg>
<msg timestamp="20221106 02:17:15.861" level="INFO">${check_against_people} = True</msg>
<status status="PASS" starttime="20221106 02:17:15.861" endtime="20221106 02:17:15.861"/>
</kw>
<if>
<branch type="IF" condition="${check_against_people} == ${False}">
<kw name="Fail" library="BuiltIn">
<doc>Fails the test with the given message and optionally alters its tags.</doc>
<status status="NOT RUN" starttime="20221106 02:17:15.861" endtime="20221106 02:17:15.861"/>
</kw>
<status status="NOT RUN" starttime="20221106 02:17:15.861" endtime="20221106 02:17:15.861"/>
</branch>
<status status="PASS" starttime="20221106 02:17:15.861" endtime="20221106 02:17:15.861"/>
</if>
<kw name="Splittextforcheckprice" library="Helpfunction">
<var>${check_against_price}</var>
<arg>${relief_statement}</arg>
<arg>${api_relief_summary_total_relief}</arg>
<msg timestamp="20221106 02:17:15.861" level="INFO">${check_against_price} = True</msg>
<status status="PASS" starttime="20221106 02:17:15.861" endtime="20221106 02:17:15.861"/>
</kw>
<if>
<branch type="IF" condition="${check_against_price}">
<kw name="Pass Execution" library="BuiltIn">
<arg>Sub Price Sub Test Passed</arg>
<doc>Skips rest of the current test, setup, or teardown with PASS status.</doc>
<msg timestamp="20221106 02:17:15.861" level="INFO">Execution passed with message:
Sub Price Sub Test Passed</msg>
<status status="PASS" starttime="20221106 02:17:15.861" endtime="20221106 02:17:15.861"/>
</kw>
<status status="PASS" starttime="20221106 02:17:15.861" endtime="20221106 02:17:15.861"/>
</branch>
<branch type="ELSE">
<kw name="Fail" library="BuiltIn">
<doc>Fails the test with the given message and optionally alters its tags.</doc>
<status status="NOT RUN" starttime="20221106 02:17:15.861" endtime="20221106 02:17:15.861"/>
</kw>
<status status="NOT RUN" starttime="20221106 02:17:15.861" endtime="20221106 02:17:15.861"/>
</branch>
<status status="PASS" starttime="20221106 02:17:15.861" endtime="20221106 02:17:15.861"/>
</if>
<status status="PASS" starttime="20221106 02:17:15.823" endtime="20221106 02:17:15.861"/>
</branch>
<status status="PASS" starttime="20221106 02:17:15.822" endtime="20221106 02:17:15.861"/>
</if>
<doc>This test case verifies the initial relief summary text for The Oppenheimer Project</doc>
<tag>Initial</tag>
<status status="PASS" starttime="20221106 02:17:15.810" endtime="20221106 02:17:15.861">Sub Price Sub Test Passed</status>
</test>
<test id="s1-s1-s2-s1-t3" name="Verify Initial Text of Summary Relief Statement Of The Oppenheimer Project Corresponds To Front End Table" line="98">
<kw name="Get Number Of Heroes" library="resources">
<kw name="Get Number Of Users" library="Helpfunction">
<var>${number_of_users}</var>
<msg timestamp="20221106 02:17:15.867" level="INFO">${number_of_users} = 28</msg>
<status status="PASS" starttime="20221106 02:17:15.862" endtime="20221106 02:17:15.867"/>
</kw>
<kw name="Set Global Variable" library="BuiltIn">
<arg>${number_of_users}</arg>
<doc>Makes a variable available globally in all tests and suites.</doc>
<msg timestamp="20221106 02:17:15.867" level="INFO">${number_of_users} = 28</msg>
<status status="PASS" starttime="20221106 02:17:15.867" endtime="20221106 02:17:15.867"/>
</kw>
<status status="PASS" starttime="20221106 02:17:15.862" endtime="20221106 02:17:15.867"/>
</kw>
<if>
<branch type="IF" condition="${number_of_users} == ${0}">
<kw name="Get Initial Financial Relief Summary Statement" library="resources">
<status status="NOT RUN" starttime="20221106 02:17:15.868" endtime="20221106 02:17:15.868"/>
</kw>
<kw name="Splittextforpeople" library="Helpfunction">
<var>${check_against_people}</var>
<arg>${relief_statement}</arg>
<arg>${0}</arg>
<status status="NOT RUN" starttime="20221106 02:17:15.868" endtime="20221106 02:17:15.868"/>
</kw>
<if>
<branch type="IF" condition="${check_against_people} == ${False}">
<kw name="Fail" library="BuiltIn">
<doc>Fails the test with the given message and optionally alters its tags.</doc>
<status status="NOT RUN" starttime="20221106 02:17:15.868" endtime="20221106 02:17:15.868"/>
</kw>
<status status="NOT RUN" starttime="20221106 02:17:15.868" endtime="20221106 02:17:15.868"/>
</branch>
<status status="NOT RUN" starttime="20221106 02:17:15.868" endtime="20221106 02:17:15.868"/>
</if>
<kw name="Splittextforcheckprice" library="Helpfunction">
<var>${check_against_price}</var>
<arg>${relief_statement}</arg>
<arg>${0}</arg>
<status status="NOT RUN" starttime="20221106 02:17:15.868" endtime="20221106 02:17:15.868"/>
</kw>
<if>
<branch type="IF" condition="${check_against_price} == ${True}">
<kw name="Pass Execution" library="BuiltIn">
<arg>Sub Price Sub Test Passed</arg>
<doc>Skips rest of the current test, setup, or teardown with PASS status.</doc>
<status status="NOT RUN" starttime="20221106 02:17:15.868" endtime="20221106 02:17:15.868"/>
</kw>
<status status="NOT RUN" starttime="20221106 02:17:15.868" endtime="20221106 02:17:15.868"/>
</branch>
<branch type="ELSE">
<kw name="Fail" library="BuiltIn">
<doc>Fails the test with the given message and optionally alters its tags.</doc>
<status status="NOT RUN" starttime="20221106 02:17:15.868" endtime="20221106 02:17:15.868"/>
</kw>
<status status="NOT RUN" starttime="20221106 02:17:15.868" endtime="20221106 02:17:15.868"/>
</branch>
<status status="NOT RUN" starttime="20221106 02:17:15.868" endtime="20221106 02:17:15.868"/>
</if>
<status status="NOT RUN" starttime="20221106 02:17:15.868" endtime="20221106 02:17:15.868"/>
</branch>
<branch type="ELSE">
<kw name="Get Subsequent Financial Relief Summary Statement" library="resources">
<kw name="Wait Until Element Is Visible" library="SeleniumLibrary">
<arg>xpath://*[@id="contents"]/div[3]/div/p</arg>
<doc>Waits until the element ``locator`` is visible.</doc>
<status status="PASS" starttime="20221106 02:17:15.868" endtime="20221106 02:17:15.882"/>
</kw>
<kw name="Get Text" library="SeleniumLibrary">
<var>${relief_statement}</var>
<arg>xpath://*[@id="contents"]/div[3]/div/p</arg>
<doc>Returns the text value of the element identified by ``locator``.</doc>
<msg timestamp="20221106 02:17:15.970" level="INFO">${relief_statement} = £0 will be dispensed to 28 Working Class Hero/s</msg>
<status status="PASS" starttime="20221106 02:17:15.882" endtime="20221106 02:17:15.970"/>
</kw>
<kw name="Set Global Variable" library="BuiltIn">
<arg>${relief_statement}</arg>
<doc>Makes a variable available globally in all tests and suites.</doc>
<msg timestamp="20221106 02:17:15.971" level="INFO">${relief_statement} = £0 will be dispensed to 28 Working Class Hero/s</msg>
<status status="PASS" starttime="20221106 02:17:15.971" endtime="20221106 02:17:15.971"/>
</kw>
<status status="PASS" starttime="20221106 02:17:15.868" endtime="20221106 02:17:15.971"/>
</kw>
<kw name="Count Rows In Table" library="resources">
<kw name="Get Element Count" library="SeleniumLibrary">
<var>${initial_rows}</var>
<arg>xpath://*[@id="contents"]/div[2]/table/tbody/tr</arg>
<doc>Returns the number of elements matching ``locator``.</doc>
<msg timestamp="20221106 02:17:15.975" level="INFO">${initial_rows} = 28</msg>
<status status="PASS" starttime="20221106 02:17:15.971" endtime="20221106 02:17:15.975"/>
</kw>
<kw name="Set Global Variable" library="BuiltIn">
<arg>${initial_rows}</arg>
<doc>Makes a variable available globally in all tests and suites.</doc>
<msg timestamp="20221106 02:17:15.975" level="INFO">${initial_rows} = 28</msg>
<status status="PASS" starttime="20221106 02:17:15.975" endtime="20221106 02:17:15.975"/>
</kw>
<status status="PASS" starttime="20221106 02:17:15.971" endtime="20221106 02:17:15.975"/>
</kw>
<kw name="Splittextforpeople" library="Helpfunction">
<var>${check_against_people}</var>
<arg>${relief_statement}</arg>
<arg>${initial_rows}</arg>
<msg timestamp="20221106 02:17:15.976" level="INFO">${check_against_people} = True</msg>
<status status="PASS" starttime="20221106 02:17:15.975" endtime="20221106 02:17:15.976"/>
</kw>
<if>
<branch type="IF" condition="${check_against_people} == ${False}">
<kw name="Fail" library="BuiltIn">
<doc>Fails the test with the given message and optionally alters its tags.</doc>
<status status="NOT RUN" starttime="20221106 02:17:15.976" endtime="20221106 02:17:15.976"/>
</kw>
<status status="NOT RUN" starttime="20221106 02:17:15.976" endtime="20221106 02:17:15.976"/>
</branch>
<status status="PASS" starttime="20221106 02:17:15.976" endtime="20221106 02:17:15.976"/>
</if>
<kw name="Calculate Total Price From Table" library="resources">
<kw name="Get Element Count" library="SeleniumLibrary">
<var>${init_table}</var>
<arg>xpath://*[@id="contents"]/div[2]/table/tbody/tr</arg>
<doc>Returns the number of elements matching ``locator``.</doc>
<msg timestamp="20221106 02:17:15.979" level="INFO">${init_table} = 28</msg>
<status status="PASS" starttime="20221106 02:17:15.976" endtime="20221106 02:17:15.979"/>
</kw>
<kw name="Create List" library="BuiltIn">
<var>@{PriceList}</var>
<doc>Returns a list containing given items.</doc>
<msg timestamp="20221106 02:17:15.979" level="INFO">@{PriceList} = [ ]</msg>
<status status="PASS" starttime="20221106 02:17:15.979" endtime="20221106 02:17:15.979"/>
</kw>
<for flavor="IN RANGE">
<var>${index}</var>
<value>1</value>
<value>${init_table}+1</value>
<iter>
<var name="${index}">1</var>
<kw name="Get Text" library="SeleniumLibrary">
<var>${var}</var>
<arg>xpath://*[@id="contents"]/div[2]/table/tbody/tr[${index}]/td[2]</arg>
<doc>Returns the text value of the element identified by ``locator``.</doc>
<msg timestamp="20221106 02:17:15.993" level="INFO">${var} = 0</msg>
<status status="PASS" starttime="20221106 02:17:15.979" endtime="20221106 02:17:15.993"/>
</kw>
<kw name="Append To List" library="Collections">
<arg>${PriceList}</arg>
<arg>${var}</arg>
<doc>Adds ``values`` to the end of ``list``.</doc>
<status status="PASS" starttime="20221106 02:17:15.993" endtime="20221106 02:17:15.993"/>
</kw>
<status status="PASS" starttime="20221106 02:17:15.979" endtime="20221106 02:17:15.993"/>
</iter>
<iter>
<var name="${index}">2</var>
<kw name="Get Text" library="SeleniumLibrary">
<var>${var}</var>
<arg>xpath://*[@id="contents"]/div[2]/table/tbody/tr[${index}]/td[2]</arg>
<doc>Returns the text value of the element identified by ``locator``.</doc>
<msg timestamp="20221106 02:17:16.007" level="INFO">${var} = 0</msg>
<status status="PASS" starttime="20221106 02:17:15.993" endtime="20221106 02:17:16.007"/>
</kw>
<kw name="Append To List" library="Collections">
<arg>${PriceList}</arg>
<arg>${var}</arg>
<doc>Adds ``values`` to the end of ``list``.</doc>
<status status="PASS" starttime="20221106 02:17:16.007" endtime="20221106 02:17:16.007"/>
</kw>
<status status="PASS" starttime="20221106 02:17:15.993" endtime="20221106 02:17:16.007"/>
</iter>
<iter>
<var name="${index}">3</var>
<kw name="Get Text" library="SeleniumLibrary">
<var>${var}</var>
<arg>xpath://*[@id="contents"]/div[2]/table/tbody/tr[${index}]/td[2]</arg>
<doc>Returns the text value of the element identified by ``locator``.</doc>
<msg timestamp="20221106 02:17:16.020" level="INFO">${var} = 0</msg>
<status status="PASS" starttime="20221106 02:17:16.007" endtime="20221106 02:17:16.020"/>
</kw>
<kw name="Append To List" library="Collections">
<arg>${PriceList}</arg>
<arg>${var}</arg>
<doc>Adds ``values`` to the end of ``list``.</doc>
<status status="PASS" starttime="20221106 02:17:16.021" endtime="20221106 02:17:16.021"/>
</kw>
<status status="PASS" starttime="20221106 02:17:16.007" endtime="20221106 02:17:16.021"/>
</iter>
<iter>
<var name="${index}">4</var>
<kw name="Get Text" library="SeleniumLibrary">
<var>${var}</var>
<arg>xpath://*[@id="contents"]/div[2]/table/tbody/tr[${index}]/td[2]</arg>
<doc>Returns the text value of the element identified by ``locator``.</doc>
<msg timestamp="20221106 02:17:16.034" level="INFO">${var} = 0</msg>
<status status="PASS" starttime="20221106 02:17:16.021" endtime="20221106 02:17:16.034"/>
</kw>
<kw name="Append To List" library="Collections">
<arg>${PriceList}</arg>
<arg>${var}</arg>
<doc>Adds ``values`` to the end of ``list``.</doc>
<status status="PASS" starttime="20221106 02:17:16.034" endtime="20221106 02:17:16.035"/>
</kw>
<status status="PASS" starttime="20221106 02:17:16.021" endtime="20221106 02:17:16.035"/>
</iter>
<iter>
<var name="${index}">5</var>
<kw name="Get Text" library="SeleniumLibrary">
<var>${var}</var>
<arg>xpath://*[@id="contents"]/div[2]/table/tbody/tr[${index}]/td[2]</arg>
<doc>Returns the text value of the element identified by ``locator``.</doc>
<msg timestamp="20221106 02:17:16.048" level="INFO">${var} = 0</msg>
<status status="PASS" starttime="20221106 02:17:16.035" endtime="20221106 02:17:16.048"/>
</kw>
<kw name="Append To List" library="Collections">
<arg>${PriceList}</arg>
<arg>${var}</arg>
<doc>Adds ``values`` to the end of ``list``.</doc>
<status status="PASS" starttime="20221106 02:17:16.048" endtime="20221106 02:17:16.048"/>
</kw>
<status status="PASS" starttime="20221106 02:17:16.035" endtime="20221106 02:17:16.048"/>
</iter>
<iter>
<var name="${index}">6</var>
<kw name="Get Text" library="SeleniumLibrary">
<var>${var}</var>
<arg>xpath://*[@id="contents"]/div[2]/table/tbody/tr[${index}]/td[2]</arg>
<doc>Returns the text value of the element identified by ``locator``.</doc>
<msg timestamp="20221106 02:17:16.062" level="INFO">${var} = 0</msg>
<status status="PASS" starttime="20221106 02:17:16.048" endtime="20221106 02:17:16.062"/>
</kw>
<kw name="Append To List" library="Collections">
<arg>${PriceList}</arg>
<arg>${var}</arg>
<doc>Adds ``values`` to the end of ``list``.</doc>
<status status="PASS" starttime="20221106 02:17:16.062" endtime="20221106 02:17:16.062"/>
</kw>
<status status="PASS" starttime="20221106 02:17:16.048" endtime="20221106 02:17:16.062"/>
</iter>
<iter>
<var name="${index}">7</var>
<kw name="Get Text" library="SeleniumLibrary">
<var>${var}</var>
<arg>xpath://*[@id="contents"]/div[2]/table/tbody/tr[${index}]/td[2]</arg>
<doc>Returns the text value of the element identified by ``locator``.</doc>
<msg timestamp="20221106 02:17:16.075" level="INFO">${var} = 0</msg>
<status status="PASS" starttime="20221106 02:17:16.062" endtime="20221106 02:17:16.075"/>
</kw>
<kw name="Append To List" library="Collections">
<arg>${PriceList}</arg>
<arg>${var}</arg>
<doc>Adds ``values`` to the end of ``list``.</doc>
<status status="PASS" starttime="20221106 02:17:16.075" endtime="20221106 02:17:16.076"/>
</kw>
<status status="PASS" starttime="20221106 02:17:16.062" endtime="20221106 02:17:16.076"/>
</iter>
<iter>
<var name="${index}">8</var>
<kw name="Get Text" library="SeleniumLibrary">
<var>${var}</var>
<arg>xpath://*[@id="contents"]/div[2]/table/tbody/tr[${index}]/td[2]</arg>
<doc>Returns the text value of the element identified by ``locator``.</doc>
<msg timestamp="20221106 02:17:16.089" level="INFO">${var} = 0</msg>
<status status="PASS" starttime="20221106 02:17:16.076" endtime="20221106 02:17:16.089"/>
</kw>
<kw name="Append To List" library="Collections">
<arg>${PriceList}</arg>
<arg>${var}</arg>
<doc>Adds ``values`` to the end of ``list``.</doc>
<status status="PASS" starttime="20221106 02:17:16.089" endtime="20221106 02:17:16.089"/>
</kw>
<status status="PASS" starttime="20221106 02:17:16.076" endtime="20221106 02:17:16.089"/>
</iter>
<iter>
<var name="${index}">9</var>
<kw name="Get Text" library="SeleniumLibrary">
<var>${var}</var>
<arg>xpath://*[@id="contents"]/div[2]/table/tbody/tr[${index}]/td[2]</arg>
<doc>Returns the text value of the element identified by ``locator``.</doc>
<msg timestamp="20221106 02:17:16.102" level="INFO">${var} = 0</msg>
<status status="PASS" starttime="20221106 02:17:16.089" endtime="20221106 02:17:16.102"/>
</kw>
<kw name="Append To List" library="Collections">
<arg>${PriceList}</arg>
<arg>${var}</arg>
<doc>Adds ``values`` to the end of ``list``.</doc>
<status status="PASS" starttime="20221106 02:17:16.102" endtime="20221106 02:17:16.102"/>
</kw>
<status status="PASS" starttime="20221106 02:17:16.089" endtime="20221106 02:17:16.102"/>
</iter>
<iter>
<var name="${index}">10</var>
<kw name="Get Text" library="SeleniumLibrary">
<var>${var}</var>
<arg>xpath://*[@id="contents"]/div[2]/table/tbody/tr[${index}]/td[2]</arg>
<doc>Returns the text value of the element identified by ``locator``.</doc>
<msg timestamp="20221106 02:17:16.115" level="INFO">${var} = 0</msg>
<status status="PASS" starttime="20221106 02:17:16.102" endtime="20221106 02:17:16.115"/>
</kw>
<kw name="Append To List" library="Collections">
<arg>${PriceList}</arg>
<arg>${var}</arg>
<doc>Adds ``values`` to the end of ``list``.</doc>
<status status="PASS" starttime="20221106 02:17:16.115" endtime="20221106 02:17:16.115"/>
</kw>
<status status="PASS" starttime="20221106 02:17:16.102" endtime="20221106 02:17:16.115"/>
</iter>
<iter>
<var name="${index}">11</var>
<kw name="Get Text" library="SeleniumLibrary">
<var>${var}</var>
<arg>xpath://*[@id="contents"]/div[2]/table/tbody/tr[${index}]/td[2]</arg>
<doc>Returns the text value of the element identified by ``locator``.</doc>
<msg timestamp="20221106 02:17:16.129" level="INFO">${var} = 0</msg>
<status status="PASS" starttime="20221106 02:17:16.116" endtime="20221106 02:17:16.129"/>
</kw>
<kw name="Append To List" library="Collections">
<arg>${PriceList}</arg>
<arg>${var}</arg>
<doc>Adds ``values`` to the end of ``list``.</doc>
<status status="PASS" starttime="20221106 02:17:16.129" endtime="20221106 02:17:16.129"/>
</kw>
<status status="PASS" starttime="20221106 02:17:16.115" endtime="20221106 02:17:16.129"/>
</iter>
<iter>
<var name="${index}">12</var>
<kw name="Get Text" library="SeleniumLibrary">
<var>${var}</var>
<arg>xpath://*[@id="contents"]/div[2]/table/tbody/tr[${index}]/td[2]</arg>
<doc>Returns the text value of the element identified by ``locator``.</doc>
<msg timestamp="20221106 02:17:16.142" level="INFO">${var} = 0</msg>
<status status="PASS" starttime="20221106 02:17:16.129" endtime="20221106 02:17:16.142"/>
</kw>
<kw name="Append To List" library="Collections">
<arg>${PriceList}</arg>
<arg>${var}</arg>
<doc>Adds ``values`` to the end of ``list``.</doc>
<status status="PASS" starttime="20221106 02:17:16.142" endtime="20221106 02:17:16.142"/>
</kw>
<status status="PASS" starttime="20221106 02:17:16.129" endtime="20221106 02:17:16.142"/>
</iter>
<iter>
<var name="${index}">13</var>
<kw name="Get Text" library="SeleniumLibrary">
<var>${var}</var>
<arg>xpath://*[@id="contents"]/div[2]/table/tbody/tr[${index}]/td[2]</arg>
<doc>Returns the text value of the element identified by ``locator``.</doc>
<msg timestamp="20221106 02:17:16.155" level="INFO">${var} = 0</msg>
<status status="PASS" starttime="20221106 02:17:16.142" endtime="20221106 02:17:16.155"/>
</kw>
<kw name="Append To List" library="Collections">
<arg>${PriceList}</arg>
<arg>${var}</arg>
<doc>Adds ``values`` to the end of ``list``.</doc>
<status status="PASS" starttime="20221106 02:17:16.155" endtime="20221106 02:17:16.155"/>
</kw>
<status status="PASS" starttime="20221106 02:17:16.142" endtime="20221106 02:17:16.156"/>
</iter>
<iter>
<var name="${index}">14</var>
<kw name="Get Text" library="SeleniumLibrary">
<var>${var}</var>
<arg>xpath://*[@id="contents"]/div[2]/table/tbody/tr[${index}]/td[2]</arg>
<doc>Returns the text value of the element identified by ``locator``.</doc>
<msg timestamp="20221106 02:17:16.171" level="INFO">${var} = 0</msg>
<status status="PASS" starttime="20221106 02:17:16.156" endtime="20221106 02:17:16.171"/>
</kw>
<kw name="Append To List" library="Collections">
<arg>${PriceList}</arg>
<arg>${var}</arg>
<doc>Adds ``values`` to the end of ``list``.</doc>
<status status="PASS" starttime="20221106 02:17:16.171" endtime="20221106 02:17:16.171"/>
</kw>
<status status="PASS" starttime="20221106 02:17:16.156" endtime="20221106 02:17:16.171"/>
</iter>
<iter>
<var name="${index}">15</var>
<kw name="Get Text" library="SeleniumLibrary">
<var>${var}</var>
<arg>xpath://*[@id="contents"]/div[2]/table/tbody/tr[${index}]/td[2]</arg>
<doc>Returns the text value of the element identified by ``locator``.</doc>
<msg timestamp="20221106 02:17:16.185" level="INFO">${var} = 0</msg>
<status status="PASS" starttime="20221106 02:17:16.171" endtime="20221106 02:17:16.185"/>
</kw>
<kw name="Append To List" library="Collections">
<arg>${PriceList}</arg>
<arg>${var}</arg>
<doc>Adds ``values`` to the end of ``list``.</doc>
<status status="PASS" starttime="20221106 02:17:16.185" endtime="20221106 02:17:16.185"/>
</kw>
<status status="PASS" starttime="20221106 02:17:16.171" endtime="20221106 02:17:16.185"/>
</iter>
<iter>
<var name="${index}">16</var>
<kw name="Get Text" library="SeleniumLibrary">
<var>${var}</var>
<arg>xpath://*[@id="contents"]/div[2]/table/tbody/tr[${index}]/td[2]</arg>
<doc>Returns the text value of the element identified by ``locator``.</doc>
<msg timestamp="20221106 02:17:16.198" level="INFO">${var} = 0</msg>
<status status="PASS" starttime="20221106 02:17:16.185" endtime="20221106 02:17:16.198"/>
</kw>
<kw name="Append To List" library="Collections">
<arg>${PriceList}</arg>
<arg>${var}</arg>
<doc>Adds ``values`` to the end of ``list``.</doc>
<status status="PASS" starttime="20221106 02:17:16.199" endtime="20221106 02:17:16.199"/>
</kw>
<status status="PASS" starttime="20221106 02:17:16.185" endtime="20221106 02:17:16.199"/>
</iter>
<iter>
<var name="${index}">17</var>
<kw name="Get Text" library="SeleniumLibrary">
<var>${var}</var>
<arg>xpath://*[@id="contents"]/div[2]/table/tbody/tr[${index}]/td[2]</arg>
<doc>Returns the text value of the element identified by ``locator``.</doc>
<msg timestamp="20221106 02:17:16.212" level="INFO">${var} = 0</msg>
<status status="PASS" starttime="20221106 02:17:16.199" endtime="20221106 02:17:16.212"/>
</kw>
<kw name="Append To List" library="Collections">
<arg>${PriceList}</arg>
<arg>${var}</arg>
<doc>Adds ``values`` to the end of ``list``.</doc>
<status status="PASS" starttime="20221106 02:17:16.212" endtime="20221106 02:17:16.212"/>
</kw>
<status status="PASS" starttime="20221106 02:17:16.199" endtime="20221106 02:17:16.212"/>
</iter>
<iter>
<var name="${index}">18</var>
<kw name="Get Text" library="SeleniumLibrary">
<var>${var}</var>
<arg>xpath://*[@id="contents"]/div[2]/table/tbody/tr[${index}]/td[2]</arg>
<doc>Returns the text value of the element identified by ``locator``.</doc>
<msg timestamp="20221106 02:17:16.225" level="INFO">${var} = 0</msg>
<status status="PASS" starttime="20221106 02:17:16.212" endtime="20221106 02:17:16.225"/>
</kw>
<kw name="Append To List" library="Collections">
<arg>${PriceList}</arg>
<arg>${var}</arg>
<doc>Adds ``values`` to the end of ``list``.</doc>
<status status="PASS" starttime="20221106 02:17:16.226" endtime="20221106 02:17:16.226"/>
</kw>
<status status="PASS" starttime="20221106 02:17:16.212" endtime="20221106 02:17:16.226"/>
</iter>
<iter>
<var name="${index}">19</var>
<kw name="Get Text" library="SeleniumLibrary">
<var>${var}</var>
<arg>xpath://*[@id="contents"]/div[2]/table/tbody/tr[${index}]/td[2]</arg>
<doc>Returns the text value of the element identified by ``locator``.</doc>
<msg timestamp="20221106 02:17:16.239" level="INFO">${var} = 0</msg>
<status status="PASS" starttime="20221106 02:17:16.226" endtime="20221106 02:17:16.239"/>
</kw>
<kw name="Append To List" library="Collections">
<arg>${PriceList}</arg>
<arg>${var}</arg>
<doc>Adds ``values`` to the end of ``list``.</doc>
<status status="PASS" starttime="20221106 02:17:16.239" endtime="20221106 02:17:16.239"/>
</kw>
<status status="PASS" starttime="20221106 02:17:16.226" endtime="20221106 02:17:16.239"/>
</iter>
<iter>
<var name="${index}">20</var>
<kw name="Get Text" library="SeleniumLibrary">
<var>${var}</var>
<arg>xpath://*[@id="contents"]/div[2]/table/tbody/tr[${index}]/td[2]</arg>
<doc>Returns the text value of the element identified by ``locator``.</doc>
<msg timestamp="20221106 02:17:16.265" level="INFO">${var} = 0</msg>
<status status="PASS" starttime="20221106 02:17:16.239" endtime="20221106 02:17:16.265"/>
</kw>
<kw name="Append To List" library="Collections">
<arg>${PriceList}</arg>
<arg>${var}</arg>
<doc>Adds ``values`` to the end of ``list``.</doc>
<status status="PASS" starttime="20221106 02:17:16.265" endtime="20221106 02:17:16.265"/>
</kw>
<status status="PASS" starttime="20221106 02:17:16.239" endtime="20221106 02:17:16.265"/>
</iter>
<iter>
<var name="${index}">21</var>
<kw name="Get Text" library="SeleniumLibrary">
<var>${var}</var>
<arg>xpath://*[@id="contents"]/div[2]/table/tbody/tr[${index}]/td[2]</arg>
<doc>Returns the text value of the element identified by ``locator``.</doc>
<msg timestamp="20221106 02:17:16.279" level="INFO">${var} = 0</msg>
<status status="PASS" starttime="20221106 02:17:16.265" endtime="20221106 02:17:16.279"/>
</kw>
<kw name="Append To List" library="Collections">
<arg>${PriceList}</arg>
<arg>${var}</arg>
<doc>Adds ``values`` to the end of ``list``.</doc>
<status status="PASS" starttime="20221106 02:17:16.279" endtime="20221106 02:17:16.279"/>
</kw>
<status status="PASS" starttime="20221106 02:17:16.265" endtime="20221106 02:17:16.279"/>
</iter>
<iter>
<var name="${index}">22</var>
<kw name="Get Text" library="SeleniumLibrary">
<var>${var}</var>
<arg>xpath://*[@id="contents"]/div[2]/table/tbody/tr[${index}]/td[2]</arg>
<doc>Returns the text value of the element identified by ``locator``.</doc>
<msg timestamp="20221106 02:17:16.292" level="INFO">${var} = 0</msg>
<status status="PASS" starttime="20221106 02:17:16.279" endtime="20221106 02:17:16.292"/>
</kw>
<kw name="Append To List" library="Collections">
<arg>${PriceList}</arg>
<arg>${var}</arg>
<doc>Adds ``values`` to the end of ``list``.</doc>
<status status="PASS" starttime="20221106 02:17:16.293" endtime="20221106 02:17:16.293"/>
</kw>
<status status="PASS" starttime="20221106 02:17:16.279" endtime="20221106 02:17:16.293"/>
</iter>
<iter>
<var name="${index}">23</var>
<kw name="Get Text" library="SeleniumLibrary">
<var>${var}</var>
<arg>xpath://*[@id="contents"]/div[2]/table/tbody/tr[${index}]/td[2]</arg>
<doc>Returns the text value of the element identified by ``locator``.</doc>
<msg timestamp="20221106 02:17:16.306" level="INFO">${var} = 0</msg>
<status status="PASS" starttime="20221106 02:17:16.293" endtime="20221106 02:17:16.306"/>
</kw>
<kw name="Append To List" library="Collections">
<arg>${PriceList}</arg>
<arg>${var}</arg>
<doc>Adds ``values`` to the end of ``list``.</doc>
<status status="PASS" starttime="20221106 02:17:16.306" endtime="20221106 02:17:16.306"/>
</kw>
<status status="PASS" starttime="20221106 02:17:16.293" endtime="20221106 02:17:16.306"/>
</iter>
<iter>
<var name="${index}">24</var>
<kw name="Get Text" library="SeleniumLibrary">
<var>${var}</var>
<arg>xpath://*[@id="contents"]/div[2]/table/tbody/tr[${index}]/td[2]</arg>
<doc>Returns the text value of the element identified by ``locator``.</doc>
<msg timestamp="20221106 02:17:16.320" level="INFO">${var} = 0</msg>
<status status="PASS" starttime="20221106 02:17:16.306" endtime="20221106 02:17:16.320"/>
</kw>
<kw name="Append To List" library="Collections">
<arg>${PriceList}</arg>
<arg>${var}</arg>
<doc>Adds ``values`` to the end of ``list``.</doc>
<status status="PASS" starttime="20221106 02:17:16.320" endtime="20221106 02:17:16.320"/>
</kw>
<status status="PASS" starttime="20221106 02:17:16.306" endtime="20221106 02:17:16.320"/>
</iter>
<iter>
<var name="${index}">25</var>
<kw name="Get Text" library="SeleniumLibrary">
<var>${var}</var>
<arg>xpath://*[@id="contents"]/div[2]/table/tbody/tr[${index}]/td[2]</arg>
<doc>Returns the text value of the element identified by ``locator``.</doc>
<msg timestamp="20221106 02:17:16.333" level="INFO">${var} = 0</msg>
<status status="PASS" starttime="20221106 02:17:16.320" endtime="20221106 02:17:16.333"/>
</kw>
<kw name="Append To List" library="Collections">
<arg>${PriceList}</arg>
<arg>${var}</arg>
<doc>Adds ``values`` to the end of ``list``.</doc>
<status status="PASS" starttime="20221106 02:17:16.334" endtime="20221106 02:17:16.334"/>
</kw>
<status status="PASS" starttime="20221106 02:17:16.320" endtime="20221106 02:17:16.334"/>
</iter>
<iter>
<var name="${index}">26</var>
<kw name="Get Text" library="SeleniumLibrary">
<var>${var}</var>
<arg>xpath://*[@id="contents"]/div[2]/table/tbody/tr[${index}]/td[2]</arg>
<doc>Returns the text value of the element identified by ``locator``.</doc>
<msg timestamp="20221106 02:17:16.347" level="INFO">${var} = 0</msg>
<status status="PASS" starttime="20221106 02:17:16.334" endtime="20221106 02:17:16.347"/>
</kw>
<kw name="Append To List" library="Collections">
<arg>${PriceList}</arg>
<arg>${var}</arg>
<doc>Adds ``values`` to the end of ``list``.</doc>
<status status="PASS" starttime="20221106 02:17:16.347" endtime="20221106 02:17:16.347"/>
</kw>
<status status="PASS" starttime="20221106 02:17:16.334" endtime="20221106 02:17:16.347"/>
</iter>
<iter>
<var name="${index}">27</var>
<kw name="Get Text" library="SeleniumLibrary">
<var>${var}</var>
<arg>xpath://*[@id="contents"]/div[2]/table/tbody/tr[${index}]/td[2]</arg>
<doc>Returns the text value of the element identified by ``locator``.</doc>
<msg timestamp="20221106 02:17:16.361" level="INFO">${var} = 0</msg>
<status status="PASS" starttime="20221106 02:17:16.347" endtime="20221106 02:17:16.361"/>
</kw>
<kw name="Append To List" library="Collections">
<arg>${PriceList}</arg>
<arg>${var}</arg>
<doc>Adds ``values`` to the end of ``list``.</doc>
<status status="PASS" starttime="20221106 02:17:16.361" endtime="20221106 02:17:16.361"/>
</kw>
<status status="PASS" starttime="20221106 02:17:16.347" endtime="20221106 02:17:16.361"/>
</iter>
<iter>
<var name="${index}">28</var>
<kw name="Get Text" library="SeleniumLibrary">
<var>${var}</var>
<arg>xpath://*[@id="contents"]/div[2]/table/tbody/tr[${index}]/td[2]</arg>
<doc>Returns the text value of the element identified by ``locator``.</doc>
<msg timestamp="20221106 02:17:16.374" level="INFO">${var} = 0</msg>
<status status="PASS" starttime="20221106 02:17:16.361" endtime="20221106 02:17:16.374"/>
</kw>
<kw name="Append To List" library="Collections">
<arg>${PriceList}</arg>
<arg>${var}</arg>
<doc>Adds ``values`` to the end of ``list``.</doc>
<status status="PASS" starttime="20221106 02:17:16.375" endtime="20221106 02:17:16.375"/>
</kw>
<status status="PASS" starttime="20221106 02:17:16.361" endtime="20221106 02:17:16.375"/>
</iter>
<status status="PASS" starttime="20221106 02:17:15.979" endtime="20221106 02:17:16.375"/>
</for>
<kw name="Set Variable" library="BuiltIn">
<var>${sum_of_price_from_table}</var>
<arg>${0.00}</arg>
<doc>Returns the given values which can then be assigned to a variables.</doc>
<msg timestamp="20221106 02:17:16.375" level="INFO">${sum_of_price_from_table} = 0.0</msg>
<status status="PASS" starttime="20221106 02:17:16.375" endtime="20221106 02:17:16.375"/>
</kw>
<for flavor="IN">
<var>${element}</var>
<value>@{PriceList}</value>
<iter>
<var name="${element}">0</var>
<kw name="Set Variable" library="BuiltIn">
<var>${inidcated}</var>
<arg>${element}</arg>
<doc>Returns the given values which can then be assigned to a variables.</doc>
<msg timestamp="20221106 02:17:16.375" level="INFO">${inidcated} = 0</msg>
<status status="PASS" starttime="20221106 02:17:16.375" endtime="20221106 02:17:16.375"/>
</kw>
<kw name="Evaluate" library="BuiltIn">
<var>${sum_of_price_from_table}</var>
<arg>${sum_of_price_from_table}+${inidcated}</arg>
<doc>Evaluates the given expression in Python and returns the result.</doc>
<msg timestamp="20221106 02:17:16.375" level="INFO">${sum_of_price_from_table} = 0.0</msg>
<status status="PASS" starttime="20221106 02:17:16.375" endtime="20221106 02:17:16.375"/>
</kw>
<status status="PASS" starttime="20221106 02:17:16.375" endtime="20221106 02:17:16.375"/>
</iter>
<iter>
<var name="${element}">0</var>
<kw name="Set Variable" library="BuiltIn">
<var>${inidcated}</var>
<arg>${element}</arg>
<doc>Returns the given values which can then be assigned to a variables.</doc>
<msg timestamp="20221106 02:17:16.375" level="INFO">${inidcated} = 0</msg>
<status status="PASS" starttime="20221106 02:17:16.375" endtime="20221106 02:17:16.375"/>
</kw>
<kw name="Evaluate" library="BuiltIn">
<var>${sum_of_price_from_table}</var>
<arg>${sum_of_price_from_table}+${inidcated}</arg>
<doc>Evaluates the given expression in Python and returns the result.</doc>
<msg timestamp="20221106 02:17:16.376" level="INFO">${sum_of_price_from_table} = 0.0</msg>
<status status="PASS" starttime="20221106 02:17:16.376" endtime="20221106 02:17:16.376"/>
</kw>
<status status="PASS" starttime="20221106 02:17:16.375" endtime="20221106 02:17:16.376"/>
</iter>
<iter>
<var name="${element}">0</var>
<kw name="Set Variable" library="BuiltIn">
<var>${inidcated}</var>
<arg>${element}</arg>
<doc>Returns the given values which can then be assigned to a variables.</doc>
<msg timestamp="20221106 02:17:16.376" level="INFO">${inidcated} = 0</msg>
<status status="PASS" starttime="20221106 02:17:16.376" endtime="20221106 02:17:16.376"/>
</kw>
<kw name="Evaluate" library="BuiltIn">
<var>${sum_of_price_from_table}</var>
<arg>${sum_of_price_from_table}+${inidcated}</arg>
<doc>Evaluates the given expression in Python and returns the result.</doc>
<msg timestamp="20221106 02:17:16.376" level="INFO">${sum_of_price_from_table} = 0.0</msg>
<status status="PASS" starttime="20221106 02:17:16.376" endtime="20221106 02:17:16.376"/>
</kw>
<status status="PASS" starttime="20221106 02:17:16.376" endtime="20221106 02:17:16.376"/>
</iter>
<iter>
<var name="${element}">0</var>
<kw name="Set Variable" library="BuiltIn">
<var>${inidcated}</var>
<arg>${element}</arg>
<doc>Returns the given values which can then be assigned to a variables.</doc>
<msg timestamp="20221106 02:17:16.376" level="INFO">${inidcated} = 0</msg>
<status status="PASS" starttime="20221106 02:17:16.376" endtime="20221106 02:17:16.376"/>
</kw>
<kw name="Evaluate" library="BuiltIn">
<var>${sum_of_price_from_table}</var>
<arg>${sum_of_price_from_table}+${inidcated}</arg>
<doc>Evaluates the given expression in Python and returns the result.</doc>
<msg timestamp="20221106 02:17:16.376" level="INFO">${sum_of_price_from_table} = 0.0</msg>
<status status="PASS" starttime="20221106 02:17:16.376" endtime="20221106 02:17:16.376"/>
</kw>
<status status="PASS" starttime="20221106 02:17:16.376" endtime="20221106 02:17:16.376"/>
</iter>
<iter>
<var name="${element}">0</var>
<kw name="Set Variable" library="BuiltIn">
<var>${inidcated}</var>
<arg>${element}</arg>
<doc>Returns the given values which can then be assigned to a variables.</doc>
<msg timestamp="20221106 02:17:16.376" level="INFO">${inidcated} = 0</msg>
<status status="PASS" starttime="20221106 02:17:16.376" endtime="20221106 02:17:16.376"/>
</kw>
<kw name="Evaluate" library="BuiltIn">
<var>${sum_of_price_from_table}</var>
<arg>${sum_of_price_from_table}+${inidcated}</arg>
<doc>Evaluates the given expression in Python and returns the result.</doc>
<msg timestamp="20221106 02:17:16.377" level="INFO">${sum_of_price_from_table} = 0.0</msg>
<status status="PASS" starttime="20221106 02:17:16.376" endtime="20221106 02:17:16.377"/>
</kw>
<status status="PASS" starttime="20221106 02:17:16.376" endtime="20221106 02:17:16.377"/>
</iter>
<iter>
<var name="${element}">0</var>
<kw name="Set Variable" library="BuiltIn">
<var>${inidcated}</var>
<arg>${element}</arg>
<doc>Returns the given values which can then be assigned to a variables.</doc>
<msg timestamp="20221106 02:17:16.377" level="INFO">${inidcated} = 0</msg>
<status status="PASS" starttime="20221106 02:17:16.377" endtime="20221106 02:17:16.377"/>
</kw>
<kw name="Evaluate" library="BuiltIn">
<var>${sum_of_price_from_table}</var>
<arg>${sum_of_price_from_table}+${inidcated}</arg>
<doc>Evaluates the given expression in Python and returns the result.</doc>
<msg timestamp="20221106 02:17:16.377" level="INFO">${sum_of_price_from_table} = 0.0</msg>
<status status="PASS" starttime="20221106 02:17:16.377" endtime="20221106 02:17:16.377"/>
</kw>
<status status="PASS" starttime="20221106 02:17:16.377" endtime="20221106 02:17:16.377"/>
</iter>
<iter>
<var name="${element}">0</var>
<kw name="Set Variable" library="BuiltIn">
<var>${inidcated}</var>
<arg>${element}</arg>
<doc>Returns the given values which can then be assigned to a variables.</doc>
<msg timestamp="20221106 02:17:16.377" level="INFO">${inidcated} = 0</msg>
<status status="PASS" starttime="20221106 02:17:16.377" endtime="20221106 02:17:16.377"/>
</kw>
<kw name="Evaluate" library="BuiltIn">
<var>${sum_of_price_from_table}</var>
<arg>${sum_of_price_from_table}+${inidcated}</arg>
<doc>Evaluates the given expression in Python and returns the result.</doc>
<msg timestamp="20221106 02:17:16.377" level="INFO">${sum_of_price_from_table} = 0.0</msg>
<status status="PASS" starttime="20221106 02:17:16.377" endtime="20221106 02:17:16.377"/>
</kw>
<status status="PASS" starttime="20221106 02:17:16.377" endtime="20221106 02:17:16.377"/>
</iter>
<iter>
<var name="${element}">0</var>
<kw name="Set Variable" library="BuiltIn">
<var>${inidcated}</var>
<arg>${element}</arg>
<doc>Returns the given values which can then be assigned to a variables.</doc>
<msg timestamp="20221106 02:17:16.377" level="INFO">${inidcated} = 0</msg>
<status status="PASS" starttime="20221106 02:17:16.377" endtime="20221106 02:17:16.377"/>
</kw>
<kw name="Evaluate" library="BuiltIn">
<var>${sum_of_price_from_table}</var>
<arg>${sum_of_price_from_table}+${inidcated}</arg>
<doc>Evaluates the given expression in Python and returns the result.</doc>
<msg timestamp="20221106 02:17:16.377" level="INFO">${sum_of_price_from_table} = 0.0</msg>
<status status="PASS" starttime="20221106 02:17:16.377" endtime="20221106 02:17:16.377"/>
</kw>
<status status="PASS" starttime="20221106 02:17:16.377" endtime="20221106 02:17:16.377"/>
</iter>
<iter>
<var name="${element}">0</var>
<kw name="Set Variable" library="BuiltIn">
<var>${inidcated}</var>
<arg>${element}</arg>
<doc>Returns the given values which can then be assigned to a variables.</doc>
<msg timestamp="20221106 02:17:16.377" level="INFO">${inidcated} = 0</msg>
<status status="PASS" starttime="20221106 02:17:16.377" endtime="20221106 02:17:16.377"/>
</kw>
<kw name="Evaluate" library="BuiltIn">
<var>${sum_of_price_from_table}</var>
<arg>${sum_of_price_from_table}+${inidcated}</arg>
<doc>Evaluates the given expression in Python and returns the result.</doc>
<msg timestamp="20221106 02:17:16.378" level="INFO">${sum_of_price_from_table} = 0.0</msg>
<status status="PASS" starttime="20221106 02:17:16.377" endtime="20221106 02:17:16.378"/>
</kw>
<status status="PASS" starttime="20221106 02:17:16.377" endtime="20221106 02:17:16.378"/>
</iter>
<iter>
<var name="${element}">0</var>
<kw name="Set Variable" library="BuiltIn">
<var>${inidcated}</var>
<arg>${element}</arg>
<doc>Returns the given values which can then be assigned to a variables.</doc>
<msg timestamp="20221106 02:17:16.378" level="INFO">${inidcated} = 0</msg>
<status status="PASS" starttime="20221106 02:17:16.378" endtime="20221106 02:17:16.378"/>
</kw>
<kw name="Evaluate" library="BuiltIn">
<var>${sum_of_price_from_table}</var>
<arg>${sum_of_price_from_table}+${inidcated}</arg>
<doc>Evaluates the given expression in Python and returns the result.</doc>
<msg timestamp="20221106 02:17:16.378" level="INFO">${sum_of_price_from_table} = 0.0</msg>
<status status="PASS" starttime="20221106 02:17:16.378" endtime="20221106 02:17:16.378"/>
</kw>
<status status="PASS" starttime="20221106 02:17:16.378" endtime="20221106 02:17:16.378"/>
</iter>
<iter>
<var name="${element}">0</var>
<kw name="Set Variable" library="BuiltIn">
<var>${inidcated}</var>
<arg>${element}</arg>
<doc>Returns the given values which can then be assigned to a variables.</doc>
<msg timestamp="20221106 02:17:16.378" level="INFO">${inidcated} = 0</msg>
<status status="PASS" starttime="20221106 02:17:16.378" endtime="20221106 02:17:16.378"/>
</kw>
<kw name="Evaluate" library="BuiltIn">
<var>${sum_of_price_from_table}</var>
<arg>${sum_of_price_from_table}+${inidcated}</arg>
<doc>Evaluates the given expression in Python and returns the result.</doc>
<msg timestamp="20221106 02:17:16.378" level="INFO">${sum_of_price_from_table} = 0.0</msg>
<status status="PASS" starttime="20221106 02:17:16.378" endtime="20221106 02:17:16.378"/>
</kw>
<status status="PASS" starttime="20221106 02:17:16.378" endtime="20221106 02:17:16.378"/>
</iter>
<iter>
<var name="${element}">0</var>
<kw name="Set Variable" library="BuiltIn">
<var>${inidcated}</var>
<arg>${element}</arg>
<doc>Returns the given values which can then be assigned to a variables.</doc>
<msg timestamp="20221106 02:17:16.378" level="INFO">${inidcated} = 0</msg>
<status status="PASS" starttime="20221106 02:17:16.378" endtime="20221106 02:17:16.378"/>
</kw>
<kw name="Evaluate" library="BuiltIn">
<var>${sum_of_price_from_table}</var>
<arg>${sum_of_price_from_table}+${inidcated}</arg>
<doc>Evaluates the given expression in Python and returns the result.</doc>
<msg timestamp="20221106 02:17:16.378" level="INFO">${sum_of_price_from_table} = 0.0</msg>
<status status="PASS" starttime="20221106 02:17:16.378" endtime="20221106 02:17:16.378"/>
</kw>
<status status="PASS" starttime="20221106 02:17:16.378" endtime="20221106 02:17:16.378"/>
</iter>
<iter>
<var name="${element}">0</var>
<kw name="Set Variable" library="BuiltIn">
<var>${inidcated}</var>
<arg>${element}</arg>
<doc>Returns the given values which can then be assigned to a variables.</doc>
<msg timestamp="20221106 02:17:16.378" level="INFO">${inidcated} = 0</msg>
<status status="PASS" starttime="20221106 02:17:16.378" endtime="20221106 02:17:16.378"/>
</kw>
<kw name="Evaluate" library="BuiltIn">
<var>${sum_of_price_from_table}</var>
<arg>${sum_of_price_from_table}+${inidcated}</arg>
<doc>Evaluates the given expression in Python and returns the result.</doc>
<msg timestamp="20221106 02:17:16.379" level="INFO">${sum_of_price_from_table} = 0.0</msg>
<status status="PASS" starttime="20221106 02:17:16.379" endtime="20221106 02:17:16.379"/>
</kw>
<status status="PASS" starttime="20221106 02:17:16.378" endtime="20221106 02:17:16.379"/>
</iter>
<iter>
<var name="${element}">0</var>
<kw name="Set Variable" library="BuiltIn">
<var>${inidcated}</var>
<arg>${element}</arg>
<doc>Returns the given values which can then be assigned to a variables.</doc>
<msg timestamp="20221106 02:17:16.379" level="INFO">${inidcated} = 0</msg>
<status status="PASS" starttime="20221106 02:17:16.379" endtime="20221106 02:17:16.379"/>
</kw>
<kw name="Evaluate" library="BuiltIn">
<var>${sum_of_price_from_table}</var>
<arg>${sum_of_price_from_table}+${inidcated}</arg>
<doc>Evaluates the given expression in Python and returns the result.</doc>
<msg timestamp="20221106 02:17:16.379" level="INFO">${sum_of_price_from_table} = 0.0</msg>
<status status="PASS" starttime="20221106 02:17:16.379" endtime="20221106 02:17:16.379"/>
</kw>
<status status="PASS" starttime="20221106 02:17:16.379" endtime="20221106 02:17:16.379"/>
</iter>
<iter>
<var name="${element}">0</var>
<kw name="Set Variable" library="BuiltIn">
<var>${inidcated}</var>
<arg>${element}</arg>
<doc>Returns the given values which can then be assigned to a variables.</doc>
<msg timestamp="20221106 02:17:16.379" level="INFO">${inidcated} = 0</msg>
<status status="PASS" starttime="20221106 02:17:16.379" endtime="20221106 02:17:16.379"/>
</kw>
<kw name="Evaluate" library="BuiltIn">
<var>${sum_of_price_from_table}</var>
<arg>${sum_of_price_from_table}+${inidcated}</arg>
<doc>Evaluates the given expression in Python and returns the result.</doc>
<msg timestamp="20221106 02:17:16.379" level="INFO">${sum_of_price_from_table} = 0.0</msg>
<status status="PASS" starttime="20221106 02:17:16.379" endtime="20221106 02:17:16.379"/>
</kw>
<status status="PASS" starttime="20221106 02:17:16.379" endtime="20221106 02:17:16.379"/>
</iter>
<iter>
<var name="${element}">0</var>
<kw name="Set Variable" library="BuiltIn">
<var>${inidcated}</var>
<arg>${element}</arg>
<doc>Returns the given values which can then be assigned to a variables.</doc>
<msg timestamp="20221106 02:17:16.379" level="INFO">${inidcated} = 0</msg>
<status status="PASS" starttime="20221106 02:17:16.379" endtime="20221106 02:17:16.379"/>
</kw>
<kw name="Evaluate" library="BuiltIn">
<var>${sum_of_price_from_table}</var>
<arg>${sum_of_price_from_table}+${inidcated}</arg>
<doc>Evaluates the given expression in Python and returns the result.</doc>
<msg timestamp="20221106 02:17:16.379" level="INFO">${sum_of_price_from_table} = 0.0</msg>
<status status="PASS" starttime="20221106 02:17:16.379" endtime="20221106 02:17:16.379"/>
</kw>
<status status="PASS" starttime="20221106 02:17:16.379" endtime="20221106 02:17:16.379"/>
</iter>
<iter>
<var name="${element}">0</var>
<kw name="Set Variable" library="BuiltIn">
<var>${inidcated}</var>
<arg>${element}</arg>
<doc>Returns the given values which can then be assigned to a variables.</doc>
<msg timestamp="20221106 02:17:16.380" level="INFO">${inidcated} = 0</msg>
<status status="PASS" starttime="20221106 02:17:16.379" endtime="20221106 02:17:16.380"/>
</kw>
<kw name="Evaluate" library="BuiltIn">
<var>${sum_of_price_from_table}</var>
<arg>${sum_of_price_from_table}+${inidcated}</arg>
<doc>Evaluates the given expression in Python and returns the result.</doc>
<msg timestamp="20221106 02:17:16.380" level="INFO">${sum_of_price_from_table} = 0.0</msg>
<status status="PASS" starttime="20221106 02:17:16.380" endtime="20221106 02:17:16.380"/>
</kw>
<status status="PASS" starttime="20221106 02:17:16.379" endtime="20221106 02:17:16.380"/>
</iter>
<iter>
<var name="${element}">0</var>
<kw name="Set Variable" library="BuiltIn">
<var>${inidcated}</var>
<arg>${element}</arg>
<doc>Returns the given values which can then be assigned to a variables.</doc>
<msg timestamp="20221106 02:17:16.380" level="INFO">${inidcated} = 0</msg>
<status status="PASS" starttime="20221106 02:17:16.380" endtime="20221106 02:17:16.380"/>
</kw>
<kw name="Evaluate" library="BuiltIn">
<var>${sum_of_price_from_table}</var>
<arg>${sum_of_price_from_table}+${inidcated}</arg>
<doc>Evaluates the given expression in Python and returns the result.</doc>
<msg timestamp="20221106 02:17:16.380" level="INFO">${sum_of_price_from_table} = 0.0</msg>
<status status="PASS" starttime="20221106 02:17:16.380" endtime="20221106 02:17:16.380"/>
</kw>
<status status="PASS" starttime="20221106 02:17:16.380" endtime="20221106 02:17:16.380"/>
</iter>
<iter>
<var name="${element}">0</var>
<kw name="Set Variable" library="BuiltIn">
<var>${inidcated}</var>
<arg>${element}</arg>
<doc>Returns the given values which can then be assigned to a variables.</doc>
<msg timestamp="20221106 02:17:16.380" level="INFO">${inidcated} = 0</msg>
<status status="PASS" starttime="20221106 02:17:16.380" endtime="20221106 02:17:16.380"/>
</kw>
<kw name="Evaluate" library="BuiltIn">
<var>${sum_of_price_from_table}</var>
<arg>${sum_of_price_from_table}+${inidcated}</arg>
<doc>Evaluates the given expression in Python and returns the result.</doc>
<msg timestamp="20221106 02:17:16.380" level="INFO">${sum_of_price_from_table} = 0.0</msg>
<status status="PASS" starttime="20221106 02:17:16.380" endtime="20221106 02:17:16.380"/>
</kw>
<status status="PASS" starttime="20221106 02:17:16.380" endtime="20221106 02:17:16.380"/>
</iter>
<iter>
<var name="${element}">0</var>
<kw name="Set Variable" library="BuiltIn">
<var>${inidcated}</var>
<arg>${element}</arg>
<doc>Returns the given values which can then be assigned to a variables.</doc>
<msg timestamp="20221106 02:17:16.380" level="INFO">${inidcated} = 0</msg>
<status status="PASS" starttime="20221106 02:17:16.380" endtime="20221106 02:17:16.380"/>
</kw>
<kw name="Evaluate" library="BuiltIn">
<var>${sum_of_price_from_table}</var>
<arg>${sum_of_price_from_table}+${inidcated}</arg>
<doc>Evaluates the given expression in Python and returns the result.</doc>
<msg timestamp="20221106 02:17:16.380" level="INFO">${sum_of_price_from_table} = 0.0</msg>
<status status="PASS" starttime="20221106 02:17:16.380" endtime="20221106 02:17:16.381"/>
</kw>
<status status="PASS" starttime="20221106 02:17:16.380" endtime="20221106 02:17:16.381"/>
</iter>
<iter>
<var name="${element}">0</var>
<kw name="Set Variable" library="BuiltIn">
<var>${inidcated}</var>
<arg>${element}</arg>
<doc>Returns the given values which can then be assigned to a variables.</doc>
<msg timestamp="20221106 02:17:16.381" level="INFO">${inidcated} = 0</msg>
<status status="PASS" starttime="20221106 02:17:16.381" endtime="20221106 02:17:16.381"/>
</kw>
<kw name="Evaluate" library="BuiltIn">
<var>${sum_of_price_from_table}</var>
<arg>${sum_of_price_from_table}+${inidcated}</arg>
<doc>Evaluates the given expression in Python and returns the result.</doc>
<msg timestamp="20221106 02:17:16.381" level="INFO">${sum_of_price_from_table} = 0.0</msg>
<status status="PASS" starttime="20221106 02:17:16.381" endtime="20221106 02:17:16.381"/>
</kw>
<status status="PASS" starttime="20221106 02:17:16.381" endtime="20221106 02:17:16.381"/>
</iter>
<iter>
<var name="${element}">0</var>
<kw name="Set Variable" library="BuiltIn">
<var>${inidcated}</var>
<arg>${element}</arg>
<doc>Returns the given values which can then be assigned to a variables.</doc>
<msg timestamp="20221106 02:17:16.381" level="INFO">${inidcated} = 0</msg>
<status status="PASS" starttime="20221106 02:17:16.381" endtime="20221106 02:17:16.381"/>
</kw>
<kw name="Evaluate" library="BuiltIn">
<var>${sum_of_price_from_table}</var>
<arg>${sum_of_price_from_table}+${inidcated}</arg>
<doc>Evaluates the given expression in Python and returns the result.</doc>
<msg timestamp="20221106 02:17:16.381" level="INFO">${sum_of_price_from_table} = 0.0</msg>
<status status="PASS" starttime="20221106 02:17:16.381" endtime="20221106 02:17:16.381"/>
</kw>
<status status="PASS" starttime="20221106 02:17:16.381" endtime="20221106 02:17:16.381"/>
</iter>
<iter>
<var name="${element}">0</var>
<kw name="Set Variable" library="BuiltIn">
<var>${inidcated}</var>
<arg>${element}</arg>
<doc>Returns the given values which can then be assigned to a variables.</doc>
<msg timestamp="20221106 02:17:16.381" level="INFO">${inidcated} = 0</msg>
<status status="PASS" starttime="20221106 02:17:16.381" endtime="20221106 02:17:16.381"/>
</kw>
<kw name="Evaluate" library="BuiltIn">
<var>${sum_of_price_from_table}</var>
<arg>${sum_of_price_from_table}+${inidcated}</arg>
<doc>Evaluates the given expression in Python and returns the result.</doc>
<msg timestamp="20221106 02:17:16.381" level="INFO">${sum_of_price_from_table} = 0.0</msg>
<status status="PASS" starttime="20221106 02:17:16.381" endtime="20221106 02:17:16.381"/>
</kw>
<status status="PASS" starttime="20221106 02:17:16.381" endtime="20221106 02:17:16.381"/>
</iter>
<iter>
<var name="${element}">0</var>
<kw name="Set Variable" library="BuiltIn">
<var>${inidcated}</var>
<arg>${element}</arg>
<doc>Returns the given values which can then be assigned to a variables.</doc>
<msg timestamp="20221106 02:17:16.381" level="INFO">${inidcated} = 0</msg>
<status status="PASS" starttime="20221106 02:17:16.381" endtime="20221106 02:17:16.381"/>
</kw>
<kw name="Evaluate" library="BuiltIn">
<var>${sum_of_price_from_table}</var>
<arg>${sum_of_price_from_table}+${inidcated}</arg>
<doc>Evaluates the given expression in Python and returns the result.</doc>
<msg timestamp="20221106 02:17:16.382" level="INFO">${sum_of_price_from_table} = 0.0</msg>
<status status="PASS" starttime="20221106 02:17:16.381" endtime="20221106 02:17:16.382"/>
</kw>
<status status="PASS" starttime="20221106 02:17:16.381" endtime="20221106 02:17:16.382"/>
</iter>
<iter>
<var name="${element}">0</var>
<kw name="Set Variable" library="BuiltIn">
<var>${inidcated}</var>
<arg>${element}</arg>
<doc>Returns the given values which can then be assigned to a variables.</doc>
<msg timestamp="20221106 02:17:16.382" level="INFO">${inidcated} = 0</msg>
<status status="PASS" starttime="20221106 02:17:16.382" endtime="20221106 02:17:16.382"/>
</kw>
<kw name="Evaluate" library="BuiltIn">
<var>${sum_of_price_from_table}</var>
<arg>${sum_of_price_from_table}+${inidcated}</arg>
<doc>Evaluates the given expression in Python and returns the result.</doc>
<msg timestamp="20221106 02:17:16.382" level="INFO">${sum_of_price_from_table} = 0.0</msg>
<status status="PASS" starttime="20221106 02:17:16.382" endtime="20221106 02:17:16.382"/>
</kw>
<status status="PASS" starttime="20221106 02:17:16.382" endtime="20221106 02:17:16.382"/>
</iter>
<iter>
<var name="${element}">0</var>
<kw name="Set Variable" library="BuiltIn">
<var>${inidcated}</var>
<arg>${element}</arg>
<doc>Returns the given values which can then be assigned to a variables.</doc>
<msg timestamp="20221106 02:17:16.382" level="INFO">${inidcated} = 0</msg>
<status status="PASS" starttime="20221106 02:17:16.382" endtime="20221106 02:17:16.382"/>
</kw>
<kw name="Evaluate" library="BuiltIn">
<var>${sum_of_price_from_table}</var>
<arg>${sum_of_price_from_table}+${inidcated}</arg>
<doc>Evaluates the given expression in Python and returns the result.</doc>
<msg timestamp="20221106 02:17:16.382" level="INFO">${sum_of_price_from_table} = 0.0</msg>
<status status="PASS" starttime="20221106 02:17:16.382" endtime="20221106 02:17:16.382"/>
</kw>
<status status="PASS" starttime="20221106 02:17:16.382" endtime="20221106 02:17:16.382"/>
</iter>
<iter>
<var name="${element}">0</var>
<kw name="Set Variable" library="BuiltIn">
<var>${inidcated}</var>
<arg>${element}</arg>
<doc>Returns the given values which can then be assigned to a variables.</doc>
<msg timestamp="20221106 02:17:16.382" level="INFO">${inidcated} = 0</msg>
<status status="PASS" starttime="20221106 02:17:16.382" endtime="20221106 02:17:16.382"/>
</kw>
<kw name="Evaluate" library="BuiltIn">
<var>${sum_of_price_from_table}</var>
<arg>${sum_of_price_from_table}+${inidcated}</arg>
<doc>Evaluates the given expression in Python and returns the result.</doc>
<msg timestamp="20221106 02:17:16.382" level="INFO">${sum_of_price_from_table} = 0.0</msg>
<status status="PASS" starttime="20221106 02:17:16.382" endtime="20221106 02:17:16.382"/>
</kw>
<status status="PASS" starttime="20221106 02:17:16.382" endtime="20221106 02:17:16.382"/>
</iter>
<iter>
<var name="${element}">0</var>
<kw name="Set Variable" library="BuiltIn">
<var>${inidcated}</var>
<arg>${element}</arg>
<doc>Returns the given values which can then be assigned to a variables.</doc>
<msg timestamp="20221106 02:17:16.382" level="INFO">${inidcated} = 0</msg>
<status status="PASS" starttime="20221106 02:17:16.382" endtime="20221106 02:17:16.382"/>
</kw>
<kw name="Evaluate" library="BuiltIn">
<var>${sum_of_price_from_table}</var>
<arg>${sum_of_price_from_table}+${inidcated}</arg>
<doc>Evaluates the given expression in Python and returns the result.</doc>
<msg timestamp="20221106 02:17:16.383" level="INFO">${sum_of_price_from_table} = 0.0</msg>
<status status="PASS" starttime="20221106 02:17:16.382" endtime="20221106 02:17:16.383"/>
</kw>
<status status="PASS" starttime="20221106 02:17:16.382" endtime="20221106 02:17:16.383"/>
</iter>
<status status="PASS" starttime="20221106 02:17:16.375" endtime="20221106 02:17:16.383"/>
</for>
<kw name="Set Global Variable" library="BuiltIn">
<arg>${sum_of_price_from_table}</arg>
<doc>Makes a variable available globally in all tests and suites.</doc>
<msg timestamp="20221106 02:17:16.383" level="INFO">${sum_of_price_from_table} = 0.0</msg>
<status status="PASS" starttime="20221106 02:17:16.383" endtime="20221106 02:17:16.383"/>
</kw>
<status status="PASS" starttime="20221106 02:17:15.976" endtime="20221106 02:17:16.383"/>
</kw>
<kw name="Round To 2 Dp" library="Helpfunction">
<var>${rounded_price_from_table}</var>
<arg>${sum_of_price_from_table}</arg>
<msg timestamp="20221106 02:17:16.383" level="INFO">${rounded_price_from_table} = 0</msg>
<status status="PASS" starttime="20221106 02:17:16.383" endtime="20221106 02:17:16.383"/>
</kw>
<kw name="Splittextforcheckprice" library="Helpfunction">
<var>${check_against_price}</var>
<arg>${relief_statement}</arg>
<arg>${rounded_price_from_table}</arg>
<msg timestamp="20221106 02:17:16.383" level="INFO">${check_against_price} = True</msg>
<status status="PASS" starttime="20221106 02:17:16.383" endtime="20221106 02:17:16.383"/>
</kw>
<kw name="Log To Console" library="BuiltIn">
<arg>check against price</arg>
<doc>Logs the given message to the console.</doc>
<status status="PASS" starttime="20221106 02:17:16.383" endtime="20221106 02:17:16.383"/>
</kw>
<kw name="Log To Console" library="BuiltIn">
<arg>${rounded_price_from_table}</arg>
<doc>Logs the given message to the console.</doc>
<status status="PASS" starttime="20221106 02:17:16.383" endtime="20221106 02:17:16.383"/>
</kw>
<kw name="Log To Console" library="BuiltIn">
<arg>${check_against_price}</arg>
<doc>Logs the given message to the console.</doc>
<status status="PASS" starttime="20221106 02:17:16.383" endtime="20221106 02:17:16.383"/>
</kw>
<if>
<branch type="IF" condition="${check_against_price}">
<kw name="Pass Execution" library="BuiltIn">
<arg>Sub Price Sub Test Passed</arg>
<doc>Skips rest of the current test, setup, or teardown with PASS status.</doc>
<msg timestamp="20221106 02:17:16.383" level="INFO">Execution passed with message:
Sub Price Sub Test Passed</msg>
<status status="PASS" starttime="20221106 02:17:16.383" endtime="20221106 02:17:16.383"/>
</kw>
<status status="PASS" starttime="20221106 02:17:16.383" endtime="20221106 02:17:16.384"/>
</branch>
<branch type="ELSE">
<kw name="Fail" library="BuiltIn">
<doc>Fails the test with the given message and optionally alters its tags.</doc>
<status status="NOT RUN" starttime="20221106 02:17:16.384" endtime="20221106 02:17:16.384"/>
</kw>
<status status="NOT RUN" starttime="20221106 02:17:16.384" endtime="20221106 02:17:16.384"/>
</branch>
<status status="PASS" starttime="20221106 02:17:16.383" endtime="20221106 02:17:16.384"/>
</if>
<status status="PASS" starttime="20221106 02:17:15.868" endtime="20221106 02:17:16.384"/>
</branch>
<status status="PASS" starttime="20221106 02:17:15.867" endtime="20221106 02:17:16.384"/>
</if>
<doc>This test case verifies the initial relief summary text for The Oppenheimer Project</doc>
<tag>Initial</tag>
<status status="PASS" starttime="20221106 02:17:15.862" endtime="20221106 02:17:16.384">Sub Price Sub Test Passed</status>
</test>
<test id="s1-s1-s2-s1-t4" name="Verify Initial Sum of Relief From Database Of The Oppenheimer Project Corresponds To Front End Table" line="148">
<kw name="Get Number Of Heroes" library="resources">
<kw name="Get Number Of Users" library="Helpfunction">
<var>${number_of_users}</var>
<msg timestamp="20221106 02:17:16.391" level="INFO">${number_of_users} = 28</msg>
<status status="PASS" starttime="20221106 02:17:16.384" endtime="20221106 02:17:16.391"/>
</kw>
<kw name="Set Global Variable" library="BuiltIn">
<arg>${number_of_users}</arg>
<doc>Makes a variable available globally in all tests and suites.</doc>
<msg timestamp="20221106 02:17:16.391" level="INFO">${number_of_users} = 28</msg>
<status status="PASS" starttime="20221106 02:17:16.391" endtime="20221106 02:17:16.391"/>
</kw>
<status status="PASS" starttime="20221106 02:17:16.384" endtime="20221106 02:17:16.391"/>
</kw>
<kw name="Get Database Rounded Sum Of Relief" library="resources">
<kw name="Get Total Relief" library="Helpfunction">
<var>${total_database_relief}</var>
<msg timestamp="20221106 02:17:16.398" level="INFO">${total_database_relief} = 0.0</msg>
<status status="PASS" starttime="20221106 02:17:16.392" endtime="20221106 02:17:16.398"/>
</kw>
<kw name="Round To 2 Dp" library="Helpfunction">
<var>${rounded_total_database_relief}</var>
<arg>${total_database_relief}</arg>
<msg timestamp="20221106 02:17:16.398" level="INFO">${rounded_total_database_relief} = 0</msg>
<status status="PASS" starttime="20221106 02:17:16.398" endtime="20221106 02:17:16.398"/>
</kw>
<kw name="Set Global Variable" library="BuiltIn">
<arg>${rounded_total_database_relief}</arg>
<doc>Makes a variable available globally in all tests and suites.</doc>
<msg timestamp="20221106 02:17:16.398" level="INFO">${rounded_total_database_relief} = 0</msg>
<status status="PASS" starttime="20221106 02:17:16.398" endtime="20221106 02:17:16.398"/>
</kw>
<status status="PASS" starttime="20221106 02:17:16.391" endtime="20221106 02:17:16.398"/>
</kw>
<if>
<branch type="IF" condition="${number_of_users} == ${0}">
<kw name="Skip" library="BuiltIn">
<doc>Skips the rest of the current test.</doc>
<status status="NOT RUN" starttime="20221106 02:17:16.398" endtime="20221106 02:17:16.398"/>
</kw>
<status status="NOT RUN" starttime="20221106 02:17:16.398" endtime="20221106 02:17:16.398"/>
</branch>
<branch type="ELSE">
<kw name="Get Subsequent Financial Relief Summary Statement" library="resources">
<kw name="Wait Until Element Is Visible" library="SeleniumLibrary">
<arg>xpath://*[@id="contents"]/div[3]/div/p</arg>
<doc>Waits until the element ``locator`` is visible.</doc>
<status status="PASS" starttime="20221106 02:17:16.398" endtime="20221106 02:17:16.410"/>
</kw>
<kw name="Get Text" library="SeleniumLibrary">
<var>${relief_statement}</var>
<arg>xpath://*[@id="contents"]/div[3]/div/p</arg>
<doc>Returns the text value of the element identified by ``locator``.</doc>
<msg timestamp="20221106 02:17:16.418" level="INFO">${relief_statement} = £0 will be dispensed to 28 Working Class Hero/s</msg>
<status status="PASS" starttime="20221106 02:17:16.410" endtime="20221106 02:17:16.418"/>
</kw>
<kw name="Set Global Variable" library="BuiltIn">
<arg>${relief_statement}</arg>
<doc>Makes a variable available globally in all tests and suites.</doc>
<msg timestamp="20221106 02:17:16.419" level="INFO">${relief_statement} = £0 will be dispensed to 28 Working Class Hero/s</msg>
<status status="PASS" starttime="20221106 02:17:16.418" endtime="20221106 02:17:16.419"/>
</kw>
<status status="PASS" starttime="20221106 02:17:16.398" endtime="20221106 02:17:16.419"/>
</kw>
<kw name="Count Rows In Table" library="resources">
<kw name="Get Element Count" library="SeleniumLibrary">
<var>${initial_rows}</var>
<arg>xpath://*[@id="contents"]/div[2]/table/tbody/tr</arg>
<doc>Returns the number of elements matching ``locator``.</doc>
<msg timestamp="20221106 02:17:16.423" level="INFO">${initial_rows} = 28</msg>
<status status="PASS" starttime="20221106 02:17:16.419" endtime="20221106 02:17:16.423"/>
</kw>
<kw name="Set Global Variable" library="BuiltIn">
<arg>${initial_rows}</arg>
<doc>Makes a variable available globally in all tests and suites.</doc>
<msg timestamp="20221106 02:17:16.423" level="INFO">${initial_rows} = 28</msg>
<status status="PASS" starttime="20221106 02:17:16.423" endtime="20221106 02:17:16.423"/>
</kw>
<status status="PASS" starttime="20221106 02:17:16.419" endtime="20221106 02:17:16.423"/>
</kw>
<kw name="Calculate Total Price From Table" library="resources">
<kw name="Get Element Count" library="SeleniumLibrary">
<var>${init_table}</var>
<arg>xpath://*[@id="contents"]/div[2]/table/tbody/tr</arg>
<doc>Returns the number of elements matching ``locator``.</doc>
<msg timestamp="20221106 02:17:16.427" level="INFO">${init_table} = 28</msg>
<status status="PASS" starttime="20221106 02:17:16.423" endtime="20221106 02:17:16.427"/>
</kw>
<kw name="Create List" library="BuiltIn">
<var>@{PriceList}</var>
<doc>Returns a list containing given items.</doc>
<msg timestamp="20221106 02:17:16.427" level="INFO">@{PriceList} = [ ]</msg>
<status status="PASS" starttime="20221106 02:17:16.427" endtime="20221106 02:17:16.427"/>
</kw>
<for flavor="IN RANGE">
<var>${index}</var>
<value>1</value>
<value>${init_table}+1</value>
<iter>
<var name="${index}">1</var>
<kw name="Get Text" library="SeleniumLibrary">
<var>${var}</var>
<arg>xpath://*[@id="contents"]/div[2]/table/tbody/tr[${index}]/td[2]</arg>
<doc>Returns the text value of the element identified by ``locator``.</doc>
<msg timestamp="20221106 02:17:16.435" level="INFO">${var} = 0</msg>
<status status="PASS" starttime="20221106 02:17:16.427" endtime="20221106 02:17:16.435"/>
</kw>
<kw name="Append To List" library="Collections">
<arg>${PriceList}</arg>
<arg>${var}</arg>
<doc>Adds ``values`` to the end of ``list``.</doc>
<status status="PASS" starttime="20221106 02:17:16.435" endtime="20221106 02:17:16.435"/>
</kw>
<status status="PASS" starttime="20221106 02:17:16.427" endtime="20221106 02:17:16.435"/>
</iter>
<iter>
<var name="${index}">2</var>
<kw name="Get Text" library="SeleniumLibrary">
<var>${var}</var>
[...]
<arg>${index}</arg>
<doc>Logs the given message to the console.</doc>
<status status="PASS" starttime="20221106 02:17:50.296" endtime="20221106 02:17:50.296"/>
</kw>
<kw name="Get Text" library="SeleniumLibrary">
<var>${hero_relief_from_table}</var>
<arg>xpath://*[@id="contents"]/div[2]/table/tbody/tr[${index}]/td[2]</arg>
<doc>Returns the text value of the element identified by ``locator``.</doc>
<msg timestamp="20221106 02:17:50.311" level="INFO">${hero_relief_from_table} = 0</msg>
<status status="PASS" starttime="20221106 02:17:50.296" endtime="20221106 02:17:50.311"/>
</kw>
<status status="PASS" starttime="20221106 02:17:50.296" endtime="20221106 02:17:50.311"/>
</branch>
<status status="PASS" starttime="20221106 02:17:50.296" endtime="20221106 02:17:50.311"/>
</if>
<status status="PASS" starttime="20221106 02:17:50.280" endtime="20221106 02:17:50.311"/>
</iter>
<iter>
<var name="${index}">29</var>
<kw name="Get Text" library="SeleniumLibrary">
<var>${var}</var>
<arg>xpath://*[@id="contents"]/div[2]/table/tbody/tr[${index}]/td[1]</arg>
<doc>Returns the text value of the element identified by ``locator``.</doc>
<msg timestamp="20221106 02:17:50.327" level="INFO">${var} = 0000</msg>
<status status="PASS" starttime="20221106 02:17:50.311" endtime="20221106 02:17:50.327"/>
</kw>
<kw name="Check Two National Id" library="Helpfunction">
<var>${check_id_match}</var>
<arg>${national_id}</arg>
<arg>${var}</arg>
<msg timestamp="20221106 02:17:50.327" level="INFO">${check_id_match} = False</msg>
<status status="PASS" starttime="20221106 02:17:50.327" endtime="20221106 02:17:50.327"/>
</kw>
<kw name="Log To Console" library="BuiltIn">
<arg>message123213131</arg>
<doc>Logs the given message to the console.</doc>
<status status="PASS" starttime="20221106 02:17:50.327" endtime="20221106 02:17:50.327"/>
</kw>
<if>
<branch type="IF" condition="${check_id_match}">
<kw name="Log To Console" library="BuiltIn">
<arg>${index}</arg>
<doc>Logs the given message to the console.</doc>
<status status="NOT RUN" starttime="20221106 02:17:50.327" endtime="20221106 02:17:50.327"/>
</kw>
<kw name="Get Text" library="SeleniumLibrary">
<var>${hero_relief_from_table}</var>
<arg>xpath://*[@id="contents"]/div[2]/table/tbody/tr[${index}]/td[2]</arg>
<doc>Returns the text value of the element identified by ``locator``.</doc>
<status status="NOT RUN" starttime="20221106 02:17:50.327" endtime="20221106 02:17:50.327"/>
</kw>
<status status="NOT RUN" starttime="20221106 02:17:50.327" endtime="20221106 02:17:50.327"/>
</branch>
<status status="PASS" starttime="20221106 02:17:50.327" endtime="20221106 02:17:50.327"/>
</if>
<status status="PASS" starttime="20221106 02:17:50.311" endtime="20221106 02:17:50.327"/>
</iter>
<iter>
<var name="${index}">30</var>
<kw name="Get Text" library="SeleniumLibrary">
<var>${var}</var>
<arg>xpath://*[@id="contents"]/div[2]/table/tbody/tr[${index}]/td[1]</arg>
<doc>Returns the text value of the element identified by ``locator``.</doc>
<msg timestamp="20221106 02:17:50.342" level="INFO">${var} = 0001</msg>
<status status="PASS" starttime="20221106 02:17:50.327" endtime="20221106 02:17:50.342"/>
</kw>
<kw name="Check Two National Id" library="Helpfunction">
<var>${check_id_match}</var>
<arg>${national_id}</arg>
<arg>${var}</arg>
<msg timestamp="20221106 02:17:50.343" level="INFO">${check_id_match} = False</msg>
<status status="PASS" starttime="20221106 02:17:50.343" endtime="20221106 02:17:50.343"/>
</kw>
<kw name="Log To Console" library="BuiltIn">
<arg>message123213131</arg>
<doc>Logs the given message to the console.</doc>
<status status="PASS" starttime="20221106 02:17:50.343" endtime="20221106 02:17:50.343"/>
</kw>
<if>
<branch type="IF" condition="${check_id_match}">
<kw name="Log To Console" library="BuiltIn">
<arg>${index}</arg>
<doc>Logs the given message to the console.</doc>
<status status="NOT RUN" starttime="20221106 02:17:50.343" endtime="20221106 02:17:50.343"/>
</kw>
<kw name="Get Text" library="SeleniumLibrary">
<var>${hero_relief_from_table}</var>
<arg>xpath://*[@id="contents"]/div[2]/table/tbody/tr[${index}]/td[2]</arg>
<doc>Returns the text value of the element identified by ``locator``.</doc>
<status status="NOT RUN" starttime="20221106 02:17:50.343" endtime="20221106 02:17:50.343"/>
</kw>
<status status="NOT RUN" starttime="20221106 02:17:50.343" endtime="20221106 02:17:50.343"/>
</branch>
<status status="PASS" starttime="20221106 02:17:50.343" endtime="20221106 02:17:50.343"/>
</if>
<status status="PASS" starttime="20221106 02:17:50.327" endtime="20221106 02:17:50.343"/>
</iter>
<iter>
<var name="${index}">31</var>
<kw name="Get Text" library="SeleniumLibrary">
<var>${var}</var>
<arg>xpath://*[@id="contents"]/div[2]/table/tbody/tr[${index}]/td[1]</arg>
<doc>Returns the text value of the element identified by ``locator``.</doc>
<msg timestamp="20221106 02:17:50.358" level="INFO">${var} = 0003</msg>
<status status="PASS" starttime="20221106 02:17:50.343" endtime="20221106 02:17:50.358"/>
</kw>
<kw name="Check Two National Id" library="Helpfunction">
<var>${check_id_match}</var>
<arg>${national_id}</arg>
<arg>${var}</arg>
<msg timestamp="20221106 02:17:50.359" level="INFO">${check_id_match} = False</msg>
<status status="PASS" starttime="20221106 02:17:50.358" endtime="20221106 02:17:50.359"/>
</kw>
<kw name="Log To Console" library="BuiltIn">
<arg>message123213131</arg>
<doc>Logs the given message to the console.</doc>
<status status="PASS" starttime="20221106 02:17:50.359" endtime="20221106 02:17:50.359"/>
</kw>
<if>
<branch type="IF" condition="${check_id_match}">
<kw name="Log To Console" library="BuiltIn">
<arg>${index}</arg>
<doc>Logs the given message to the console.</doc>
<status status="NOT RUN" starttime="20221106 02:17:50.359" endtime="20221106 02:17:50.359"/>
</kw>
<kw name="Get Text" library="SeleniumLibrary">
<var>${hero_relief_from_table}</var>
<arg>xpath://*[@id="contents"]/div[2]/table/tbody/tr[${index}]/td[2]</arg>
<doc>Returns the text value of the element identified by ``locator``.</doc>
<status status="NOT RUN" starttime="20221106 02:17:50.359" endtime="20221106 02:17:50.359"/>
</kw>
<status status="NOT RUN" starttime="20221106 02:17:50.359" endtime="20221106 02:17:50.359"/>
</branch>
<status status="PASS" starttime="20221106 02:17:50.359" endtime="20221106 02:17:50.359"/>
</if>
<status status="PASS" starttime="20221106 02:17:50.343" endtime="20221106 02:17:50.359"/>
</iter>
<iter>
<var name="${index}">32</var>
<kw name="Get Text" library="SeleniumLibrary">
<var>${var}</var>
<arg>xpath://*[@id="contents"]/div[2]/table/tbody/tr[${index}]/td[1]</arg>
<doc>Returns the text value of the element identified by ``locator``.</doc>
<msg timestamp="20221106 02:17:50.377" level="INFO">${var} = 0004</msg>
<status status="PASS" starttime="20221106 02:17:50.359" endtime="20221106 02:17:50.377"/>
</kw>
<kw name="Check Two National Id" library="Helpfunction">
<var>${check_id_match}</var>
<arg>${national_id}</arg>
<arg>${var}</arg>
<msg timestamp="20221106 02:17:50.377" level="INFO">${check_id_match} = False</msg>
<status status="PASS" starttime="20221106 02:17:50.377" endtime="20221106 02:17:50.377"/>
</kw>
<kw name="Log To Console" library="BuiltIn">
<arg>message123213131</arg>
<doc>Logs the given message to the console.</doc>
<status status="PASS" starttime="20221106 02:17:50.377" endtime="20221106 02:17:50.377"/>
</kw>
<if>
<branch type="IF" condition="${check_id_match}">
<kw name="Log To Console" library="BuiltIn">
<arg>${index}</arg>
<doc>Logs the given message to the console.</doc>
<status status="NOT RUN" starttime="20221106 02:17:50.377" endtime="20221106 02:17:50.377"/>
</kw>
<kw name="Get Text" library="SeleniumLibrary">
<var>${hero_relief_from_table}</var>
<arg>xpath://*[@id="contents"]/div[2]/table/tbody/tr[${index}]/td[2]</arg>
<doc>Returns the text value of the element identified by ``locator``.</doc>
<status status="NOT RUN" starttime="20221106 02:17:50.377" endtime="20221106 02:17:50.377"/>
</kw>
<status status="NOT RUN" starttime="20221106 02:17:50.377" endtime="20221106 02:17:50.377"/>
</branch>
<status status="PASS" starttime="20221106 02:17:50.377" endtime="20221106 02:17:50.377"/>
</if>
<status status="PASS" starttime="20221106 02:17:50.359" endtime="20221106 02:17:50.377"/>
</iter>
<iter>
<var name="${index}">33</var>
<kw name="Get Text" library="SeleniumLibrary">
<var>${var}</var>
<arg>xpath://*[@id="contents"]/div[2]/table/tbody/tr[${index}]/td[1]</arg>
<doc>Returns the text value of the element identified by ``locator``.</doc>
<msg timestamp="20221106 02:17:50.392" level="INFO">${var} = 0005</msg>
<status status="PASS" starttime="20221106 02:17:50.377" endtime="20221106 02:17:50.392"/>
</kw>
<kw name="Check Two National Id" library="Helpfunction">
<var>${check_id_match}</var>
<arg>${national_id}</arg>
<arg>${var}</arg>
<msg timestamp="20221106 02:17:50.393" level="INFO">${check_id_match} = False</msg>
<status status="PASS" starttime="20221106 02:17:50.392" endtime="20221106 02:17:50.393"/>
</kw>
<kw name="Log To Console" library="BuiltIn">
<arg>message123213131</arg>
<doc>Logs the given message to the console.</doc>
<status status="PASS" starttime="20221106 02:17:50.393" endtime="20221106 02:17:50.393"/>
</kw>
<if>
<branch type="IF" condition="${check_id_match}">
<kw name="Log To Console" library="BuiltIn">
<arg>${index}</arg>
<doc>Logs the given message to the console.</doc>
<status status="NOT RUN" starttime="20221106 02:17:50.393" endtime="20221106 02:17:50.393"/>
</kw>
<kw name="Get Text" library="SeleniumLibrary">
<var>${hero_relief_from_table}</var>
<arg>xpath://*[@id="contents"]/div[2]/table/tbody/tr[${index}]/td[2]</arg>
<doc>Returns the text value of the element identified by ``locator``.</doc>
<status status="NOT RUN" starttime="20221106 02:17:50.393" endtime="20221106 02:17:50.393"/>
</kw>
<status status="NOT RUN" starttime="20221106 02:17:50.393" endtime="20221106 02:17:50.393"/>
</branch>
<status status="PASS" starttime="20221106 02:17:50.393" endtime="20221106 02:17:50.393"/>
</if>
<status status="PASS" starttime="20221106 02:17:50.377" endtime="20221106 02:17:50.393"/>
</iter>
<iter>
<var name="${index}">34</var>
<kw name="Get Text" library="SeleniumLibrary">
<var>${var}</var>
<arg>xpath://*[@id="contents"]/div[2]/table/tbody/tr[${index}]/td[1]</arg>
<doc>Returns the text value of the element identified by ``locator``.</doc>
<msg timestamp="20221106 02:17:50.409" level="INFO">${var} = 0006</msg>
<status status="PASS" starttime="20221106 02:17:50.393" endtime="20221106 02:17:50.409"/>
</kw>
<kw name="Check Two National Id" library="Helpfunction">
<var>${check_id_match}</var>
<arg>${national_id}</arg>
<arg>${var}</arg>
<msg timestamp="20221106 02:17:50.409" level="INFO">${check_id_match} = False</msg>
<status status="PASS" starttime="20221106 02:17:50.409" endtime="20221106 02:17:50.409"/>
</kw>
<kw name="Log To Console" library="BuiltIn">
<arg>message123213131</arg>
<doc>Logs the given message to the console.</doc>
<status status="PASS" starttime="20221106 02:17:50.409" endtime="20221106 02:17:50.409"/>
</kw>
<if>
<branch type="IF" condition="${check_id_match}">
<kw name="Log To Console" library="BuiltIn">
<arg>${index}</arg>
<doc>Logs the given message to the console.</doc>
<status status="NOT RUN" starttime="20221106 02:17:50.409" endtime="20221106 02:17:50.409"/>
</kw>
<kw name="Get Text" library="SeleniumLibrary">
<var>${hero_relief_from_table}</var>
<arg>xpath://*[@id="contents"]/div[2]/table/tbody/tr[${index}]/td[2]</arg>
<doc>Returns the text value of the element identified by ``locator``.</doc>
<status status="NOT RUN" starttime="20221106 02:17:50.409" endtime="20221106 02:17:50.409"/>
</kw>
<status status="NOT RUN" starttime="20221106 02:17:50.409" endtime="20221106 02:17:50.409"/>
</branch>
<status status="PASS" starttime="20221106 02:17:50.409" endtime="20221106 02:17:50.409"/>
</if>
<status status="PASS" starttime="20221106 02:17:50.393" endtime="20221106 02:17:50.409"/>
</iter>
<iter>
<var name="${index}">35</var>
<kw name="Get Text" library="SeleniumLibrary">
<var>${var}</var>
<arg>xpath://*[@id="contents"]/div[2]/table/tbody/tr[${index}]/td[1]</arg>
<doc>Returns the text value of the element identified by ``locator``.</doc>
<msg timestamp="20221106 02:17:50.425" level="INFO">${var} = 0007</msg>
<status status="PASS" starttime="20221106 02:17:50.409" endtime="20221106 02:17:50.425"/>
</kw>
<kw name="Check Two National Id" library="Helpfunction">
<var>${check_id_match}</var>
<arg>${national_id}</arg>
<arg>${var}</arg>
<msg timestamp="20221106 02:17:50.425" level="INFO">${check_id_match} = True</msg>
<status status="PASS" starttime="20221106 02:17:50.425" endtime="20221106 02:17:50.425"/>
</kw>
<kw name="Log To Console" library="BuiltIn">
<arg>message123213131</arg>
<doc>Logs the given message to the console.</doc>
<status status="PASS" starttime="20221106 02:17:50.425" endtime="20221106 02:17:50.425"/>
</kw>
<if>
<branch type="IF" condition="${check_id_match}">
<kw name="Log To Console" library="BuiltIn">
<arg>${index}</arg>
<doc>Logs the given message to the console.</doc>
<status status="PASS" starttime="20221106 02:17:50.425" endtime="20221106 02:17:50.425"/>
</kw>
<kw name="Get Text" library="SeleniumLibrary">
<var>${hero_relief_from_table}</var>
<arg>xpath://*[@id="contents"]/div[2]/table/tbody/tr[${index}]/td[2]</arg>
<doc>Returns the text value of the element identified by ``locator``.</doc>
<msg timestamp="20221106 02:17:50.440" level="INFO">${hero_relief_from_table} = 0</msg>
<status status="PASS" starttime="20221106 02:17:50.425" endtime="20221106 02:17:50.440"/>
</kw>
<status status="PASS" starttime="20221106 02:17:50.425" endtime="20221106 02:17:50.440"/>
</branch>
<status status="PASS" starttime="20221106 02:17:50.425" endtime="20221106 02:17:50.440"/>
</if>
<status status="PASS" starttime="20221106 02:17:50.409" endtime="20221106 02:17:50.440"/>
</iter>
<status status="PASS" starttime="20221106 02:17:49.801" endtime="20221106 02:17:50.440"/>
</for>
<kw name="Log To Console" library="BuiltIn">
<arg>FDAFFAFASFDASFSAFASFASDFADSF</arg>
<doc>Logs the given message to the console.</doc>
<status status="PASS" starttime="20221106 02:17:50.440" endtime="20221106 02:17:50.441"/>
</kw>
<kw name="Log To Console" library="BuiltIn">
<arg>${hero_relief_from_table}</arg>
<doc>Logs the given message to the console.</doc>
<status status="PASS" starttime="20221106 02:17:50.441" endtime="20221106 02:17:50.441"/>
</kw>
<kw name="Get User Relief" library="Helpfunction">
<var>${hero_relief_from_databaase}</var>
<arg>${national_id}</arg>
<msg timestamp="20221106 02:17:50.447" level="INFO">${hero_relief_from_databaase} = 0</msg>
<status status="PASS" starttime="20221106 02:17:50.441" endtime="20221106 02:17:50.447"/>
</kw>
<kw name="Log To Console" library="BuiltIn">
<arg>${hero_relief_from_databaase}</arg>
<doc>Logs the given message to the console.</doc>
<status status="PASS" starttime="20221106 02:17:50.447" endtime="20221106 02:17:50.447"/>
</kw>
<if>
<branch type="IF" condition="${hero_relief_from_databaase} == ${hero_relief_from_table}">
<kw name="Pass Execution" library="BuiltIn">
<arg>Bookeeper is able to retrieve 1 user with zero relief</arg>
<doc>Skips rest of the current test, setup, or teardown with PASS status.</doc>
<msg timestamp="20221106 02:17:50.447" level="INFO">Execution passed with message:
Bookeeper is able to retrieve 1 user with zero relief</msg>
<status status="PASS" starttime="20221106 02:17:50.447" endtime="20221106 02:17:50.448"/>
</kw>
<status status="PASS" starttime="20221106 02:17:50.447" endtime="20221106 02:17:50.448"/>
</branch>
<branch type="ELSE">
<kw name="Fail" library="BuiltIn">
<doc>Fails the test with the given message and optionally alters its tags.</doc>
<status status="NOT RUN" starttime="20221106 02:17:50.448" endtime="20221106 02:17:50.448"/>
</kw>
<status status="NOT RUN" starttime="20221106 02:17:50.448" endtime="20221106 02:17:50.448"/>
</branch>
<status status="PASS" starttime="20221106 02:17:50.447" endtime="20221106 02:17:50.448"/>
</if>
<kw name="Get Browser Console Log Entries" library="resources">
<var>${log entries}</var>
<status status="NOT RUN" starttime="20221106 02:17:50.448" endtime="20221106 02:17:50.448"/>
</kw>
<kw name="Log" library="BuiltIn">
<arg>${log entries}</arg>
<doc>Logs the given message with the given level.</doc>
<status status="NOT RUN" starttime="20221106 02:17:50.448" endtime="20221106 02:17:50.448"/>
</kw>
<doc>This test case verifies the initial settings for the table for The Oppenheimer Project</doc>
<tag>Initial</tag>
<status status="PASS" starttime="20221106 02:17:47.094" endtime="20221106 02:17:50.448">Bookeeper is able to retrieve 1 user with zero relief</status>
</test>
<doc>Login Functionality</doc>
<status status="PASS" starttime="20221106 02:17:47.091" endtime="20221106 02:17:50.449"/>
</suite>
<status status="PASS" starttime="20221106 02:17:34.718" endtime="20221106 02:17:50.449"/>
</suite>
<status status="PASS" starttime="20221106 02:17:15.753" endtime="20221106 02:17:50.450"/>
</suite>
<kw name="Run Keyword And Ignore Error" library="BuiltIn" type="TEARDOWN">
<arg>Suite shutdown</arg>
<doc>Runs the given keyword with the given arguments and ignores possible error.</doc>
<kw name="Suite shutdown">
<kw name="Close All Browsers" library="SeleniumLibrary">
<doc>Closes all open browsers and resets the browser cache.</doc>
<status status="PASS" starttime="20221106 02:17:50.451" endtime="20221106 02:17:50.584"/>
</kw>
<status status="PASS" starttime="20221106 02:17:50.451" endtime="20221106 02:17:50.584"/>
</kw>
<status status="PASS" starttime="20221106 02:17:50.451" endtime="20221106 02:17:50.584"/>
</kw>
<status status="PASS" starttime="20221106 02:17:03.722" endtime="20221106 02:17:50.584"/>
</suite>
<statistics>
<total>
<stat pass="14" fail="0" skip="0">All Tests</stat>
</total>
<tag>
<stat pass="14" fail="0" skip="0">Initial</stat>
</tag>
<suite>
<stat pass="14" fail="0" skip="0" id="s1" name="Kenneth Robot Assignment">Kenneth Robot Assignment</stat>
<stat pass="14" fail="0" skip="0" id="s1-s1" name="Test">Kenneth Robot Assignment.Test</stat>
<stat pass="1" fail="0" skip="0" id="s1-s1-s1" name="Clerk Test">Kenneth Robot Assignment.Test.Clerk Test</stat>
<stat pass="1" fail="0" skip="0" id="s1-s1-s1-s1" name="Robottest Copy">Kenneth Robot Assignment.Test.Clerk Test.Robottest Copy</stat>
<stat pass="8" fail="0" skip="0" id="s1-s1-s2" name="Initialisation">Kenneth Robot Assignment.Test.Initialisation</stat>
<stat pass="4" fail="0" skip="0" id="s1-s1-s2-s1" name="0001 Initial Page Before Clerk Entry Test">Kenneth Robot Assignment.Test.Initialisation.0001 Initial Page Before Clerk Entry Test</stat>
<stat pass="3" fail="0" skip="0" id="s1-s1-s2-s2" name="0002 initial financial calculation for Bookeepers">Kenneth Robot Assignment.Test.Initialisation.0002 initial financial calculation for Bookeepers</stat>
<stat pass="1" fail="0" skip="0" id="s1-s1-s2-s3" name="0003 Initial Check For Governors To Dispense">Kenneth Robot Assignment.Test.Initialisation.0003 Initial Check For Governors To Dispense</stat>
<stat pass="5" fail="0" skip="0" id="s1-s1-s3" name="ZeroRelief">Kenneth Robot Assignment.Test.ZeroRelief</stat>
<stat pass="4" fail="0" skip="0" id="s1-s1-s3-s1" name="0004 Clerk Upload Zero Relief Test">Kenneth Robot Assignment.Test.ZeroRelief.0004 Clerk Upload Zero Relief Test</stat>
<stat pass="1" fail="0" skip="0" id="s1-s1-s3-s2" name="0005 Bookeepers Management Of Zero Relief">Kenneth Robot Assignment.Test.ZeroRelief.0005 Bookeepers Management Of Zero Relief</stat>
</suite>
</statistics>
<errors>
<msg timestamp="20221106 02:17:23.989" level="WARN">Keyword 'Element Text Should Be' found both from a custom library 'SeleniumLibrary' and a standard library 'XML'. The custom keyword is used. To select explicitly, and to get rid of this warning, use either 'SeleniumLibrary.Element Text Should Be' or 'XML.Element Text Should Be'.</msg>
</errors>
</robot>
